未在文法中使用終結語詞

    LEQ
    CONTINUE
    NEG


規則由於衝突而在剖析器中無用

    3 Program: ε


狀態 0 衝突：1 項縮減/縮減
狀態 2 衝突：1 項偏移/縮減
狀態 4 衝突：1 項偏移/縮減
狀態 5 衝突：1 項偏移/縮減，1 項縮減/縮減
狀態 24 衝突：2 項偏移/縮減
狀態 37 衝突：1 項偏移/縮減
狀態 41 衝突：1 項偏移/縮減
狀態 57 衝突：1 項偏移/縮減
狀態 60 衝突：1 項偏移/縮減
狀態 103 衝突：1 項偏移/縮減
狀態 115 衝突：38 項縮減/縮減
狀態 122 衝突：1 項偏移/縮減
狀態 131 衝突：10 項偏移/縮減
狀態 136 衝突：1 項偏移/縮減
狀態 166 衝突：1 項偏移/縮減
狀態 183 衝突：1 項偏移/縮減
狀態 187 衝突：1 項偏移/縮減
狀態 194 衝突：19 項偏移/縮減，1 項縮減/縮減
狀態 198 衝突：1 項偏移/縮減
狀態 200 衝突：1 項偏移/縮減
狀態 202 衝突：1 項偏移/縮減
狀態 203 衝突：1 項偏移/縮減
狀態 204 衝突：1 項偏移/縮減
狀態 209 衝突：1 項偏移/縮減


文法

    0 $accept: Program $end

    1 $@1: ε

    2 Program: $@1 GlobalStmtList
    3        | ε

    4 GlobalStmtList: GlobalStmtList GlobalStmt
    5               | GlobalStmt

    6 GlobalStmt: DefineVariableStmt
    7           | FunctionDefStmt

    8 $@2: ε

    9 DefineVariableStmt: VARIABLE_T $@2 DefineVariableStmtList
   10                   | ε

   11 DefineVariableStmtList: DefineVariableStmtList ',' IDENT
   12                       | DefineVariableStmtList ',' IDENT VAL_ASSIGN Expression
   13                       | IDENT
   14                       | IDENT VAL_ASSIGN Expression

   15 $@3: ε

   16 DefineVariableStmtList: IDENT ArrayParameterStmt VAL_ASSIGN '{' $@3 Callist '}'
   17                       | IDENT ArrayParameterStmt
   18                       | IDENT ArrayParameterStmt ArrayParameterStmt

   19 $@4: ε

   20 $@5: ε

   21 $@6: ε

   22 FunctionDefStmt: VARIABLE_T IDENT $@4 '(' $@5 FunctionParameterStmtList $@6 ')' '{' StmtList '}'

   23 FunctionParameterStmtList: FunctionParameterStmtList ',' FunctionParameterStmt
   24                          | FunctionParameterStmt
   25                          | ε

   26 FunctionParameterStmt: VARIABLE_T IDENT
   27                      | VARIABLE_T IDENT ArrayParameterStmt

   28 StmtList: StmtList Stmt
   29         | Stmt

   30 Stmt: ';'
   31     | COUT CoutParmListStmt ';'
   32     | RETURN Expression ';'
   33     | assignvar ';'
   34     | DefineVariableStmt ';'

   35 $@7: ε

   36 Stmt: IF '(' Expression $@7 ')' ifStmt

   37 $@8: ε

   38 Stmt: ELSE $@8 '{' StmtList '}'

   39 $@9: ε

   40 $@10: ε

   41 Stmt: WHILE '(' $@9 CalculateFun ')' '{' $@10 StmtList '}'

   42 $@11: ε

   43 Stmt: FOR '(' $@11 forParm ')' '{' StmtList '}'
   44     | BREAK
   45     | RETURN
   46     | Expression

   47 forParm: DefineVariableStmt ';' CalculateFun ';' AddAdd
   48        | DefineVariableStmt ':' CalculateFun

   49 $@12: ε

   50 ifStmt: '{' $@12 StmtList '}'
   51       | StmtList

   52 CoutParmListStmt: CoutParmListStmt SHL Expression
   53                 | SHL Expression

   54 ArrayParameterStmt: '[' term ']'
   55                   | '[' ']'

   56 Expression: '(' Expression ')'
   57           | ArrayParameterStmt
   58           | CalculateFun
   59           | IDENT '(' Callist ')'
   60           | IDENT dimension

   61 dimension: dimension '[' term ']'
   62          | '[' term ']'

   63 Callist: CalculateFun ',' Callist
   64        | CalculateFun
   65        | ε

   66 CalculateFun: factor6
   67             | CalculateFun LOR factor6

   68 factor6: factor5
   69        | factor6 LAN factor5

   70 factor5: factor4
   71        | factor5 BAN factor4
   72        | factor5 BOR factor4
   73        | factor5 BXO factor4

   74 factor4: factor3
   75        | factor4 GTR factor3
   76        | factor4 LES factor3
   77        | factor4 NEQ factor3
   78        | factor4 EQL factor3
   79        | factor4 GEQ factor3

   80 factor3: factor2
   81        | factor3 SHR factor2

   82 factor2: factor
   83        | factor2 ADD factor
   84        | factor2 SUB factor

   85 factor: sign
   86       | factor DIV sign
   87       | factor MUL sign
   88       | factor REM sign

   89 sign: term
   90     | SUB term
   91     | NOT term
   92     | NOT NOT term
   93     | BNT term

   94 term: '(' CalculateFun ')'
   95     | '(' VARIABLE_T ')' sign
   96     | INT_LIT
   97     | FLOAT_LIT
   98     | BOOL_LIT
   99     | IDENT
  100     | STR_LIT
  101     | IDENT '(' Callist ')'

  102 assignvar: Expression VAL_ASSIGN Expression
  103          | Expression ADD_ASSIGN Expression
  104          | Expression SUB_ASSIGN Expression
  105          | Expression MUL_ASSIGN Expression
  106          | Expression DIV_ASSIGN Expression
  107          | Expression REM_ASSIGN Expression
  108          | Expression SHR_ASSIGN Expression
  109          | Expression SHL_ASSIGN Expression
  110          | Expression BAN_ASSIGN Expression
  111          | Expression BOR_ASSIGN Expression
  112          | Expression BXO_ASSIGN Expression

  113 AddAdd: Expression INC_ASSIGN
  114       | Expression DEC_ASSIGN
  115       | assignvar


終結語詞，附有它們出現處的規則

    $end (0) 0
    '(' (40) 22 36 41 43 56 59 94 95 101
    ')' (41) 22 36 41 43 56 59 94 95 101
    ',' (44) 11 12 23 63
    ':' (58) 48
    ';' (59) 30 31 32 33 34 47
    '[' (91) 54 55 61 62
    ']' (93) 54 55 61 62
    '{' (123) 16 22 38 41 43 50
    '}' (125) 16 22 38 41 43 50
    error (256)
    COUT (258) 31
    SHR (259) 81
    SHL (260) 52 53
    BAN (261) 71
    BOR (262) 72
    BNT (263) 93
    BXO (264) 73
    ADD (265) 83
    SUB (266) 84 90
    MUL (267) 87
    DIV (268) 86
    REM (269) 88
    NOT (270) 91 92
    GTR (271) 75
    LES (272) 76
    GEQ (273) 79
    LEQ (274)
    EQL (275) 78
    NEQ (276) 77
    LAN (277) 69
    LOR (278) 67
    VAL_ASSIGN (279) 12 14 16 102
    ADD_ASSIGN (280) 103
    SUB_ASSIGN (281) 104
    MUL_ASSIGN (282) 105
    DIV_ASSIGN (283) 106
    REM_ASSIGN (284) 107
    BAN_ASSIGN (285) 110
    BOR_ASSIGN (286) 111
    BXO_ASSIGN (287) 112
    SHR_ASSIGN (288) 108
    SHL_ASSIGN (289) 109
    INC_ASSIGN (290) 113
    DEC_ASSIGN (291) 114
    IF (292) 36
    ELSE (293) 38
    FOR (294) 43
    WHILE (295) 41
    RETURN (296) 32 45
    BREAK (297) 44
    CONTINUE (298)
    VARIABLE_T <var_type> (299) 9 22 26 27 95
    IDENT <s_var> (300) 11 12 13 14 16 17 18 22 26 27 59 60 99 101
    STR_LIT <s_val > (301) 100
    FLOAT_LIT <f_var> (302) 97
    INT_LIT <i_var> (303) 96
    BOOL_LIT <b_var> (304) 98
    NEG (305)


非終結語詞，附有它們出現處的規則

    $accept (60)
        於左側： 0
    Program (61)
        於左側： 2 3
        於右側： 0
    $@1 (62)
        於左側： 1
        於右側： 2
    GlobalStmtList (63)
        於左側： 4 5
        於右側： 2 4
    GlobalStmt (64)
        於左側： 6 7
        於右側： 4 5
    DefineVariableStmt (65)
        於左側： 9 10
        於右側： 6 34 47 48
    $@2 (66)
        於左側： 8
        於右側： 9
    DefineVariableStmtList (67)
        於左側： 11 12 13 14 16 17 18
        於右側： 9 11 12
    $@3 (68)
        於左側： 15
        於右側： 16
    FunctionDefStmt (69)
        於左側： 22
        於右側： 7
    $@4 (70)
        於左側： 19
        於右側： 22
    $@5 (71)
        於左側： 20
        於右側： 22
    $@6 (72)
        於左側： 21
        於右側： 22
    FunctionParameterStmtList (73)
        於左側： 23 24 25
        於右側： 22 23
    FunctionParameterStmt <object_val> (74)
        於左側： 26 27
        於右側： 23 24
    StmtList (75)
        於左側： 28 29
        於右側： 22 28 38 41 43 50 51
    Stmt (76)
        於左側： 30 31 32 33 34 36 38 41 43 44 45 46
        於右側： 28 29
    $@7 (77)
        於左側： 35
        於右側： 36
    $@8 (78)
        於左側： 37
        於右側： 38
    $@9 (79)
        於左側： 39
        於右側： 41
    $@10 (80)
        於左側： 40
        於右側： 41
    $@11 (81)
        於左側： 42
        於右側： 43
    forParm (82)
        於左側： 47 48
        於右側： 43
    ifStmt (83)
        於左側： 50 51
        於右側： 36
    $@12 (84)
        於左側： 49
        於右側： 50
    CoutParmListStmt (85)
        於左側： 52 53
        於右側： 31 52
    ArrayParameterStmt <i_var> (86)
        於左側： 54 55
        於右側： 16 17 18 27 57
    Expression <object_val> (87)
        於左側： 56 57 58 59 60
        於右側： 12 14 32 36 46 52 53 56 102 103 104 105 106 107 108 109 110 111 112 113 114
    dimension (88)
        於左側： 61 62
        於右側： 60 61
    Callist (89)
        於左側： 63 64 65
        於右側： 16 59 63 101
    CalculateFun <object_val> (90)
        於左側： 66 67
        於右側： 41 47 48 58 63 64 67 94
    factor6 <object_val> (91)
        於左側： 68 69
        於右側： 66 67 69
    factor5 <object_val> (92)
        於左側： 70 71 72 73
        於右側： 68 69 71 72 73
    factor4 <object_val> (93)
        於左側： 74 75 76 77 78 79
        於右側： 70 71 72 73 75 76 77 78 79
    factor3 <object_val> (94)
        於左側： 80 81
        於右側： 74 75 76 77 78 79 81
    factor2 <object_val> (95)
        於左側： 82 83 84
        於右側： 80 81 83 84
    factor <object_val> (96)
        於左側： 85 86 87 88
        於右側： 82 83 84 86 87 88
    sign <object_val> (97)
        於左側： 89 90 91 92 93
        於右側： 85 86 87 88 95
    term <object_val> (98)
        於左側： 94 95 96 97 98 99 100 101
        於右側： 54 61 62 89 90 91 92 93
    assignvar (99)
        於左側： 102 103 104 105 106 107 108 109 110 111 112
        於右側： 33 115
    AddAdd (100)
        於左側： 113 114 115
        於右側： 47


狀態 0

    0 $accept: • Program $end

    $end      使用規則 1 以縮減 ($@1)
    $end      [使用規則 3 以縮減 (Program)]
    $default  使用規則 1 以縮減 ($@1)

    Program  進入狀態 1
    $@1      進入狀態 2


狀態 1

    0 $accept: Program • $end

    $end  偏移，並進入狀態 3


狀態 2

    2 Program: $@1 • GlobalStmtList

    VARIABLE_T  偏移，並進入狀態 4

    VARIABLE_T  [使用規則 10 以縮減 (DefineVariableStmt)]
    $default    使用規則 10 以縮減 (DefineVariableStmt)

    GlobalStmtList      進入狀態 5
    GlobalStmt          進入狀態 6
    DefineVariableStmt  進入狀態 7
    FunctionDefStmt     進入狀態 8


狀態 3

    0 $accept: Program $end •

    $default  接受


狀態 4

    9 DefineVariableStmt: VARIABLE_T • $@2 DefineVariableStmtList
   22 FunctionDefStmt: VARIABLE_T • IDENT $@4 '(' $@5 FunctionParameterStmtList $@6 ')' '{' StmtList '}'

    IDENT  偏移，並進入狀態 9

    IDENT  [使用規則 8 以縮減 ($@2)]

    $@2  進入狀態 10


狀態 5

    2 Program: $@1 GlobalStmtList •
    4 GlobalStmtList: GlobalStmtList • GlobalStmt

    VARIABLE_T  偏移，並進入狀態 4

    $end        使用規則 2 以縮減 (Program)
    $end        [使用規則 10 以縮減 (DefineVariableStmt)]
    VARIABLE_T  [使用規則 10 以縮減 (DefineVariableStmt)]
    $default    使用規則 2 以縮減 (Program)

    GlobalStmt          進入狀態 11
    DefineVariableStmt  進入狀態 7
    FunctionDefStmt     進入狀態 8


狀態 6

    5 GlobalStmtList: GlobalStmt •

    $default  使用規則 5 以縮減 (GlobalStmtList)


狀態 7

    6 GlobalStmt: DefineVariableStmt •

    $default  使用規則 6 以縮減 (GlobalStmt)


狀態 8

    7 GlobalStmt: FunctionDefStmt •

    $default  使用規則 7 以縮減 (GlobalStmt)


狀態 9

   22 FunctionDefStmt: VARIABLE_T IDENT • $@4 '(' $@5 FunctionParameterStmtList $@6 ')' '{' StmtList '}'

    $default  使用規則 19 以縮減 ($@4)

    $@4  進入狀態 12


狀態 10

    9 DefineVariableStmt: VARIABLE_T $@2 • DefineVariableStmtList

    IDENT  偏移，並進入狀態 13

    DefineVariableStmtList  進入狀態 14


狀態 11

    4 GlobalStmtList: GlobalStmtList GlobalStmt •

    $default  使用規則 4 以縮減 (GlobalStmtList)


狀態 12

   22 FunctionDefStmt: VARIABLE_T IDENT $@4 • '(' $@5 FunctionParameterStmtList $@6 ')' '{' StmtList '}'

    '('  偏移，並進入狀態 15


狀態 13

   13 DefineVariableStmtList: IDENT •
   14                       | IDENT • VAL_ASSIGN Expression
   16                       | IDENT • ArrayParameterStmt VAL_ASSIGN '{' $@3 Callist '}'
   17                       | IDENT • ArrayParameterStmt
   18                       | IDENT • ArrayParameterStmt ArrayParameterStmt

    VAL_ASSIGN  偏移，並進入狀態 16
    '['         偏移，並進入狀態 17

    $default  使用規則 13 以縮減 (DefineVariableStmtList)

    ArrayParameterStmt  進入狀態 18


狀態 14

    9 DefineVariableStmt: VARIABLE_T $@2 DefineVariableStmtList •
   11 DefineVariableStmtList: DefineVariableStmtList • ',' IDENT
   12                       | DefineVariableStmtList • ',' IDENT VAL_ASSIGN Expression

    ','  偏移，並進入狀態 19

    $default  使用規則 9 以縮減 (DefineVariableStmt)


狀態 15

   22 FunctionDefStmt: VARIABLE_T IDENT $@4 '(' • $@5 FunctionParameterStmtList $@6 ')' '{' StmtList '}'

    $default  使用規則 20 以縮減 ($@5)

    $@5  進入狀態 20


狀態 16

   14 DefineVariableStmtList: IDENT VAL_ASSIGN • Expression

    BNT        偏移，並進入狀態 21
    SUB        偏移，並進入狀態 22
    NOT        偏移，並進入狀態 23
    IDENT      偏移，並進入狀態 24
    STR_LIT    偏移，並進入狀態 25
    FLOAT_LIT  偏移，並進入狀態 26
    INT_LIT    偏移，並進入狀態 27
    BOOL_LIT   偏移，並進入狀態 28
    '('        偏移，並進入狀態 29
    '['        偏移，並進入狀態 17

    ArrayParameterStmt  進入狀態 30
    Expression          進入狀態 31
    CalculateFun        進入狀態 32
    factor6             進入狀態 33
    factor5             進入狀態 34
    factor4             進入狀態 35
    factor3             進入狀態 36
    factor2             進入狀態 37
    factor              進入狀態 38
    sign                進入狀態 39
    term                進入狀態 40


狀態 17

   54 ArrayParameterStmt: '[' • term ']'
   55                   | '[' • ']'

    IDENT      偏移，並進入狀態 41
    STR_LIT    偏移，並進入狀態 25
    FLOAT_LIT  偏移，並進入狀態 26
    INT_LIT    偏移，並進入狀態 27
    BOOL_LIT   偏移，並進入狀態 28
    '('        偏移，並進入狀態 42
    ']'        偏移，並進入狀態 43

    term  進入狀態 44


狀態 18

   16 DefineVariableStmtList: IDENT ArrayParameterStmt • VAL_ASSIGN '{' $@3 Callist '}'
   17                       | IDENT ArrayParameterStmt •
   18                       | IDENT ArrayParameterStmt • ArrayParameterStmt

    VAL_ASSIGN  偏移，並進入狀態 45
    '['         偏移，並進入狀態 17

    $default  使用規則 17 以縮減 (DefineVariableStmtList)

    ArrayParameterStmt  進入狀態 46


狀態 19

   11 DefineVariableStmtList: DefineVariableStmtList ',' • IDENT
   12                       | DefineVariableStmtList ',' • IDENT VAL_ASSIGN Expression

    IDENT  偏移，並進入狀態 47


狀態 20

   22 FunctionDefStmt: VARIABLE_T IDENT $@4 '(' $@5 • FunctionParameterStmtList $@6 ')' '{' StmtList '}'

    VARIABLE_T  偏移，並進入狀態 48

    $default  使用規則 25 以縮減 (FunctionParameterStmtList)

    FunctionParameterStmtList  進入狀態 49
    FunctionParameterStmt      進入狀態 50


狀態 21

   93 sign: BNT • term

    IDENT      偏移，並進入狀態 41
    STR_LIT    偏移，並進入狀態 25
    FLOAT_LIT  偏移，並進入狀態 26
    INT_LIT    偏移，並進入狀態 27
    BOOL_LIT   偏移，並進入狀態 28
    '('        偏移，並進入狀態 42

    term  進入狀態 51


狀態 22

   90 sign: SUB • term

    IDENT      偏移，並進入狀態 41
    STR_LIT    偏移，並進入狀態 25
    FLOAT_LIT  偏移，並進入狀態 26
    INT_LIT    偏移，並進入狀態 27
    BOOL_LIT   偏移，並進入狀態 28
    '('        偏移，並進入狀態 42

    term  進入狀態 52


狀態 23

   91 sign: NOT • term
   92     | NOT • NOT term

    NOT        偏移，並進入狀態 53
    IDENT      偏移，並進入狀態 41
    STR_LIT    偏移，並進入狀態 25
    FLOAT_LIT  偏移，並進入狀態 26
    INT_LIT    偏移，並進入狀態 27
    BOOL_LIT   偏移，並進入狀態 28
    '('        偏移，並進入狀態 42

    term  進入狀態 54


狀態 24

   59 Expression: IDENT • '(' Callist ')'
   60           | IDENT • dimension
   99 term: IDENT •
  101     | IDENT • '(' Callist ')'

    '('  偏移，並進入狀態 55
    '['  偏移，並進入狀態 56

    '('       [使用規則 99 以縮減 (term)]
    '['       [使用規則 99 以縮減 (term)]
    $default  使用規則 99 以縮減 (term)

    dimension  進入狀態 57


狀態 25

  100 term: STR_LIT •

    $default  使用規則 100 以縮減 (term)


狀態 26

   97 term: FLOAT_LIT •

    $default  使用規則 97 以縮減 (term)


狀態 27

   96 term: INT_LIT •

    $default  使用規則 96 以縮減 (term)


狀態 28

   98 term: BOOL_LIT •

    $default  使用規則 98 以縮減 (term)


狀態 29

   56 Expression: '(' • Expression ')'
   94 term: '(' • CalculateFun ')'
   95     | '(' • VARIABLE_T ')' sign

    BNT         偏移，並進入狀態 21
    SUB         偏移，並進入狀態 22
    NOT         偏移，並進入狀態 23
    VARIABLE_T  偏移，並進入狀態 58
    IDENT       偏移，並進入狀態 24
    STR_LIT     偏移，並進入狀態 25
    FLOAT_LIT   偏移，並進入狀態 26
    INT_LIT     偏移，並進入狀態 27
    BOOL_LIT    偏移，並進入狀態 28
    '('         偏移，並進入狀態 29
    '['         偏移，並進入狀態 17

    ArrayParameterStmt  進入狀態 30
    Expression          進入狀態 59
    CalculateFun        進入狀態 60
    factor6             進入狀態 33
    factor5             進入狀態 34
    factor4             進入狀態 35
    factor3             進入狀態 36
    factor2             進入狀態 37
    factor              進入狀態 38
    sign                進入狀態 39
    term                進入狀態 40


狀態 30

   57 Expression: ArrayParameterStmt •

    $default  使用規則 57 以縮減 (Expression)


狀態 31

   14 DefineVariableStmtList: IDENT VAL_ASSIGN Expression •

    $default  使用規則 14 以縮減 (DefineVariableStmtList)


狀態 32

   58 Expression: CalculateFun •
   67 CalculateFun: CalculateFun • LOR factor6

    LOR  偏移，並進入狀態 61

    $default  使用規則 58 以縮減 (Expression)


狀態 33

   66 CalculateFun: factor6 •
   69 factor6: factor6 • LAN factor5

    LAN  偏移，並進入狀態 62

    $default  使用規則 66 以縮減 (CalculateFun)


狀態 34

   68 factor6: factor5 •
   71 factor5: factor5 • BAN factor4
   72        | factor5 • BOR factor4
   73        | factor5 • BXO factor4

    BAN  偏移，並進入狀態 63
    BOR  偏移，並進入狀態 64
    BXO  偏移，並進入狀態 65

    $default  使用規則 68 以縮減 (factor6)


狀態 35

   70 factor5: factor4 •
   75 factor4: factor4 • GTR factor3
   76        | factor4 • LES factor3
   77        | factor4 • NEQ factor3
   78        | factor4 • EQL factor3
   79        | factor4 • GEQ factor3

    GTR  偏移，並進入狀態 66
    LES  偏移，並進入狀態 67
    GEQ  偏移，並進入狀態 68
    EQL  偏移，並進入狀態 69
    NEQ  偏移，並進入狀態 70

    $default  使用規則 70 以縮減 (factor5)


狀態 36

   74 factor4: factor3 •
   81 factor3: factor3 • SHR factor2

    SHR  偏移，並進入狀態 71

    $default  使用規則 74 以縮減 (factor4)


狀態 37

   80 factor3: factor2 •
   83 factor2: factor2 • ADD factor
   84        | factor2 • SUB factor

    ADD  偏移，並進入狀態 72
    SUB  偏移，並進入狀態 73

    SUB       [使用規則 80 以縮減 (factor3)]
    $default  使用規則 80 以縮減 (factor3)


狀態 38

   82 factor2: factor •
   86 factor: factor • DIV sign
   87       | factor • MUL sign
   88       | factor • REM sign

    MUL  偏移，並進入狀態 74
    DIV  偏移，並進入狀態 75
    REM  偏移，並進入狀態 76

    $default  使用規則 82 以縮減 (factor2)


狀態 39

   85 factor: sign •

    $default  使用規則 85 以縮減 (factor)


狀態 40

   89 sign: term •

    $default  使用規則 89 以縮減 (sign)


狀態 41

   99 term: IDENT •
  101     | IDENT • '(' Callist ')'

    '('  偏移，並進入狀態 77

    '('       [使用規則 99 以縮減 (term)]
    $default  使用規則 99 以縮減 (term)


狀態 42

   94 term: '(' • CalculateFun ')'
   95     | '(' • VARIABLE_T ')' sign

    BNT         偏移，並進入狀態 21
    SUB         偏移，並進入狀態 22
    NOT         偏移，並進入狀態 23
    VARIABLE_T  偏移，並進入狀態 58
    IDENT       偏移，並進入狀態 41
    STR_LIT     偏移，並進入狀態 25
    FLOAT_LIT   偏移，並進入狀態 26
    INT_LIT     偏移，並進入狀態 27
    BOOL_LIT    偏移，並進入狀態 28
    '('         偏移，並進入狀態 42

    CalculateFun  進入狀態 78
    factor6       進入狀態 33
    factor5       進入狀態 34
    factor4       進入狀態 35
    factor3       進入狀態 36
    factor2       進入狀態 37
    factor        進入狀態 38
    sign          進入狀態 39
    term          進入狀態 40


狀態 43

   55 ArrayParameterStmt: '[' ']' •

    $default  使用規則 55 以縮減 (ArrayParameterStmt)


狀態 44

   54 ArrayParameterStmt: '[' term • ']'

    ']'  偏移，並進入狀態 79


狀態 45

   16 DefineVariableStmtList: IDENT ArrayParameterStmt VAL_ASSIGN • '{' $@3 Callist '}'

    '{'  偏移，並進入狀態 80


狀態 46

   18 DefineVariableStmtList: IDENT ArrayParameterStmt ArrayParameterStmt •

    $default  使用規則 18 以縮減 (DefineVariableStmtList)


狀態 47

   11 DefineVariableStmtList: DefineVariableStmtList ',' IDENT •
   12                       | DefineVariableStmtList ',' IDENT • VAL_ASSIGN Expression

    VAL_ASSIGN  偏移，並進入狀態 81

    $default  使用規則 11 以縮減 (DefineVariableStmtList)


狀態 48

   26 FunctionParameterStmt: VARIABLE_T • IDENT
   27                      | VARIABLE_T • IDENT ArrayParameterStmt

    IDENT  偏移，並進入狀態 82


狀態 49

   22 FunctionDefStmt: VARIABLE_T IDENT $@4 '(' $@5 FunctionParameterStmtList • $@6 ')' '{' StmtList '}'
   23 FunctionParameterStmtList: FunctionParameterStmtList • ',' FunctionParameterStmt

    ','  偏移，並進入狀態 83

    $default  使用規則 21 以縮減 ($@6)

    $@6  進入狀態 84


狀態 50

   24 FunctionParameterStmtList: FunctionParameterStmt •

    $default  使用規則 24 以縮減 (FunctionParameterStmtList)


狀態 51

   93 sign: BNT term •

    $default  使用規則 93 以縮減 (sign)


狀態 52

   90 sign: SUB term •

    $default  使用規則 90 以縮減 (sign)


狀態 53

   92 sign: NOT NOT • term

    IDENT      偏移，並進入狀態 41
    STR_LIT    偏移，並進入狀態 25
    FLOAT_LIT  偏移，並進入狀態 26
    INT_LIT    偏移，並進入狀態 27
    BOOL_LIT   偏移，並進入狀態 28
    '('        偏移，並進入狀態 42

    term  進入狀態 85


狀態 54

   91 sign: NOT term •

    $default  使用規則 91 以縮減 (sign)


狀態 55

   59 Expression: IDENT '(' • Callist ')'
  101 term: IDENT '(' • Callist ')'

    BNT        偏移，並進入狀態 21
    SUB        偏移，並進入狀態 22
    NOT        偏移，並進入狀態 23
    IDENT      偏移，並進入狀態 41
    STR_LIT    偏移，並進入狀態 25
    FLOAT_LIT  偏移，並進入狀態 26
    INT_LIT    偏移，並進入狀態 27
    BOOL_LIT   偏移，並進入狀態 28
    '('        偏移，並進入狀態 42

    $default  使用規則 65 以縮減 (Callist)

    Callist       進入狀態 86
    CalculateFun  進入狀態 87
    factor6       進入狀態 33
    factor5       進入狀態 34
    factor4       進入狀態 35
    factor3       進入狀態 36
    factor2       進入狀態 37
    factor        進入狀態 38
    sign          進入狀態 39
    term          進入狀態 40


狀態 56

   62 dimension: '[' • term ']'

    IDENT      偏移，並進入狀態 41
    STR_LIT    偏移，並進入狀態 25
    FLOAT_LIT  偏移，並進入狀態 26
    INT_LIT    偏移，並進入狀態 27
    BOOL_LIT   偏移，並進入狀態 28
    '('        偏移，並進入狀態 42

    term  進入狀態 88


狀態 57

   60 Expression: IDENT dimension •
   61 dimension: dimension • '[' term ']'

    '['  偏移，並進入狀態 89

    '['       [使用規則 60 以縮減 (Expression)]
    $default  使用規則 60 以縮減 (Expression)


狀態 58

   95 term: '(' VARIABLE_T • ')' sign

    ')'  偏移，並進入狀態 90


狀態 59

   56 Expression: '(' Expression • ')'

    ')'  偏移，並進入狀態 91


狀態 60

   58 Expression: CalculateFun •
   67 CalculateFun: CalculateFun • LOR factor6
   94 term: '(' CalculateFun • ')'

    LOR  偏移，並進入狀態 61
    ')'  偏移，並進入狀態 92

    ')'  [使用規則 58 以縮減 (Expression)]


狀態 61

   67 CalculateFun: CalculateFun LOR • factor6

    BNT        偏移，並進入狀態 21
    SUB        偏移，並進入狀態 22
    NOT        偏移，並進入狀態 23
    IDENT      偏移，並進入狀態 41
    STR_LIT    偏移，並進入狀態 25
    FLOAT_LIT  偏移，並進入狀態 26
    INT_LIT    偏移，並進入狀態 27
    BOOL_LIT   偏移，並進入狀態 28
    '('        偏移，並進入狀態 42

    factor6  進入狀態 93
    factor5  進入狀態 34
    factor4  進入狀態 35
    factor3  進入狀態 36
    factor2  進入狀態 37
    factor   進入狀態 38
    sign     進入狀態 39
    term     進入狀態 40


狀態 62

   69 factor6: factor6 LAN • factor5

    BNT        偏移，並進入狀態 21
    SUB        偏移，並進入狀態 22
    NOT        偏移，並進入狀態 23
    IDENT      偏移，並進入狀態 41
    STR_LIT    偏移，並進入狀態 25
    FLOAT_LIT  偏移，並進入狀態 26
    INT_LIT    偏移，並進入狀態 27
    BOOL_LIT   偏移，並進入狀態 28
    '('        偏移，並進入狀態 42

    factor5  進入狀態 94
    factor4  進入狀態 35
    factor3  進入狀態 36
    factor2  進入狀態 37
    factor   進入狀態 38
    sign     進入狀態 39
    term     進入狀態 40


狀態 63

   71 factor5: factor5 BAN • factor4

    BNT        偏移，並進入狀態 21
    SUB        偏移，並進入狀態 22
    NOT        偏移，並進入狀態 23
    IDENT      偏移，並進入狀態 41
    STR_LIT    偏移，並進入狀態 25
    FLOAT_LIT  偏移，並進入狀態 26
    INT_LIT    偏移，並進入狀態 27
    BOOL_LIT   偏移，並進入狀態 28
    '('        偏移，並進入狀態 42

    factor4  進入狀態 95
    factor3  進入狀態 36
    factor2  進入狀態 37
    factor   進入狀態 38
    sign     進入狀態 39
    term     進入狀態 40


狀態 64

   72 factor5: factor5 BOR • factor4

    BNT        偏移，並進入狀態 21
    SUB        偏移，並進入狀態 22
    NOT        偏移，並進入狀態 23
    IDENT      偏移，並進入狀態 41
    STR_LIT    偏移，並進入狀態 25
    FLOAT_LIT  偏移，並進入狀態 26
    INT_LIT    偏移，並進入狀態 27
    BOOL_LIT   偏移，並進入狀態 28
    '('        偏移，並進入狀態 42

    factor4  進入狀態 96
    factor3  進入狀態 36
    factor2  進入狀態 37
    factor   進入狀態 38
    sign     進入狀態 39
    term     進入狀態 40


狀態 65

   73 factor5: factor5 BXO • factor4

    BNT        偏移，並進入狀態 21
    SUB        偏移，並進入狀態 22
    NOT        偏移，並進入狀態 23
    IDENT      偏移，並進入狀態 41
    STR_LIT    偏移，並進入狀態 25
    FLOAT_LIT  偏移，並進入狀態 26
    INT_LIT    偏移，並進入狀態 27
    BOOL_LIT   偏移，並進入狀態 28
    '('        偏移，並進入狀態 42

    factor4  進入狀態 97
    factor3  進入狀態 36
    factor2  進入狀態 37
    factor   進入狀態 38
    sign     進入狀態 39
    term     進入狀態 40


狀態 66

   75 factor4: factor4 GTR • factor3

    BNT        偏移，並進入狀態 21
    SUB        偏移，並進入狀態 22
    NOT        偏移，並進入狀態 23
    IDENT      偏移，並進入狀態 41
    STR_LIT    偏移，並進入狀態 25
    FLOAT_LIT  偏移，並進入狀態 26
    INT_LIT    偏移，並進入狀態 27
    BOOL_LIT   偏移，並進入狀態 28
    '('        偏移，並進入狀態 42

    factor3  進入狀態 98
    factor2  進入狀態 37
    factor   進入狀態 38
    sign     進入狀態 39
    term     進入狀態 40


狀態 67

   76 factor4: factor4 LES • factor3

    BNT        偏移，並進入狀態 21
    SUB        偏移，並進入狀態 22
    NOT        偏移，並進入狀態 23
    IDENT      偏移，並進入狀態 41
    STR_LIT    偏移，並進入狀態 25
    FLOAT_LIT  偏移，並進入狀態 26
    INT_LIT    偏移，並進入狀態 27
    BOOL_LIT   偏移，並進入狀態 28
    '('        偏移，並進入狀態 42

    factor3  進入狀態 99
    factor2  進入狀態 37
    factor   進入狀態 38
    sign     進入狀態 39
    term     進入狀態 40


狀態 68

   79 factor4: factor4 GEQ • factor3

    BNT        偏移，並進入狀態 21
    SUB        偏移，並進入狀態 22
    NOT        偏移，並進入狀態 23
    IDENT      偏移，並進入狀態 41
    STR_LIT    偏移，並進入狀態 25
    FLOAT_LIT  偏移，並進入狀態 26
    INT_LIT    偏移，並進入狀態 27
    BOOL_LIT   偏移，並進入狀態 28
    '('        偏移，並進入狀態 42

    factor3  進入狀態 100
    factor2  進入狀態 37
    factor   進入狀態 38
    sign     進入狀態 39
    term     進入狀態 40


狀態 69

   78 factor4: factor4 EQL • factor3

    BNT        偏移，並進入狀態 21
    SUB        偏移，並進入狀態 22
    NOT        偏移，並進入狀態 23
    IDENT      偏移，並進入狀態 41
    STR_LIT    偏移，並進入狀態 25
    FLOAT_LIT  偏移，並進入狀態 26
    INT_LIT    偏移，並進入狀態 27
    BOOL_LIT   偏移，並進入狀態 28
    '('        偏移，並進入狀態 42

    factor3  進入狀態 101
    factor2  進入狀態 37
    factor   進入狀態 38
    sign     進入狀態 39
    term     進入狀態 40


狀態 70

   77 factor4: factor4 NEQ • factor3

    BNT        偏移，並進入狀態 21
    SUB        偏移，並進入狀態 22
    NOT        偏移，並進入狀態 23
    IDENT      偏移，並進入狀態 41
    STR_LIT    偏移，並進入狀態 25
    FLOAT_LIT  偏移，並進入狀態 26
    INT_LIT    偏移，並進入狀態 27
    BOOL_LIT   偏移，並進入狀態 28
    '('        偏移，並進入狀態 42

    factor3  進入狀態 102
    factor2  進入狀態 37
    factor   進入狀態 38
    sign     進入狀態 39
    term     進入狀態 40


狀態 71

   81 factor3: factor3 SHR • factor2

    BNT        偏移，並進入狀態 21
    SUB        偏移，並進入狀態 22
    NOT        偏移，並進入狀態 23
    IDENT      偏移，並進入狀態 41
    STR_LIT    偏移，並進入狀態 25
    FLOAT_LIT  偏移，並進入狀態 26
    INT_LIT    偏移，並進入狀態 27
    BOOL_LIT   偏移，並進入狀態 28
    '('        偏移，並進入狀態 42

    factor2  進入狀態 103
    factor   進入狀態 38
    sign     進入狀態 39
    term     進入狀態 40


狀態 72

   83 factor2: factor2 ADD • factor

    BNT        偏移，並進入狀態 21
    SUB        偏移，並進入狀態 22
    NOT        偏移，並進入狀態 23
    IDENT      偏移，並進入狀態 41
    STR_LIT    偏移，並進入狀態 25
    FLOAT_LIT  偏移，並進入狀態 26
    INT_LIT    偏移，並進入狀態 27
    BOOL_LIT   偏移，並進入狀態 28
    '('        偏移，並進入狀態 42

    factor  進入狀態 104
    sign    進入狀態 39
    term    進入狀態 40


狀態 73

   84 factor2: factor2 SUB • factor

    BNT        偏移，並進入狀態 21
    SUB        偏移，並進入狀態 22
    NOT        偏移，並進入狀態 23
    IDENT      偏移，並進入狀態 41
    STR_LIT    偏移，並進入狀態 25
    FLOAT_LIT  偏移，並進入狀態 26
    INT_LIT    偏移，並進入狀態 27
    BOOL_LIT   偏移，並進入狀態 28
    '('        偏移，並進入狀態 42

    factor  進入狀態 105
    sign    進入狀態 39
    term    進入狀態 40


狀態 74

   87 factor: factor MUL • sign

    BNT        偏移，並進入狀態 21
    SUB        偏移，並進入狀態 22
    NOT        偏移，並進入狀態 23
    IDENT      偏移，並進入狀態 41
    STR_LIT    偏移，並進入狀態 25
    FLOAT_LIT  偏移，並進入狀態 26
    INT_LIT    偏移，並進入狀態 27
    BOOL_LIT   偏移，並進入狀態 28
    '('        偏移，並進入狀態 42

    sign  進入狀態 106
    term  進入狀態 40


狀態 75

   86 factor: factor DIV • sign

    BNT        偏移，並進入狀態 21
    SUB        偏移，並進入狀態 22
    NOT        偏移，並進入狀態 23
    IDENT      偏移，並進入狀態 41
    STR_LIT    偏移，並進入狀態 25
    FLOAT_LIT  偏移，並進入狀態 26
    INT_LIT    偏移，並進入狀態 27
    BOOL_LIT   偏移，並進入狀態 28
    '('        偏移，並進入狀態 42

    sign  進入狀態 107
    term  進入狀態 40


狀態 76

   88 factor: factor REM • sign

    BNT        偏移，並進入狀態 21
    SUB        偏移，並進入狀態 22
    NOT        偏移，並進入狀態 23
    IDENT      偏移，並進入狀態 41
    STR_LIT    偏移，並進入狀態 25
    FLOAT_LIT  偏移，並進入狀態 26
    INT_LIT    偏移，並進入狀態 27
    BOOL_LIT   偏移，並進入狀態 28
    '('        偏移，並進入狀態 42

    sign  進入狀態 108
    term  進入狀態 40


狀態 77

  101 term: IDENT '(' • Callist ')'

    BNT        偏移，並進入狀態 21
    SUB        偏移，並進入狀態 22
    NOT        偏移，並進入狀態 23
    IDENT      偏移，並進入狀態 41
    STR_LIT    偏移，並進入狀態 25
    FLOAT_LIT  偏移，並進入狀態 26
    INT_LIT    偏移，並進入狀態 27
    BOOL_LIT   偏移，並進入狀態 28
    '('        偏移，並進入狀態 42

    $default  使用規則 65 以縮減 (Callist)

    Callist       進入狀態 109
    CalculateFun  進入狀態 87
    factor6       進入狀態 33
    factor5       進入狀態 34
    factor4       進入狀態 35
    factor3       進入狀態 36
    factor2       進入狀態 37
    factor        進入狀態 38
    sign          進入狀態 39
    term          進入狀態 40


狀態 78

   67 CalculateFun: CalculateFun • LOR factor6
   94 term: '(' CalculateFun • ')'

    LOR  偏移，並進入狀態 61
    ')'  偏移，並進入狀態 92


狀態 79

   54 ArrayParameterStmt: '[' term ']' •

    $default  使用規則 54 以縮減 (ArrayParameterStmt)


狀態 80

   16 DefineVariableStmtList: IDENT ArrayParameterStmt VAL_ASSIGN '{' • $@3 Callist '}'

    $default  使用規則 15 以縮減 ($@3)

    $@3  進入狀態 110


狀態 81

   12 DefineVariableStmtList: DefineVariableStmtList ',' IDENT VAL_ASSIGN • Expression

    BNT        偏移，並進入狀態 21
    SUB        偏移，並進入狀態 22
    NOT        偏移，並進入狀態 23
    IDENT      偏移，並進入狀態 24
    STR_LIT    偏移，並進入狀態 25
    FLOAT_LIT  偏移，並進入狀態 26
    INT_LIT    偏移，並進入狀態 27
    BOOL_LIT   偏移，並進入狀態 28
    '('        偏移，並進入狀態 29
    '['        偏移，並進入狀態 17

    ArrayParameterStmt  進入狀態 30
    Expression          進入狀態 111
    CalculateFun        進入狀態 32
    factor6             進入狀態 33
    factor5             進入狀態 34
    factor4             進入狀態 35
    factor3             進入狀態 36
    factor2             進入狀態 37
    factor              進入狀態 38
    sign                進入狀態 39
    term                進入狀態 40


狀態 82

   26 FunctionParameterStmt: VARIABLE_T IDENT •
   27                      | VARIABLE_T IDENT • ArrayParameterStmt

    '['  偏移，並進入狀態 17

    $default  使用規則 26 以縮減 (FunctionParameterStmt)

    ArrayParameterStmt  進入狀態 112


狀態 83

   23 FunctionParameterStmtList: FunctionParameterStmtList ',' • FunctionParameterStmt

    VARIABLE_T  偏移，並進入狀態 48

    FunctionParameterStmt  進入狀態 113


狀態 84

   22 FunctionDefStmt: VARIABLE_T IDENT $@4 '(' $@5 FunctionParameterStmtList $@6 • ')' '{' StmtList '}'

    ')'  偏移，並進入狀態 114


狀態 85

   92 sign: NOT NOT term •

    $default  使用規則 92 以縮減 (sign)


狀態 86

   59 Expression: IDENT '(' Callist • ')'
  101 term: IDENT '(' Callist • ')'

    ')'  偏移，並進入狀態 115


狀態 87

   63 Callist: CalculateFun • ',' Callist
   64        | CalculateFun •
   67 CalculateFun: CalculateFun • LOR factor6

    LOR  偏移，並進入狀態 61
    ','  偏移，並進入狀態 116

    $default  使用規則 64 以縮減 (Callist)


狀態 88

   62 dimension: '[' term • ']'

    ']'  偏移，並進入狀態 117


狀態 89

   61 dimension: dimension '[' • term ']'

    IDENT      偏移，並進入狀態 41
    STR_LIT    偏移，並進入狀態 25
    FLOAT_LIT  偏移，並進入狀態 26
    INT_LIT    偏移，並進入狀態 27
    BOOL_LIT   偏移，並進入狀態 28
    '('        偏移，並進入狀態 42

    term  進入狀態 118


狀態 90

   95 term: '(' VARIABLE_T ')' • sign

    BNT        偏移，並進入狀態 21
    SUB        偏移，並進入狀態 22
    NOT        偏移，並進入狀態 23
    IDENT      偏移，並進入狀態 41
    STR_LIT    偏移，並進入狀態 25
    FLOAT_LIT  偏移，並進入狀態 26
    INT_LIT    偏移，並進入狀態 27
    BOOL_LIT   偏移，並進入狀態 28
    '('        偏移，並進入狀態 42

    sign  進入狀態 119
    term  進入狀態 40


狀態 91

   56 Expression: '(' Expression ')' •

    $default  使用規則 56 以縮減 (Expression)


狀態 92

   94 term: '(' CalculateFun ')' •

    $default  使用規則 94 以縮減 (term)


狀態 93

   67 CalculateFun: CalculateFun LOR factor6 •
   69 factor6: factor6 • LAN factor5

    LAN  偏移，並進入狀態 62

    $default  使用規則 67 以縮減 (CalculateFun)


狀態 94

   69 factor6: factor6 LAN factor5 •
   71 factor5: factor5 • BAN factor4
   72        | factor5 • BOR factor4
   73        | factor5 • BXO factor4

    BAN  偏移，並進入狀態 63
    BOR  偏移，並進入狀態 64
    BXO  偏移，並進入狀態 65

    $default  使用規則 69 以縮減 (factor6)


狀態 95

   71 factor5: factor5 BAN factor4 •
   75 factor4: factor4 • GTR factor3
   76        | factor4 • LES factor3
   77        | factor4 • NEQ factor3
   78        | factor4 • EQL factor3
   79        | factor4 • GEQ factor3

    GTR  偏移，並進入狀態 66
    LES  偏移，並進入狀態 67
    GEQ  偏移，並進入狀態 68
    EQL  偏移，並進入狀態 69
    NEQ  偏移，並進入狀態 70

    $default  使用規則 71 以縮減 (factor5)


狀態 96

   72 factor5: factor5 BOR factor4 •
   75 factor4: factor4 • GTR factor3
   76        | factor4 • LES factor3
   77        | factor4 • NEQ factor3
   78        | factor4 • EQL factor3
   79        | factor4 • GEQ factor3

    GTR  偏移，並進入狀態 66
    LES  偏移，並進入狀態 67
    GEQ  偏移，並進入狀態 68
    EQL  偏移，並進入狀態 69
    NEQ  偏移，並進入狀態 70

    $default  使用規則 72 以縮減 (factor5)


狀態 97

   73 factor5: factor5 BXO factor4 •
   75 factor4: factor4 • GTR factor3
   76        | factor4 • LES factor3
   77        | factor4 • NEQ factor3
   78        | factor4 • EQL factor3
   79        | factor4 • GEQ factor3

    GTR  偏移，並進入狀態 66
    LES  偏移，並進入狀態 67
    GEQ  偏移，並進入狀態 68
    EQL  偏移，並進入狀態 69
    NEQ  偏移，並進入狀態 70

    $default  使用規則 73 以縮減 (factor5)


狀態 98

   75 factor4: factor4 GTR factor3 •
   81 factor3: factor3 • SHR factor2

    SHR  偏移，並進入狀態 71

    $default  使用規則 75 以縮減 (factor4)


狀態 99

   76 factor4: factor4 LES factor3 •
   81 factor3: factor3 • SHR factor2

    SHR  偏移，並進入狀態 71

    $default  使用規則 76 以縮減 (factor4)


狀態 100

   79 factor4: factor4 GEQ factor3 •
   81 factor3: factor3 • SHR factor2

    SHR  偏移，並進入狀態 71

    $default  使用規則 79 以縮減 (factor4)


狀態 101

   78 factor4: factor4 EQL factor3 •
   81 factor3: factor3 • SHR factor2

    SHR  偏移，並進入狀態 71

    $default  使用規則 78 以縮減 (factor4)


狀態 102

   77 factor4: factor4 NEQ factor3 •
   81 factor3: factor3 • SHR factor2

    SHR  偏移，並進入狀態 71

    $default  使用規則 77 以縮減 (factor4)


狀態 103

   81 factor3: factor3 SHR factor2 •
   83 factor2: factor2 • ADD factor
   84        | factor2 • SUB factor

    ADD  偏移，並進入狀態 72
    SUB  偏移，並進入狀態 73

    SUB       [使用規則 81 以縮減 (factor3)]
    $default  使用規則 81 以縮減 (factor3)


狀態 104

   83 factor2: factor2 ADD factor •
   86 factor: factor • DIV sign
   87       | factor • MUL sign
   88       | factor • REM sign

    MUL  偏移，並進入狀態 74
    DIV  偏移，並進入狀態 75
    REM  偏移，並進入狀態 76

    $default  使用規則 83 以縮減 (factor2)


狀態 105

   84 factor2: factor2 SUB factor •
   86 factor: factor • DIV sign
   87       | factor • MUL sign
   88       | factor • REM sign

    MUL  偏移，並進入狀態 74
    DIV  偏移，並進入狀態 75
    REM  偏移，並進入狀態 76

    $default  使用規則 84 以縮減 (factor2)


狀態 106

   87 factor: factor MUL sign •

    $default  使用規則 87 以縮減 (factor)


狀態 107

   86 factor: factor DIV sign •

    $default  使用規則 86 以縮減 (factor)


狀態 108

   88 factor: factor REM sign •

    $default  使用規則 88 以縮減 (factor)


狀態 109

  101 term: IDENT '(' Callist • ')'

    ')'  偏移，並進入狀態 120


狀態 110

   16 DefineVariableStmtList: IDENT ArrayParameterStmt VAL_ASSIGN '{' $@3 • Callist '}'

    BNT        偏移，並進入狀態 21
    SUB        偏移，並進入狀態 22
    NOT        偏移，並進入狀態 23
    IDENT      偏移，並進入狀態 41
    STR_LIT    偏移，並進入狀態 25
    FLOAT_LIT  偏移，並進入狀態 26
    INT_LIT    偏移，並進入狀態 27
    BOOL_LIT   偏移，並進入狀態 28
    '('        偏移，並進入狀態 42

    $default  使用規則 65 以縮減 (Callist)

    Callist       進入狀態 121
    CalculateFun  進入狀態 87
    factor6       進入狀態 33
    factor5       進入狀態 34
    factor4       進入狀態 35
    factor3       進入狀態 36
    factor2       進入狀態 37
    factor        進入狀態 38
    sign          進入狀態 39
    term          進入狀態 40


狀態 111

   12 DefineVariableStmtList: DefineVariableStmtList ',' IDENT VAL_ASSIGN Expression •

    $default  使用規則 12 以縮減 (DefineVariableStmtList)


狀態 112

   27 FunctionParameterStmt: VARIABLE_T IDENT ArrayParameterStmt •

    $default  使用規則 27 以縮減 (FunctionParameterStmt)


狀態 113

   23 FunctionParameterStmtList: FunctionParameterStmtList ',' FunctionParameterStmt •

    $default  使用規則 23 以縮減 (FunctionParameterStmtList)


狀態 114

   22 FunctionDefStmt: VARIABLE_T IDENT $@4 '(' $@5 FunctionParameterStmtList $@6 ')' • '{' StmtList '}'

    '{'  偏移，並進入狀態 122


狀態 115

   59 Expression: IDENT '(' Callist ')' •
  101 term: IDENT '(' Callist ')' •

    $end        使用規則 59 以縮減 (Expression)
    $end        [使用規則 101 以縮減 (term)]
    COUT        使用規則 59 以縮減 (Expression)
    COUT        [使用規則 101 以縮減 (term)]
    SHR         使用規則 101 以縮減 (term)
    SHL         使用規則 59 以縮減 (Expression)
    SHL         [使用規則 101 以縮減 (term)]
    BAN         使用規則 101 以縮減 (term)
    BOR         使用規則 101 以縮減 (term)
    BNT         使用規則 59 以縮減 (Expression)
    BNT         [使用規則 101 以縮減 (term)]
    BXO         使用規則 101 以縮減 (term)
    ADD         使用規則 101 以縮減 (term)
    SUB         使用規則 59 以縮減 (Expression)
    SUB         [使用規則 101 以縮減 (term)]
    MUL         使用規則 101 以縮減 (term)
    DIV         使用規則 101 以縮減 (term)
    REM         使用規則 101 以縮減 (term)
    NOT         使用規則 59 以縮減 (Expression)
    NOT         [使用規則 101 以縮減 (term)]
    GTR         使用規則 101 以縮減 (term)
    LES         使用規則 101 以縮減 (term)
    GEQ         使用規則 101 以縮減 (term)
    EQL         使用規則 101 以縮減 (term)
    NEQ         使用規則 101 以縮減 (term)
    LAN         使用規則 101 以縮減 (term)
    LOR         使用規則 101 以縮減 (term)
    VAL_ASSIGN  使用規則 59 以縮減 (Expression)
    VAL_ASSIGN  [使用規則 101 以縮減 (term)]
    ADD_ASSIGN  使用規則 59 以縮減 (Expression)
    ADD_ASSIGN  [使用規則 101 以縮減 (term)]
    SUB_ASSIGN  使用規則 59 以縮減 (Expression)
    SUB_ASSIGN  [使用規則 101 以縮減 (term)]
    MUL_ASSIGN  使用規則 59 以縮減 (Expression)
    MUL_ASSIGN  [使用規則 101 以縮減 (term)]
    DIV_ASSIGN  使用規則 59 以縮減 (Expression)
    DIV_ASSIGN  [使用規則 101 以縮減 (term)]
    REM_ASSIGN  使用規則 59 以縮減 (Expression)
    REM_ASSIGN  [使用規則 101 以縮減 (term)]
    BAN_ASSIGN  使用規則 59 以縮減 (Expression)
    BAN_ASSIGN  [使用規則 101 以縮減 (term)]
    BOR_ASSIGN  使用規則 59 以縮減 (Expression)
    BOR_ASSIGN  [使用規則 101 以縮減 (term)]
    BXO_ASSIGN  使用規則 59 以縮減 (Expression)
    BXO_ASSIGN  [使用規則 101 以縮減 (term)]
    SHR_ASSIGN  使用規則 59 以縮減 (Expression)
    SHR_ASSIGN  [使用規則 101 以縮減 (term)]
    SHL_ASSIGN  使用規則 59 以縮減 (Expression)
    SHL_ASSIGN  [使用規則 101 以縮減 (term)]
    INC_ASSIGN  使用規則 59 以縮減 (Expression)
    INC_ASSIGN  [使用規則 101 以縮減 (term)]
    DEC_ASSIGN  使用規則 59 以縮減 (Expression)
    DEC_ASSIGN  [使用規則 101 以縮減 (term)]
    IF          使用規則 59 以縮減 (Expression)
    IF          [使用規則 101 以縮減 (term)]
    ELSE        使用規則 59 以縮減 (Expression)
    ELSE        [使用規則 101 以縮減 (term)]
    FOR         使用規則 59 以縮減 (Expression)
    FOR         [使用規則 101 以縮減 (term)]
    WHILE       使用規則 59 以縮減 (Expression)
    WHILE       [使用規則 101 以縮減 (term)]
    RETURN      使用規則 59 以縮減 (Expression)
    RETURN      [使用規則 101 以縮減 (term)]
    BREAK       使用規則 59 以縮減 (Expression)
    BREAK       [使用規則 101 以縮減 (term)]
    VARIABLE_T  使用規則 59 以縮減 (Expression)
    VARIABLE_T  [使用規則 101 以縮減 (term)]
    IDENT       使用規則 59 以縮減 (Expression)
    IDENT       [使用規則 101 以縮減 (term)]
    STR_LIT     使用規則 59 以縮減 (Expression)
    STR_LIT     [使用規則 101 以縮減 (term)]
    FLOAT_LIT   使用規則 59 以縮減 (Expression)
    FLOAT_LIT   [使用規則 101 以縮減 (term)]
    INT_LIT     使用規則 59 以縮減 (Expression)
    INT_LIT     [使用規則 101 以縮減 (term)]
    BOOL_LIT    使用規則 59 以縮減 (Expression)
    BOOL_LIT    [使用規則 101 以縮減 (term)]
    ','         使用規則 59 以縮減 (Expression)
    ','         [使用規則 101 以縮減 (term)]
    '}'         使用規則 59 以縮減 (Expression)
    '}'         [使用規則 101 以縮減 (term)]
    '('         使用規則 59 以縮減 (Expression)
    '('         [使用規則 101 以縮減 (term)]
    ')'         使用規則 59 以縮減 (Expression)
    ')'         [使用規則 101 以縮減 (term)]
    ';'         使用規則 59 以縮減 (Expression)
    ';'         [使用規則 101 以縮減 (term)]
    ':'         使用規則 59 以縮減 (Expression)
    ':'         [使用規則 101 以縮減 (term)]
    '['         使用規則 59 以縮減 (Expression)
    '['         [使用規則 101 以縮減 (term)]
    $default    使用規則 59 以縮減 (Expression)


狀態 116

   63 Callist: CalculateFun ',' • Callist

    BNT        偏移，並進入狀態 21
    SUB        偏移，並進入狀態 22
    NOT        偏移，並進入狀態 23
    IDENT      偏移，並進入狀態 41
    STR_LIT    偏移，並進入狀態 25
    FLOAT_LIT  偏移，並進入狀態 26
    INT_LIT    偏移，並進入狀態 27
    BOOL_LIT   偏移，並進入狀態 28
    '('        偏移，並進入狀態 42

    $default  使用規則 65 以縮減 (Callist)

    Callist       進入狀態 123
    CalculateFun  進入狀態 87
    factor6       進入狀態 33
    factor5       進入狀態 34
    factor4       進入狀態 35
    factor3       進入狀態 36
    factor2       進入狀態 37
    factor        進入狀態 38
    sign          進入狀態 39
    term          進入狀態 40


狀態 117

   62 dimension: '[' term ']' •

    $default  使用規則 62 以縮減 (dimension)


狀態 118

   61 dimension: dimension '[' term • ']'

    ']'  偏移，並進入狀態 124


狀態 119

   95 term: '(' VARIABLE_T ')' sign •

    $default  使用規則 95 以縮減 (term)


狀態 120

  101 term: IDENT '(' Callist ')' •

    $default  使用規則 101 以縮減 (term)


狀態 121

   16 DefineVariableStmtList: IDENT ArrayParameterStmt VAL_ASSIGN '{' $@3 Callist • '}'

    '}'  偏移，並進入狀態 125


狀態 122

   22 FunctionDefStmt: VARIABLE_T IDENT $@4 '(' $@5 FunctionParameterStmtList $@6 ')' '{' • StmtList '}'

    COUT        偏移，並進入狀態 126
    BNT         偏移，並進入狀態 21
    SUB         偏移，並進入狀態 22
    NOT         偏移，並進入狀態 23
    IF          偏移，並進入狀態 127
    ELSE        偏移，並進入狀態 128
    FOR         偏移，並進入狀態 129
    WHILE       偏移，並進入狀態 130
    RETURN      偏移，並進入狀態 131
    BREAK       偏移，並進入狀態 132
    VARIABLE_T  偏移，並進入狀態 133
    IDENT       偏移，並進入狀態 24
    STR_LIT     偏移，並進入狀態 25
    FLOAT_LIT   偏移，並進入狀態 26
    INT_LIT     偏移，並進入狀態 27
    BOOL_LIT    偏移，並進入狀態 28
    '('         偏移，並進入狀態 29
    ';'         偏移，並進入狀態 134
    '['         偏移，並進入狀態 17

    ';'  [使用規則 10 以縮減 (DefineVariableStmt)]

    DefineVariableStmt  進入狀態 135
    StmtList            進入狀態 136
    Stmt                進入狀態 137
    ArrayParameterStmt  進入狀態 30
    Expression          進入狀態 138
    CalculateFun        進入狀態 32
    factor6             進入狀態 33
    factor5             進入狀態 34
    factor4             進入狀態 35
    factor3             進入狀態 36
    factor2             進入狀態 37
    factor              進入狀態 38
    sign                進入狀態 39
    term                進入狀態 40
    assignvar           進入狀態 139


狀態 123

   63 Callist: CalculateFun ',' Callist •

    $default  使用規則 63 以縮減 (Callist)


狀態 124

   61 dimension: dimension '[' term ']' •

    $default  使用規則 61 以縮減 (dimension)


狀態 125

   16 DefineVariableStmtList: IDENT ArrayParameterStmt VAL_ASSIGN '{' $@3 Callist '}' •

    $default  使用規則 16 以縮減 (DefineVariableStmtList)


狀態 126

   31 Stmt: COUT • CoutParmListStmt ';'

    SHL  偏移，並進入狀態 140

    CoutParmListStmt  進入狀態 141


狀態 127

   36 Stmt: IF • '(' Expression $@7 ')' ifStmt

    '('  偏移，並進入狀態 142


狀態 128

   38 Stmt: ELSE • $@8 '{' StmtList '}'

    $default  使用規則 37 以縮減 ($@8)

    $@8  進入狀態 143


狀態 129

   43 Stmt: FOR • '(' $@11 forParm ')' '{' StmtList '}'

    '('  偏移，並進入狀態 144


狀態 130

   41 Stmt: WHILE • '(' $@9 CalculateFun ')' '{' $@10 StmtList '}'

    '('  偏移，並進入狀態 145


狀態 131

   32 Stmt: RETURN • Expression ';'
   45     | RETURN •

    BNT        偏移，並進入狀態 21
    SUB        偏移，並進入狀態 22
    NOT        偏移，並進入狀態 23
    IDENT      偏移，並進入狀態 24
    STR_LIT    偏移，並進入狀態 25
    FLOAT_LIT  偏移，並進入狀態 26
    INT_LIT    偏移，並進入狀態 27
    BOOL_LIT   偏移，並進入狀態 28
    '('        偏移，並進入狀態 29
    '['        偏移，並進入狀態 17

    BNT        [使用規則 45 以縮減 (Stmt)]
    SUB        [使用規則 45 以縮減 (Stmt)]
    NOT        [使用規則 45 以縮減 (Stmt)]
    IDENT      [使用規則 45 以縮減 (Stmt)]
    STR_LIT    [使用規則 45 以縮減 (Stmt)]
    FLOAT_LIT  [使用規則 45 以縮減 (Stmt)]
    INT_LIT    [使用規則 45 以縮減 (Stmt)]
    BOOL_LIT   [使用規則 45 以縮減 (Stmt)]
    '('        [使用規則 45 以縮減 (Stmt)]
    '['        [使用規則 45 以縮減 (Stmt)]
    $default   使用規則 45 以縮減 (Stmt)

    ArrayParameterStmt  進入狀態 30
    Expression          進入狀態 146
    CalculateFun        進入狀態 32
    factor6             進入狀態 33
    factor5             進入狀態 34
    factor4             進入狀態 35
    factor3             進入狀態 36
    factor2             進入狀態 37
    factor              進入狀態 38
    sign                進入狀態 39
    term                進入狀態 40


狀態 132

   44 Stmt: BREAK •

    $default  使用規則 44 以縮減 (Stmt)


狀態 133

    9 DefineVariableStmt: VARIABLE_T • $@2 DefineVariableStmtList

    $default  使用規則 8 以縮減 ($@2)

    $@2  進入狀態 10


狀態 134

   30 Stmt: ';' •

    $default  使用規則 30 以縮減 (Stmt)


狀態 135

   34 Stmt: DefineVariableStmt • ';'

    ';'  偏移，並進入狀態 147


狀態 136

   22 FunctionDefStmt: VARIABLE_T IDENT $@4 '(' $@5 FunctionParameterStmtList $@6 ')' '{' StmtList • '}'
   28 StmtList: StmtList • Stmt

    COUT        偏移，並進入狀態 126
    BNT         偏移，並進入狀態 21
    SUB         偏移，並進入狀態 22
    NOT         偏移，並進入狀態 23
    IF          偏移，並進入狀態 127
    ELSE        偏移，並進入狀態 128
    FOR         偏移，並進入狀態 129
    WHILE       偏移，並進入狀態 130
    RETURN      偏移，並進入狀態 131
    BREAK       偏移，並進入狀態 132
    VARIABLE_T  偏移，並進入狀態 133
    IDENT       偏移，並進入狀態 24
    STR_LIT     偏移，並進入狀態 25
    FLOAT_LIT   偏移，並進入狀態 26
    INT_LIT     偏移，並進入狀態 27
    BOOL_LIT    偏移，並進入狀態 28
    '}'         偏移，並進入狀態 148
    '('         偏移，並進入狀態 29
    ';'         偏移，並進入狀態 134
    '['         偏移，並進入狀態 17

    ';'  [使用規則 10 以縮減 (DefineVariableStmt)]

    DefineVariableStmt  進入狀態 135
    Stmt                進入狀態 149
    ArrayParameterStmt  進入狀態 30
    Expression          進入狀態 138
    CalculateFun        進入狀態 32
    factor6             進入狀態 33
    factor5             進入狀態 34
    factor4             進入狀態 35
    factor3             進入狀態 36
    factor2             進入狀態 37
    factor              進入狀態 38
    sign                進入狀態 39
    term                進入狀態 40
    assignvar           進入狀態 139


狀態 137

   29 StmtList: Stmt •

    $default  使用規則 29 以縮減 (StmtList)


狀態 138

   46 Stmt: Expression •
  102 assignvar: Expression • VAL_ASSIGN Expression
  103          | Expression • ADD_ASSIGN Expression
  104          | Expression • SUB_ASSIGN Expression
  105          | Expression • MUL_ASSIGN Expression
  106          | Expression • DIV_ASSIGN Expression
  107          | Expression • REM_ASSIGN Expression
  108          | Expression • SHR_ASSIGN Expression
  109          | Expression • SHL_ASSIGN Expression
  110          | Expression • BAN_ASSIGN Expression
  111          | Expression • BOR_ASSIGN Expression
  112          | Expression • BXO_ASSIGN Expression

    VAL_ASSIGN  偏移，並進入狀態 150
    ADD_ASSIGN  偏移，並進入狀態 151
    SUB_ASSIGN  偏移，並進入狀態 152
    MUL_ASSIGN  偏移，並進入狀態 153
    DIV_ASSIGN  偏移，並進入狀態 154
    REM_ASSIGN  偏移，並進入狀態 155
    BAN_ASSIGN  偏移，並進入狀態 156
    BOR_ASSIGN  偏移，並進入狀態 157
    BXO_ASSIGN  偏移，並進入狀態 158
    SHR_ASSIGN  偏移，並進入狀態 159
    SHL_ASSIGN  偏移，並進入狀態 160

    $default  使用規則 46 以縮減 (Stmt)


狀態 139

   33 Stmt: assignvar • ';'

    ';'  偏移，並進入狀態 161


狀態 140

   53 CoutParmListStmt: SHL • Expression

    BNT        偏移，並進入狀態 21
    SUB        偏移，並進入狀態 22
    NOT        偏移，並進入狀態 23
    IDENT      偏移，並進入狀態 24
    STR_LIT    偏移，並進入狀態 25
    FLOAT_LIT  偏移，並進入狀態 26
    INT_LIT    偏移，並進入狀態 27
    BOOL_LIT   偏移，並進入狀態 28
    '('        偏移，並進入狀態 29
    '['        偏移，並進入狀態 17

    ArrayParameterStmt  進入狀態 30
    Expression          進入狀態 162
    CalculateFun        進入狀態 32
    factor6             進入狀態 33
    factor5             進入狀態 34
    factor4             進入狀態 35
    factor3             進入狀態 36
    factor2             進入狀態 37
    factor              進入狀態 38
    sign                進入狀態 39
    term                進入狀態 40


狀態 141

   31 Stmt: COUT CoutParmListStmt • ';'
   52 CoutParmListStmt: CoutParmListStmt • SHL Expression

    SHL  偏移，並進入狀態 163
    ';'  偏移，並進入狀態 164


狀態 142

   36 Stmt: IF '(' • Expression $@7 ')' ifStmt

    BNT        偏移，並進入狀態 21
    SUB        偏移，並進入狀態 22
    NOT        偏移，並進入狀態 23
    IDENT      偏移，並進入狀態 24
    STR_LIT    偏移，並進入狀態 25
    FLOAT_LIT  偏移，並進入狀態 26
    INT_LIT    偏移，並進入狀態 27
    BOOL_LIT   偏移，並進入狀態 28
    '('        偏移，並進入狀態 29
    '['        偏移，並進入狀態 17

    ArrayParameterStmt  進入狀態 30
    Expression          進入狀態 165
    CalculateFun        進入狀態 32
    factor6             進入狀態 33
    factor5             進入狀態 34
    factor4             進入狀態 35
    factor3             進入狀態 36
    factor2             進入狀態 37
    factor              進入狀態 38
    sign                進入狀態 39
    term                進入狀態 40


狀態 143

   38 Stmt: ELSE $@8 • '{' StmtList '}'

    '{'  偏移，並進入狀態 166


狀態 144

   43 Stmt: FOR '(' • $@11 forParm ')' '{' StmtList '}'

    $default  使用規則 42 以縮減 ($@11)

    $@11  進入狀態 167


狀態 145

   41 Stmt: WHILE '(' • $@9 CalculateFun ')' '{' $@10 StmtList '}'

    $default  使用規則 39 以縮減 ($@9)

    $@9  進入狀態 168


狀態 146

   32 Stmt: RETURN Expression • ';'

    ';'  偏移，並進入狀態 169


狀態 147

   34 Stmt: DefineVariableStmt ';' •

    $default  使用規則 34 以縮減 (Stmt)


狀態 148

   22 FunctionDefStmt: VARIABLE_T IDENT $@4 '(' $@5 FunctionParameterStmtList $@6 ')' '{' StmtList '}' •

    $default  使用規則 22 以縮減 (FunctionDefStmt)


狀態 149

   28 StmtList: StmtList Stmt •

    $default  使用規則 28 以縮減 (StmtList)


狀態 150

  102 assignvar: Expression VAL_ASSIGN • Expression

    BNT        偏移，並進入狀態 21
    SUB        偏移，並進入狀態 22
    NOT        偏移，並進入狀態 23
    IDENT      偏移，並進入狀態 24
    STR_LIT    偏移，並進入狀態 25
    FLOAT_LIT  偏移，並進入狀態 26
    INT_LIT    偏移，並進入狀態 27
    BOOL_LIT   偏移，並進入狀態 28
    '('        偏移，並進入狀態 29
    '['        偏移，並進入狀態 17

    ArrayParameterStmt  進入狀態 30
    Expression          進入狀態 170
    CalculateFun        進入狀態 32
    factor6             進入狀態 33
    factor5             進入狀態 34
    factor4             進入狀態 35
    factor3             進入狀態 36
    factor2             進入狀態 37
    factor              進入狀態 38
    sign                進入狀態 39
    term                進入狀態 40


狀態 151

  103 assignvar: Expression ADD_ASSIGN • Expression

    BNT        偏移，並進入狀態 21
    SUB        偏移，並進入狀態 22
    NOT        偏移，並進入狀態 23
    IDENT      偏移，並進入狀態 24
    STR_LIT    偏移，並進入狀態 25
    FLOAT_LIT  偏移，並進入狀態 26
    INT_LIT    偏移，並進入狀態 27
    BOOL_LIT   偏移，並進入狀態 28
    '('        偏移，並進入狀態 29
    '['        偏移，並進入狀態 17

    ArrayParameterStmt  進入狀態 30
    Expression          進入狀態 171
    CalculateFun        進入狀態 32
    factor6             進入狀態 33
    factor5             進入狀態 34
    factor4             進入狀態 35
    factor3             進入狀態 36
    factor2             進入狀態 37
    factor              進入狀態 38
    sign                進入狀態 39
    term                進入狀態 40


狀態 152

  104 assignvar: Expression SUB_ASSIGN • Expression

    BNT        偏移，並進入狀態 21
    SUB        偏移，並進入狀態 22
    NOT        偏移，並進入狀態 23
    IDENT      偏移，並進入狀態 24
    STR_LIT    偏移，並進入狀態 25
    FLOAT_LIT  偏移，並進入狀態 26
    INT_LIT    偏移，並進入狀態 27
    BOOL_LIT   偏移，並進入狀態 28
    '('        偏移，並進入狀態 29
    '['        偏移，並進入狀態 17

    ArrayParameterStmt  進入狀態 30
    Expression          進入狀態 172
    CalculateFun        進入狀態 32
    factor6             進入狀態 33
    factor5             進入狀態 34
    factor4             進入狀態 35
    factor3             進入狀態 36
    factor2             進入狀態 37
    factor              進入狀態 38
    sign                進入狀態 39
    term                進入狀態 40


狀態 153

  105 assignvar: Expression MUL_ASSIGN • Expression

    BNT        偏移，並進入狀態 21
    SUB        偏移，並進入狀態 22
    NOT        偏移，並進入狀態 23
    IDENT      偏移，並進入狀態 24
    STR_LIT    偏移，並進入狀態 25
    FLOAT_LIT  偏移，並進入狀態 26
    INT_LIT    偏移，並進入狀態 27
    BOOL_LIT   偏移，並進入狀態 28
    '('        偏移，並進入狀態 29
    '['        偏移，並進入狀態 17

    ArrayParameterStmt  進入狀態 30
    Expression          進入狀態 173
    CalculateFun        進入狀態 32
    factor6             進入狀態 33
    factor5             進入狀態 34
    factor4             進入狀態 35
    factor3             進入狀態 36
    factor2             進入狀態 37
    factor              進入狀態 38
    sign                進入狀態 39
    term                進入狀態 40


狀態 154

  106 assignvar: Expression DIV_ASSIGN • Expression

    BNT        偏移，並進入狀態 21
    SUB        偏移，並進入狀態 22
    NOT        偏移，並進入狀態 23
    IDENT      偏移，並進入狀態 24
    STR_LIT    偏移，並進入狀態 25
    FLOAT_LIT  偏移，並進入狀態 26
    INT_LIT    偏移，並進入狀態 27
    BOOL_LIT   偏移，並進入狀態 28
    '('        偏移，並進入狀態 29
    '['        偏移，並進入狀態 17

    ArrayParameterStmt  進入狀態 30
    Expression          進入狀態 174
    CalculateFun        進入狀態 32
    factor6             進入狀態 33
    factor5             進入狀態 34
    factor4             進入狀態 35
    factor3             進入狀態 36
    factor2             進入狀態 37
    factor              進入狀態 38
    sign                進入狀態 39
    term                進入狀態 40


狀態 155

  107 assignvar: Expression REM_ASSIGN • Expression

    BNT        偏移，並進入狀態 21
    SUB        偏移，並進入狀態 22
    NOT        偏移，並進入狀態 23
    IDENT      偏移，並進入狀態 24
    STR_LIT    偏移，並進入狀態 25
    FLOAT_LIT  偏移，並進入狀態 26
    INT_LIT    偏移，並進入狀態 27
    BOOL_LIT   偏移，並進入狀態 28
    '('        偏移，並進入狀態 29
    '['        偏移，並進入狀態 17

    ArrayParameterStmt  進入狀態 30
    Expression          進入狀態 175
    CalculateFun        進入狀態 32
    factor6             進入狀態 33
    factor5             進入狀態 34
    factor4             進入狀態 35
    factor3             進入狀態 36
    factor2             進入狀態 37
    factor              進入狀態 38
    sign                進入狀態 39
    term                進入狀態 40


狀態 156

  110 assignvar: Expression BAN_ASSIGN • Expression

    BNT        偏移，並進入狀態 21
    SUB        偏移，並進入狀態 22
    NOT        偏移，並進入狀態 23
    IDENT      偏移，並進入狀態 24
    STR_LIT    偏移，並進入狀態 25
    FLOAT_LIT  偏移，並進入狀態 26
    INT_LIT    偏移，並進入狀態 27
    BOOL_LIT   偏移，並進入狀態 28
    '('        偏移，並進入狀態 29
    '['        偏移，並進入狀態 17

    ArrayParameterStmt  進入狀態 30
    Expression          進入狀態 176
    CalculateFun        進入狀態 32
    factor6             進入狀態 33
    factor5             進入狀態 34
    factor4             進入狀態 35
    factor3             進入狀態 36
    factor2             進入狀態 37
    factor              進入狀態 38
    sign                進入狀態 39
    term                進入狀態 40


狀態 157

  111 assignvar: Expression BOR_ASSIGN • Expression

    BNT        偏移，並進入狀態 21
    SUB        偏移，並進入狀態 22
    NOT        偏移，並進入狀態 23
    IDENT      偏移，並進入狀態 24
    STR_LIT    偏移，並進入狀態 25
    FLOAT_LIT  偏移，並進入狀態 26
    INT_LIT    偏移，並進入狀態 27
    BOOL_LIT   偏移，並進入狀態 28
    '('        偏移，並進入狀態 29
    '['        偏移，並進入狀態 17

    ArrayParameterStmt  進入狀態 30
    Expression          進入狀態 177
    CalculateFun        進入狀態 32
    factor6             進入狀態 33
    factor5             進入狀態 34
    factor4             進入狀態 35
    factor3             進入狀態 36
    factor2             進入狀態 37
    factor              進入狀態 38
    sign                進入狀態 39
    term                進入狀態 40


狀態 158

  112 assignvar: Expression BXO_ASSIGN • Expression

    BNT        偏移，並進入狀態 21
    SUB        偏移，並進入狀態 22
    NOT        偏移，並進入狀態 23
    IDENT      偏移，並進入狀態 24
    STR_LIT    偏移，並進入狀態 25
    FLOAT_LIT  偏移，並進入狀態 26
    INT_LIT    偏移，並進入狀態 27
    BOOL_LIT   偏移，並進入狀態 28
    '('        偏移，並進入狀態 29
    '['        偏移，並進入狀態 17

    ArrayParameterStmt  進入狀態 30
    Expression          進入狀態 178
    CalculateFun        進入狀態 32
    factor6             進入狀態 33
    factor5             進入狀態 34
    factor4             進入狀態 35
    factor3             進入狀態 36
    factor2             進入狀態 37
    factor              進入狀態 38
    sign                進入狀態 39
    term                進入狀態 40


狀態 159

  108 assignvar: Expression SHR_ASSIGN • Expression

    BNT        偏移，並進入狀態 21
    SUB        偏移，並進入狀態 22
    NOT        偏移，並進入狀態 23
    IDENT      偏移，並進入狀態 24
    STR_LIT    偏移，並進入狀態 25
    FLOAT_LIT  偏移，並進入狀態 26
    INT_LIT    偏移，並進入狀態 27
    BOOL_LIT   偏移，並進入狀態 28
    '('        偏移，並進入狀態 29
    '['        偏移，並進入狀態 17

    ArrayParameterStmt  進入狀態 30
    Expression          進入狀態 179
    CalculateFun        進入狀態 32
    factor6             進入狀態 33
    factor5             進入狀態 34
    factor4             進入狀態 35
    factor3             進入狀態 36
    factor2             進入狀態 37
    factor              進入狀態 38
    sign                進入狀態 39
    term                進入狀態 40


狀態 160

  109 assignvar: Expression SHL_ASSIGN • Expression

    BNT        偏移，並進入狀態 21
    SUB        偏移，並進入狀態 22
    NOT        偏移，並進入狀態 23
    IDENT      偏移，並進入狀態 24
    STR_LIT    偏移，並進入狀態 25
    FLOAT_LIT  偏移，並進入狀態 26
    INT_LIT    偏移，並進入狀態 27
    BOOL_LIT   偏移，並進入狀態 28
    '('        偏移，並進入狀態 29
    '['        偏移，並進入狀態 17

    ArrayParameterStmt  進入狀態 30
    Expression          進入狀態 180
    CalculateFun        進入狀態 32
    factor6             進入狀態 33
    factor5             進入狀態 34
    factor4             進入狀態 35
    factor3             進入狀態 36
    factor2             進入狀態 37
    factor              進入狀態 38
    sign                進入狀態 39
    term                進入狀態 40


狀態 161

   33 Stmt: assignvar ';' •

    $default  使用規則 33 以縮減 (Stmt)


狀態 162

   53 CoutParmListStmt: SHL Expression •

    $default  使用規則 53 以縮減 (CoutParmListStmt)


狀態 163

   52 CoutParmListStmt: CoutParmListStmt SHL • Expression

    BNT        偏移，並進入狀態 21
    SUB        偏移，並進入狀態 22
    NOT        偏移，並進入狀態 23
    IDENT      偏移，並進入狀態 24
    STR_LIT    偏移，並進入狀態 25
    FLOAT_LIT  偏移，並進入狀態 26
    INT_LIT    偏移，並進入狀態 27
    BOOL_LIT   偏移，並進入狀態 28
    '('        偏移，並進入狀態 29
    '['        偏移，並進入狀態 17

    ArrayParameterStmt  進入狀態 30
    Expression          進入狀態 181
    CalculateFun        進入狀態 32
    factor6             進入狀態 33
    factor5             進入狀態 34
    factor4             進入狀態 35
    factor3             進入狀態 36
    factor2             進入狀態 37
    factor              進入狀態 38
    sign                進入狀態 39
    term                進入狀態 40


狀態 164

   31 Stmt: COUT CoutParmListStmt ';' •

    $default  使用規則 31 以縮減 (Stmt)


狀態 165

   36 Stmt: IF '(' Expression • $@7 ')' ifStmt

    $default  使用規則 35 以縮減 ($@7)

    $@7  進入狀態 182


狀態 166

   38 Stmt: ELSE $@8 '{' • StmtList '}'

    COUT        偏移，並進入狀態 126
    BNT         偏移，並進入狀態 21
    SUB         偏移，並進入狀態 22
    NOT         偏移，並進入狀態 23
    IF          偏移，並進入狀態 127
    ELSE        偏移，並進入狀態 128
    FOR         偏移，並進入狀態 129
    WHILE       偏移，並進入狀態 130
    RETURN      偏移，並進入狀態 131
    BREAK       偏移，並進入狀態 132
    VARIABLE_T  偏移，並進入狀態 133
    IDENT       偏移，並進入狀態 24
    STR_LIT     偏移，並進入狀態 25
    FLOAT_LIT   偏移，並進入狀態 26
    INT_LIT     偏移，並進入狀態 27
    BOOL_LIT    偏移，並進入狀態 28
    '('         偏移，並進入狀態 29
    ';'         偏移，並進入狀態 134
    '['         偏移，並進入狀態 17

    ';'  [使用規則 10 以縮減 (DefineVariableStmt)]

    DefineVariableStmt  進入狀態 135
    StmtList            進入狀態 183
    Stmt                進入狀態 137
    ArrayParameterStmt  進入狀態 30
    Expression          進入狀態 138
    CalculateFun        進入狀態 32
    factor6             進入狀態 33
    factor5             進入狀態 34
    factor4             進入狀態 35
    factor3             進入狀態 36
    factor2             進入狀態 37
    factor              進入狀態 38
    sign                進入狀態 39
    term                進入狀態 40
    assignvar           進入狀態 139


狀態 167

   43 Stmt: FOR '(' $@11 • forParm ')' '{' StmtList '}'

    VARIABLE_T  偏移，並進入狀態 133

    $default  使用規則 10 以縮減 (DefineVariableStmt)

    DefineVariableStmt  進入狀態 184
    forParm             進入狀態 185


狀態 168

   41 Stmt: WHILE '(' $@9 • CalculateFun ')' '{' $@10 StmtList '}'

    BNT        偏移，並進入狀態 21
    SUB        偏移，並進入狀態 22
    NOT        偏移，並進入狀態 23
    IDENT      偏移，並進入狀態 41
    STR_LIT    偏移，並進入狀態 25
    FLOAT_LIT  偏移，並進入狀態 26
    INT_LIT    偏移，並進入狀態 27
    BOOL_LIT   偏移，並進入狀態 28
    '('        偏移，並進入狀態 42

    CalculateFun  進入狀態 186
    factor6       進入狀態 33
    factor5       進入狀態 34
    factor4       進入狀態 35
    factor3       進入狀態 36
    factor2       進入狀態 37
    factor        進入狀態 38
    sign          進入狀態 39
    term          進入狀態 40


狀態 169

   32 Stmt: RETURN Expression ';' •

    $default  使用規則 32 以縮減 (Stmt)


狀態 170

  102 assignvar: Expression VAL_ASSIGN Expression •

    $default  使用規則 102 以縮減 (assignvar)


狀態 171

  103 assignvar: Expression ADD_ASSIGN Expression •

    $default  使用規則 103 以縮減 (assignvar)


狀態 172

  104 assignvar: Expression SUB_ASSIGN Expression •

    $default  使用規則 104 以縮減 (assignvar)


狀態 173

  105 assignvar: Expression MUL_ASSIGN Expression •

    $default  使用規則 105 以縮減 (assignvar)


狀態 174

  106 assignvar: Expression DIV_ASSIGN Expression •

    $default  使用規則 106 以縮減 (assignvar)


狀態 175

  107 assignvar: Expression REM_ASSIGN Expression •

    $default  使用規則 107 以縮減 (assignvar)


狀態 176

  110 assignvar: Expression BAN_ASSIGN Expression •

    $default  使用規則 110 以縮減 (assignvar)


狀態 177

  111 assignvar: Expression BOR_ASSIGN Expression •

    $default  使用規則 111 以縮減 (assignvar)


狀態 178

  112 assignvar: Expression BXO_ASSIGN Expression •

    $default  使用規則 112 以縮減 (assignvar)


狀態 179

  108 assignvar: Expression SHR_ASSIGN Expression •

    $default  使用規則 108 以縮減 (assignvar)


狀態 180

  109 assignvar: Expression SHL_ASSIGN Expression •

    $default  使用規則 109 以縮減 (assignvar)


狀態 181

   52 CoutParmListStmt: CoutParmListStmt SHL Expression •

    $default  使用規則 52 以縮減 (CoutParmListStmt)


狀態 182

   36 Stmt: IF '(' Expression $@7 • ')' ifStmt

    ')'  偏移，並進入狀態 187


狀態 183

   28 StmtList: StmtList • Stmt
   38 Stmt: ELSE $@8 '{' StmtList • '}'

    COUT        偏移，並進入狀態 126
    BNT         偏移，並進入狀態 21
    SUB         偏移，並進入狀態 22
    NOT         偏移，並進入狀態 23
    IF          偏移，並進入狀態 127
    ELSE        偏移，並進入狀態 128
    FOR         偏移，並進入狀態 129
    WHILE       偏移，並進入狀態 130
    RETURN      偏移，並進入狀態 131
    BREAK       偏移，並進入狀態 132
    VARIABLE_T  偏移，並進入狀態 133
    IDENT       偏移，並進入狀態 24
    STR_LIT     偏移，並進入狀態 25
    FLOAT_LIT   偏移，並進入狀態 26
    INT_LIT     偏移，並進入狀態 27
    BOOL_LIT    偏移，並進入狀態 28
    '}'         偏移，並進入狀態 188
    '('         偏移，並進入狀態 29
    ';'         偏移，並進入狀態 134
    '['         偏移，並進入狀態 17

    ';'  [使用規則 10 以縮減 (DefineVariableStmt)]

    DefineVariableStmt  進入狀態 135
    Stmt                進入狀態 149
    ArrayParameterStmt  進入狀態 30
    Expression          進入狀態 138
    CalculateFun        進入狀態 32
    factor6             進入狀態 33
    factor5             進入狀態 34
    factor4             進入狀態 35
    factor3             進入狀態 36
    factor2             進入狀態 37
    factor              進入狀態 38
    sign                進入狀態 39
    term                進入狀態 40
    assignvar           進入狀態 139


狀態 184

   47 forParm: DefineVariableStmt • ';' CalculateFun ';' AddAdd
   48        | DefineVariableStmt • ':' CalculateFun

    ';'  偏移，並進入狀態 189
    ':'  偏移，並進入狀態 190


狀態 185

   43 Stmt: FOR '(' $@11 forParm • ')' '{' StmtList '}'

    ')'  偏移，並進入狀態 191


狀態 186

   41 Stmt: WHILE '(' $@9 CalculateFun • ')' '{' $@10 StmtList '}'
   67 CalculateFun: CalculateFun • LOR factor6

    LOR  偏移，並進入狀態 61
    ')'  偏移，並進入狀態 192


狀態 187

   36 Stmt: IF '(' Expression $@7 ')' • ifStmt

    COUT        偏移，並進入狀態 126
    BNT         偏移，並進入狀態 21
    SUB         偏移，並進入狀態 22
    NOT         偏移，並進入狀態 23
    IF          偏移，並進入狀態 127
    ELSE        偏移，並進入狀態 128
    FOR         偏移，並進入狀態 129
    WHILE       偏移，並進入狀態 130
    RETURN      偏移，並進入狀態 131
    BREAK       偏移，並進入狀態 132
    VARIABLE_T  偏移，並進入狀態 133
    IDENT       偏移，並進入狀態 24
    STR_LIT     偏移，並進入狀態 25
    FLOAT_LIT   偏移，並進入狀態 26
    INT_LIT     偏移，並進入狀態 27
    BOOL_LIT    偏移，並進入狀態 28
    '{'         偏移，並進入狀態 193
    '('         偏移，並進入狀態 29
    ';'         偏移，並進入狀態 134
    '['         偏移，並進入狀態 17

    ';'  [使用規則 10 以縮減 (DefineVariableStmt)]

    DefineVariableStmt  進入狀態 135
    StmtList            進入狀態 194
    Stmt                進入狀態 137
    ifStmt              進入狀態 195
    ArrayParameterStmt  進入狀態 30
    Expression          進入狀態 138
    CalculateFun        進入狀態 32
    factor6             進入狀態 33
    factor5             進入狀態 34
    factor4             進入狀態 35
    factor3             進入狀態 36
    factor2             進入狀態 37
    factor              進入狀態 38
    sign                進入狀態 39
    term                進入狀態 40
    assignvar           進入狀態 139


狀態 188

   38 Stmt: ELSE $@8 '{' StmtList '}' •

    $default  使用規則 38 以縮減 (Stmt)


狀態 189

   47 forParm: DefineVariableStmt ';' • CalculateFun ';' AddAdd

    BNT        偏移，並進入狀態 21
    SUB        偏移，並進入狀態 22
    NOT        偏移，並進入狀態 23
    IDENT      偏移，並進入狀態 41
    STR_LIT    偏移，並進入狀態 25
    FLOAT_LIT  偏移，並進入狀態 26
    INT_LIT    偏移，並進入狀態 27
    BOOL_LIT   偏移，並進入狀態 28
    '('        偏移，並進入狀態 42

    CalculateFun  進入狀態 196
    factor6       進入狀態 33
    factor5       進入狀態 34
    factor4       進入狀態 35
    factor3       進入狀態 36
    factor2       進入狀態 37
    factor        進入狀態 38
    sign          進入狀態 39
    term          進入狀態 40


狀態 190

   48 forParm: DefineVariableStmt ':' • CalculateFun

    BNT        偏移，並進入狀態 21
    SUB        偏移，並進入狀態 22
    NOT        偏移，並進入狀態 23
    IDENT      偏移，並進入狀態 41
    STR_LIT    偏移，並進入狀態 25
    FLOAT_LIT  偏移，並進入狀態 26
    INT_LIT    偏移，並進入狀態 27
    BOOL_LIT   偏移，並進入狀態 28
    '('        偏移，並進入狀態 42

    CalculateFun  進入狀態 197
    factor6       進入狀態 33
    factor5       進入狀態 34
    factor4       進入狀態 35
    factor3       進入狀態 36
    factor2       進入狀態 37
    factor        進入狀態 38
    sign          進入狀態 39
    term          進入狀態 40


狀態 191

   43 Stmt: FOR '(' $@11 forParm ')' • '{' StmtList '}'

    '{'  偏移，並進入狀態 198


狀態 192

   41 Stmt: WHILE '(' $@9 CalculateFun ')' • '{' $@10 StmtList '}'

    '{'  偏移，並進入狀態 199


狀態 193

   50 ifStmt: '{' • $@12 StmtList '}'

    $default  使用規則 49 以縮減 ($@12)

    $@12  進入狀態 200


狀態 194

   28 StmtList: StmtList • Stmt
   51 ifStmt: StmtList •

    COUT        偏移，並進入狀態 126
    BNT         偏移，並進入狀態 21
    SUB         偏移，並進入狀態 22
    NOT         偏移，並進入狀態 23
    IF          偏移，並進入狀態 127
    ELSE        偏移，並進入狀態 128
    FOR         偏移，並進入狀態 129
    WHILE       偏移，並進入狀態 130
    RETURN      偏移，並進入狀態 131
    BREAK       偏移，並進入狀態 132
    VARIABLE_T  偏移，並進入狀態 133
    IDENT       偏移，並進入狀態 24
    STR_LIT     偏移，並進入狀態 25
    FLOAT_LIT   偏移，並進入狀態 26
    INT_LIT     偏移，並進入狀態 27
    BOOL_LIT    偏移，並進入狀態 28
    '('         偏移，並進入狀態 29
    ';'         偏移，並進入狀態 134
    '['         偏移，並進入狀態 17

    COUT        [使用規則 51 以縮減 (ifStmt)]
    BNT         [使用規則 51 以縮減 (ifStmt)]
    SUB         [使用規則 51 以縮減 (ifStmt)]
    NOT         [使用規則 51 以縮減 (ifStmt)]
    IF          [使用規則 51 以縮減 (ifStmt)]
    ELSE        [使用規則 51 以縮減 (ifStmt)]
    FOR         [使用規則 51 以縮減 (ifStmt)]
    WHILE       [使用規則 51 以縮減 (ifStmt)]
    RETURN      [使用規則 51 以縮減 (ifStmt)]
    BREAK       [使用規則 51 以縮減 (ifStmt)]
    VARIABLE_T  [使用規則 51 以縮減 (ifStmt)]
    IDENT       [使用規則 51 以縮減 (ifStmt)]
    STR_LIT     [使用規則 51 以縮減 (ifStmt)]
    FLOAT_LIT   [使用規則 51 以縮減 (ifStmt)]
    INT_LIT     [使用規則 51 以縮減 (ifStmt)]
    BOOL_LIT    [使用規則 51 以縮減 (ifStmt)]
    '('         [使用規則 51 以縮減 (ifStmt)]
    ';'         [使用規則 10 以縮減 (DefineVariableStmt)]
    ';'         [使用規則 51 以縮減 (ifStmt)]
    '['         [使用規則 51 以縮減 (ifStmt)]
    $default    使用規則 51 以縮減 (ifStmt)

    DefineVariableStmt  進入狀態 135
    Stmt                進入狀態 149
    ArrayParameterStmt  進入狀態 30
    Expression          進入狀態 138
    CalculateFun        進入狀態 32
    factor6             進入狀態 33
    factor5             進入狀態 34
    factor4             進入狀態 35
    factor3             進入狀態 36
    factor2             進入狀態 37
    factor              進入狀態 38
    sign                進入狀態 39
    term                進入狀態 40
    assignvar           進入狀態 139


狀態 195

   36 Stmt: IF '(' Expression $@7 ')' ifStmt •

    $default  使用規則 36 以縮減 (Stmt)


狀態 196

   47 forParm: DefineVariableStmt ';' CalculateFun • ';' AddAdd
   67 CalculateFun: CalculateFun • LOR factor6

    LOR  偏移，並進入狀態 61
    ';'  偏移，並進入狀態 201


狀態 197

   48 forParm: DefineVariableStmt ':' CalculateFun •
   67 CalculateFun: CalculateFun • LOR factor6

    LOR  偏移，並進入狀態 61

    $default  使用規則 48 以縮減 (forParm)


狀態 198

   43 Stmt: FOR '(' $@11 forParm ')' '{' • StmtList '}'

    COUT        偏移，並進入狀態 126
    BNT         偏移，並進入狀態 21
    SUB         偏移，並進入狀態 22
    NOT         偏移，並進入狀態 23
    IF          偏移，並進入狀態 127
    ELSE        偏移，並進入狀態 128
    FOR         偏移，並進入狀態 129
    WHILE       偏移，並進入狀態 130
    RETURN      偏移，並進入狀態 131
    BREAK       偏移，並進入狀態 132
    VARIABLE_T  偏移，並進入狀態 133
    IDENT       偏移，並進入狀態 24
    STR_LIT     偏移，並進入狀態 25
    FLOAT_LIT   偏移，並進入狀態 26
    INT_LIT     偏移，並進入狀態 27
    BOOL_LIT    偏移，並進入狀態 28
    '('         偏移，並進入狀態 29
    ';'         偏移，並進入狀態 134
    '['         偏移，並進入狀態 17

    ';'  [使用規則 10 以縮減 (DefineVariableStmt)]

    DefineVariableStmt  進入狀態 135
    StmtList            進入狀態 202
    Stmt                進入狀態 137
    ArrayParameterStmt  進入狀態 30
    Expression          進入狀態 138
    CalculateFun        進入狀態 32
    factor6             進入狀態 33
    factor5             進入狀態 34
    factor4             進入狀態 35
    factor3             進入狀態 36
    factor2             進入狀態 37
    factor              進入狀態 38
    sign                進入狀態 39
    term                進入狀態 40
    assignvar           進入狀態 139


狀態 199

   41 Stmt: WHILE '(' $@9 CalculateFun ')' '{' • $@10 StmtList '}'

    $default  使用規則 40 以縮減 ($@10)

    $@10  進入狀態 203


狀態 200

   50 ifStmt: '{' $@12 • StmtList '}'

    COUT        偏移，並進入狀態 126
    BNT         偏移，並進入狀態 21
    SUB         偏移，並進入狀態 22
    NOT         偏移，並進入狀態 23
    IF          偏移，並進入狀態 127
    ELSE        偏移，並進入狀態 128
    FOR         偏移，並進入狀態 129
    WHILE       偏移，並進入狀態 130
    RETURN      偏移，並進入狀態 131
    BREAK       偏移，並進入狀態 132
    VARIABLE_T  偏移，並進入狀態 133
    IDENT       偏移，並進入狀態 24
    STR_LIT     偏移，並進入狀態 25
    FLOAT_LIT   偏移，並進入狀態 26
    INT_LIT     偏移，並進入狀態 27
    BOOL_LIT    偏移，並進入狀態 28
    '('         偏移，並進入狀態 29
    ';'         偏移，並進入狀態 134
    '['         偏移，並進入狀態 17

    ';'  [使用規則 10 以縮減 (DefineVariableStmt)]

    DefineVariableStmt  進入狀態 135
    StmtList            進入狀態 204
    Stmt                進入狀態 137
    ArrayParameterStmt  進入狀態 30
    Expression          進入狀態 138
    CalculateFun        進入狀態 32
    factor6             進入狀態 33
    factor5             進入狀態 34
    factor4             進入狀態 35
    factor3             進入狀態 36
    factor2             進入狀態 37
    factor              進入狀態 38
    sign                進入狀態 39
    term                進入狀態 40
    assignvar           進入狀態 139


狀態 201

   47 forParm: DefineVariableStmt ';' CalculateFun ';' • AddAdd

    BNT        偏移，並進入狀態 21
    SUB        偏移，並進入狀態 22
    NOT        偏移，並進入狀態 23
    IDENT      偏移，並進入狀態 24
    STR_LIT    偏移，並進入狀態 25
    FLOAT_LIT  偏移，並進入狀態 26
    INT_LIT    偏移，並進入狀態 27
    BOOL_LIT   偏移，並進入狀態 28
    '('        偏移，並進入狀態 29
    '['        偏移，並進入狀態 17

    ArrayParameterStmt  進入狀態 30
    Expression          進入狀態 205
    CalculateFun        進入狀態 32
    factor6             進入狀態 33
    factor5             進入狀態 34
    factor4             進入狀態 35
    factor3             進入狀態 36
    factor2             進入狀態 37
    factor              進入狀態 38
    sign                進入狀態 39
    term                進入狀態 40
    assignvar           進入狀態 206
    AddAdd              進入狀態 207


狀態 202

   28 StmtList: StmtList • Stmt
   43 Stmt: FOR '(' $@11 forParm ')' '{' StmtList • '}'

    COUT        偏移，並進入狀態 126
    BNT         偏移，並進入狀態 21
    SUB         偏移，並進入狀態 22
    NOT         偏移，並進入狀態 23
    IF          偏移，並進入狀態 127
    ELSE        偏移，並進入狀態 128
    FOR         偏移，並進入狀態 129
    WHILE       偏移，並進入狀態 130
    RETURN      偏移，並進入狀態 131
    BREAK       偏移，並進入狀態 132
    VARIABLE_T  偏移，並進入狀態 133
    IDENT       偏移，並進入狀態 24
    STR_LIT     偏移，並進入狀態 25
    FLOAT_LIT   偏移，並進入狀態 26
    INT_LIT     偏移，並進入狀態 27
    BOOL_LIT    偏移，並進入狀態 28
    '}'         偏移，並進入狀態 208
    '('         偏移，並進入狀態 29
    ';'         偏移，並進入狀態 134
    '['         偏移，並進入狀態 17

    ';'  [使用規則 10 以縮減 (DefineVariableStmt)]

    DefineVariableStmt  進入狀態 135
    Stmt                進入狀態 149
    ArrayParameterStmt  進入狀態 30
    Expression          進入狀態 138
    CalculateFun        進入狀態 32
    factor6             進入狀態 33
    factor5             進入狀態 34
    factor4             進入狀態 35
    factor3             進入狀態 36
    factor2             進入狀態 37
    factor              進入狀態 38
    sign                進入狀態 39
    term                進入狀態 40
    assignvar           進入狀態 139


狀態 203

   41 Stmt: WHILE '(' $@9 CalculateFun ')' '{' $@10 • StmtList '}'

    COUT        偏移，並進入狀態 126
    BNT         偏移，並進入狀態 21
    SUB         偏移，並進入狀態 22
    NOT         偏移，並進入狀態 23
    IF          偏移，並進入狀態 127
    ELSE        偏移，並進入狀態 128
    FOR         偏移，並進入狀態 129
    WHILE       偏移，並進入狀態 130
    RETURN      偏移，並進入狀態 131
    BREAK       偏移，並進入狀態 132
    VARIABLE_T  偏移，並進入狀態 133
    IDENT       偏移，並進入狀態 24
    STR_LIT     偏移，並進入狀態 25
    FLOAT_LIT   偏移，並進入狀態 26
    INT_LIT     偏移，並進入狀態 27
    BOOL_LIT    偏移，並進入狀態 28
    '('         偏移，並進入狀態 29
    ';'         偏移，並進入狀態 134
    '['         偏移，並進入狀態 17

    ';'  [使用規則 10 以縮減 (DefineVariableStmt)]

    DefineVariableStmt  進入狀態 135
    StmtList            進入狀態 209
    Stmt                進入狀態 137
    ArrayParameterStmt  進入狀態 30
    Expression          進入狀態 138
    CalculateFun        進入狀態 32
    factor6             進入狀態 33
    factor5             進入狀態 34
    factor4             進入狀態 35
    factor3             進入狀態 36
    factor2             進入狀態 37
    factor              進入狀態 38
    sign                進入狀態 39
    term                進入狀態 40
    assignvar           進入狀態 139


狀態 204

   28 StmtList: StmtList • Stmt
   50 ifStmt: '{' $@12 StmtList • '}'

    COUT        偏移，並進入狀態 126
    BNT         偏移，並進入狀態 21
    SUB         偏移，並進入狀態 22
    NOT         偏移，並進入狀態 23
    IF          偏移，並進入狀態 127
    ELSE        偏移，並進入狀態 128
    FOR         偏移，並進入狀態 129
    WHILE       偏移，並進入狀態 130
    RETURN      偏移，並進入狀態 131
    BREAK       偏移，並進入狀態 132
    VARIABLE_T  偏移，並進入狀態 133
    IDENT       偏移，並進入狀態 24
    STR_LIT     偏移，並進入狀態 25
    FLOAT_LIT   偏移，並進入狀態 26
    INT_LIT     偏移，並進入狀態 27
    BOOL_LIT    偏移，並進入狀態 28
    '}'         偏移，並進入狀態 210
    '('         偏移，並進入狀態 29
    ';'         偏移，並進入狀態 134
    '['         偏移，並進入狀態 17

    ';'  [使用規則 10 以縮減 (DefineVariableStmt)]

    DefineVariableStmt  進入狀態 135
    Stmt                進入狀態 149
    ArrayParameterStmt  進入狀態 30
    Expression          進入狀態 138
    CalculateFun        進入狀態 32
    factor6             進入狀態 33
    factor5             進入狀態 34
    factor4             進入狀態 35
    factor3             進入狀態 36
    factor2             進入狀態 37
    factor              進入狀態 38
    sign                進入狀態 39
    term                進入狀態 40
    assignvar           進入狀態 139


狀態 205

  102 assignvar: Expression • VAL_ASSIGN Expression
  103          | Expression • ADD_ASSIGN Expression
  104          | Expression • SUB_ASSIGN Expression
  105          | Expression • MUL_ASSIGN Expression
  106          | Expression • DIV_ASSIGN Expression
  107          | Expression • REM_ASSIGN Expression
  108          | Expression • SHR_ASSIGN Expression
  109          | Expression • SHL_ASSIGN Expression
  110          | Expression • BAN_ASSIGN Expression
  111          | Expression • BOR_ASSIGN Expression
  112          | Expression • BXO_ASSIGN Expression
  113 AddAdd: Expression • INC_ASSIGN
  114       | Expression • DEC_ASSIGN

    VAL_ASSIGN  偏移，並進入狀態 150
    ADD_ASSIGN  偏移，並進入狀態 151
    SUB_ASSIGN  偏移，並進入狀態 152
    MUL_ASSIGN  偏移，並進入狀態 153
    DIV_ASSIGN  偏移，並進入狀態 154
    REM_ASSIGN  偏移，並進入狀態 155
    BAN_ASSIGN  偏移，並進入狀態 156
    BOR_ASSIGN  偏移，並進入狀態 157
    BXO_ASSIGN  偏移，並進入狀態 158
    SHR_ASSIGN  偏移，並進入狀態 159
    SHL_ASSIGN  偏移，並進入狀態 160
    INC_ASSIGN  偏移，並進入狀態 211
    DEC_ASSIGN  偏移，並進入狀態 212


狀態 206

  115 AddAdd: assignvar •

    $default  使用規則 115 以縮減 (AddAdd)


狀態 207

   47 forParm: DefineVariableStmt ';' CalculateFun ';' AddAdd •

    $default  使用規則 47 以縮減 (forParm)


狀態 208

   43 Stmt: FOR '(' $@11 forParm ')' '{' StmtList '}' •

    $default  使用規則 43 以縮減 (Stmt)


狀態 209

   28 StmtList: StmtList • Stmt
   41 Stmt: WHILE '(' $@9 CalculateFun ')' '{' $@10 StmtList • '}'

    COUT        偏移，並進入狀態 126
    BNT         偏移，並進入狀態 21
    SUB         偏移，並進入狀態 22
    NOT         偏移，並進入狀態 23
    IF          偏移，並進入狀態 127
    ELSE        偏移，並進入狀態 128
    FOR         偏移，並進入狀態 129
    WHILE       偏移，並進入狀態 130
    RETURN      偏移，並進入狀態 131
    BREAK       偏移，並進入狀態 132
    VARIABLE_T  偏移，並進入狀態 133
    IDENT       偏移，並進入狀態 24
    STR_LIT     偏移，並進入狀態 25
    FLOAT_LIT   偏移，並進入狀態 26
    INT_LIT     偏移，並進入狀態 27
    BOOL_LIT    偏移，並進入狀態 28
    '}'         偏移，並進入狀態 213
    '('         偏移，並進入狀態 29
    ';'         偏移，並進入狀態 134
    '['         偏移，並進入狀態 17

    ';'  [使用規則 10 以縮減 (DefineVariableStmt)]

    DefineVariableStmt  進入狀態 135
    Stmt                進入狀態 149
    ArrayParameterStmt  進入狀態 30
    Expression          進入狀態 138
    CalculateFun        進入狀態 32
    factor6             進入狀態 33
    factor5             進入狀態 34
    factor4             進入狀態 35
    factor3             進入狀態 36
    factor2             進入狀態 37
    factor              進入狀態 38
    sign                進入狀態 39
    term                進入狀態 40
    assignvar           進入狀態 139


狀態 210

   50 ifStmt: '{' $@12 StmtList '}' •

    $default  使用規則 50 以縮減 (ifStmt)


狀態 211

  113 AddAdd: Expression INC_ASSIGN •

    $default  使用規則 113 以縮減 (AddAdd)


狀態 212

  114 AddAdd: Expression DEC_ASSIGN •

    $default  使用規則 114 以縮減 (AddAdd)


狀態 213

   41 Stmt: WHILE '(' $@9 CalculateFun ')' '{' $@10 StmtList '}' •

    $default  使用規則 41 以縮減 (Stmt)
