未在文法中使用終結語詞

    LEQ
    CONTINUE
    NEG


規則由於衝突而在剖析器中無用

    3 Program: ε


狀態 0 衝突：1 項縮減/縮減
狀態 2 衝突：1 項偏移/縮減
狀態 4 衝突：1 項偏移/縮減
狀態 5 衝突：1 項偏移/縮減，1 項縮減/縮減
狀態 24 衝突：1 項偏移/縮減，1 項縮減/縮減
狀態 37 衝突：1 項偏移/縮減
狀態 41 衝突：1 項偏移/縮減
狀態 59 衝突：1 項偏移/縮減
狀態 88 衝突：1 項偏移/縮減
狀態 102 衝突：1 項偏移/縮減
狀態 114 衝突：38 項縮減/縮減
狀態 121 衝突：1 項偏移/縮減
狀態 131 衝突：10 項偏移/縮減
狀態 136 衝突：1 項偏移/縮減
狀態 169 衝突：1 項偏移/縮減
狀態 187 衝突：1 項偏移/縮減
狀態 209 衝突：1 項偏移/縮減
狀態 218 衝突：1 項偏移/縮減
狀態 220 衝突：1 項偏移/縮減
狀態 222 衝突：1 項偏移/縮減
狀態 224 衝突：1 項偏移/縮減
狀態 227 衝突：1 項偏移/縮減
狀態 232 衝突：1 項偏移/縮減


文法

    0 $accept: Program $end

    1 $@1: ε

    2 Program: $@1 GlobalStmtList
    3        | ε

    4 GlobalStmtList: GlobalStmtList GlobalStmt
    5               | GlobalStmt

    6 GlobalStmt: DefineVariableStmt
    7           | FunctionDefStmt

    8 $@2: ε

    9 DefineVariableStmt: VARIABLE_T $@2 DefineVariableStmtList
   10                   | ε

   11 DefineVariableStmtList: DefineVariableStmtList ',' IDENT
   12                       | DefineVariableStmtList ',' IDENT VAL_ASSIGN Expression
   13                       | IDENT
   14                       | IDENT VAL_ASSIGN Expression

   15 $@3: ε

   16 $@4: ε

   17 DefineVariableStmtList: IDENT ArrayParameterStmt $@3 VAL_ASSIGN '{' $@4 Callist '}'
   18                       | IDENT ArrayParameterStmt
   19                       | IDENT ArrayParameterStmt ArrayParameterStmt

   20 $@5: ε

   21 $@6: ε

   22 $@7: ε

   23 FunctionDefStmt: VARIABLE_T IDENT $@5 '(' $@6 FunctionParameterStmtList $@7 ')' '{' StmtList '}'

   24 FunctionParameterStmtList: FunctionParameterStmtList ',' FunctionParameterStmt
   25                          | FunctionParameterStmt
   26                          | ε

   27 FunctionParameterStmt: VARIABLE_T IDENT
   28                      | VARIABLE_T IDENT ArrayParameterStmt

   29 StmtList: StmtList Stmt
   30         | Stmt

   31 Stmt: ';'
   32     | COUT CoutParmListStmt ';'
   33     | RETURN Expression ';'
   34     | assignvar ';'
   35     | DefineVariableStmt ';'

   36 $@8: ε

   37 $@9: ε

   38 Stmt: IF $@8 '(' Expression $@9 ')' ifStmt

   39 $@10: ε

   40 Stmt: ELSE $@10 '{' StmtList '}'

   41 $@11: ε

   42 $@12: ε

   43 $@13: ε

   44 $@14: ε

   45 Stmt: WHILE $@11 '(' $@12 CalculateFun ')' $@13 '{' $@14 StmtList '}'

   46 $@15: ε

   47 $@16: ε

   48 Stmt: FOR '(' $@15 forParm ')' $@16 '{' StmtList '}'
   49     | BREAK
   50     | RETURN
   51     | Expression

   52 $@17: ε

   53 $@18: ε

   54 forParm: DefineVariableStmt ';' $@17 CalculateFun $@18 ';' AddAdd
   55        | DefineVariableStmt ':' CalculateFun

   56 $@19: ε

   57 ifStmt: '{' $@19 StmtList '}'
   58       | Stmt

   59 $@20: ε

   60 CoutParmListStmt: CoutParmListStmt $@20 SHL Expression

   61 $@21: ε

   62 CoutParmListStmt: $@21 SHL Expression

   63 ArrayParameterStmt: '[' term ']'
   64                   | '[' ']'

   65 Expression: '(' Expression ')'
   66           | ArrayParameterStmt
   67           | CalculateFun
   68           | IDENT '(' Callist ')'

   69 $@22: ε

   70 Expression: IDENT $@22 dimension

   71 $@23: ε

   72 dimension: dimension '[' $@23 term ']'
   73          | '[' term ']'

   74 Callist: CalculateFun ',' Callist
   75        | CalculateFun
   76        | ε

   77 CalculateFun: factor6
   78             | CalculateFun LOR factor6

   79 factor6: factor5
   80        | factor6 LAN factor5

   81 factor5: factor4
   82        | factor5 BAN factor4
   83        | factor5 BOR factor4
   84        | factor5 BXO factor4

   85 factor4: factor3
   86        | factor4 GTR factor3
   87        | factor4 LES factor3
   88        | factor4 NEQ factor3
   89        | factor4 EQL factor3
   90        | factor4 GEQ factor3

   91 factor3: factor2
   92        | factor3 SHR factor2

   93 factor2: factor
   94        | factor2 ADD factor
   95        | factor2 SUB factor

   96 factor: sign
   97       | factor DIV sign
   98       | factor MUL sign
   99       | factor REM sign

  100 sign: term
  101     | SUB term
  102     | NOT term
  103     | NOT NOT term
  104     | BNT term

  105 term: '(' CalculateFun ')'
  106     | '(' VARIABLE_T ')' sign
  107     | INT_LIT
  108     | FLOAT_LIT
  109     | BOOL_LIT
  110     | IDENT
  111     | STR_LIT
  112     | IDENT '(' Callist ')'

  113 $@24: ε

  114 assignvar: Expression $@24 VAL_ASSIGN Expression

  115 $@25: ε

  116 assignvar: Expression $@25 ADD_ASSIGN Expression

  117 $@26: ε

  118 assignvar: Expression $@26 SUB_ASSIGN Expression

  119 $@27: ε

  120 assignvar: Expression $@27 MUL_ASSIGN Expression

  121 $@28: ε

  122 assignvar: Expression $@28 DIV_ASSIGN Expression

  123 $@29: ε

  124 assignvar: Expression $@29 REM_ASSIGN Expression

  125 $@30: ε

  126 assignvar: Expression $@30 SHR_ASSIGN Expression

  127 $@31: ε

  128 assignvar: Expression $@31 SHL_ASSIGN Expression

  129 $@32: ε

  130 assignvar: Expression $@32 BAN_ASSIGN Expression

  131 $@33: ε

  132 assignvar: Expression $@33 BOR_ASSIGN Expression

  133 $@34: ε

  134 assignvar: Expression $@34 BXO_ASSIGN Expression

  135 AddAdd: Expression INC_ASSIGN
  136       | Expression DEC_ASSIGN
  137       | assignvar


終結語詞，附有它們出現處的規則

    $end (0) 0
    '(' (40) 23 38 45 48 65 68 105 106 112
    ')' (41) 23 38 45 48 65 68 105 106 112
    ',' (44) 11 12 24 74
    ':' (58) 55
    ';' (59) 31 32 33 34 35 54
    '[' (91) 63 64 72 73
    ']' (93) 63 64 72 73
    '{' (123) 17 23 40 45 48 57
    '}' (125) 17 23 40 45 48 57
    error (256)
    COUT (258) 32
    SHR (259) 92
    SHL (260) 60 62
    BAN (261) 82
    BOR (262) 83
    BNT (263) 104
    BXO (264) 84
    ADD (265) 94
    SUB (266) 95 101
    MUL (267) 98
    DIV (268) 97
    REM (269) 99
    NOT (270) 102 103
    GTR (271) 86
    LES (272) 87
    GEQ (273) 90
    LEQ (274)
    EQL (275) 89
    NEQ (276) 88
    LAN (277) 80
    LOR (278) 78
    VAL_ASSIGN (279) 12 14 17 114
    ADD_ASSIGN (280) 116
    SUB_ASSIGN (281) 118
    MUL_ASSIGN (282) 120
    DIV_ASSIGN (283) 122
    REM_ASSIGN (284) 124
    BAN_ASSIGN (285) 130
    BOR_ASSIGN (286) 132
    BXO_ASSIGN (287) 134
    SHR_ASSIGN (288) 126
    SHL_ASSIGN (289) 128
    INC_ASSIGN (290) 135
    DEC_ASSIGN (291) 136
    IF (292) 38
    ELSE (293) 40
    FOR (294) 48
    WHILE (295) 45
    RETURN (296) 33 50
    BREAK (297) 49
    CONTINUE (298)
    VARIABLE_T <var_type> (299) 9 23 27 28 106
    IDENT <s_var> (300) 11 12 13 14 17 18 19 23 27 28 68 70 110 112
    STR_LIT <s_val > (301) 111
    FLOAT_LIT <f_var> (302) 108
    INT_LIT <i_var> (303) 107
    BOOL_LIT <b_var> (304) 109
    NEG (305)


非終結語詞，附有它們出現處的規則

    $accept (60)
        於左側： 0
    Program (61)
        於左側： 2 3
        於右側： 0
    $@1 (62)
        於左側： 1
        於右側： 2
    GlobalStmtList (63)
        於左側： 4 5
        於右側： 2 4
    GlobalStmt (64)
        於左側： 6 7
        於右側： 4 5
    DefineVariableStmt (65)
        於左側： 9 10
        於右側： 6 35 54 55
    $@2 (66)
        於左側： 8
        於右側： 9
    DefineVariableStmtList (67)
        於左側： 11 12 13 14 17 18 19
        於右側： 9 11 12
    $@3 (68)
        於左側： 15
        於右側： 17
    $@4 (69)
        於左側： 16
        於右側： 17
    FunctionDefStmt (70)
        於左側： 23
        於右側： 7
    $@5 (71)
        於左側： 20
        於右側： 23
    $@6 (72)
        於左側： 21
        於右側： 23
    $@7 (73)
        於左側： 22
        於右側： 23
    FunctionParameterStmtList (74)
        於左側： 24 25 26
        於右側： 23 24
    FunctionParameterStmt <object_val> (75)
        於左側： 27 28
        於右側： 24 25
    StmtList (76)
        於左側： 29 30
        於右側： 23 29 40 45 48 57
    Stmt (77)
        於左側： 31 32 33 34 35 38 40 45 48 49 50 51
        於右側： 29 30 58
    $@8 (78)
        於左側： 36
        於右側： 38
    $@9 (79)
        於左側： 37
        於右側： 38
    $@10 (80)
        於左側： 39
        於右側： 40
    $@11 (81)
        於左側： 41
        於右側： 45
    $@12 (82)
        於左側： 42
        於右側： 45
    $@13 (83)
        於左側： 43
        於右側： 45
    $@14 (84)
        於左側： 44
        於右側： 45
    $@15 (85)
        於左側： 46
        於右側： 48
    $@16 (86)
        於左側： 47
        於右側： 48
    forParm (87)
        於左側： 54 55
        於右側： 48
    $@17 (88)
        於左側： 52
        於右側： 54
    $@18 (89)
        於左側： 53
        於右側： 54
    ifStmt (90)
        於左側： 57 58
        於右側： 38
    $@19 (91)
        於左側： 56
        於右側： 57
    CoutParmListStmt (92)
        於左側： 60 62
        於右側： 32 60
    $@20 (93)
        於左側： 59
        於右側： 60
    $@21 (94)
        於左側： 61
        於右側： 62
    ArrayParameterStmt <i_var> (95)
        於左側： 63 64
        於右側： 17 18 19 28 66
    Expression <object_val> (96)
        於左側： 65 66 67 68 70
        於右側： 12 14 33 38 51 60 62 65 114 116 118 120 122 124 126 128 130 132 134 135 136
    $@22 (97)
        於左側： 69
        於右側： 70
    dimension (98)
        於左側： 72 73
        於右側： 70 72
    $@23 (99)
        於左側： 71
        於右側： 72
    Callist (100)
        於左側： 74 75 76
        於右側： 17 68 74 112
    CalculateFun <object_val> (101)
        於左側： 77 78
        於右側： 45 54 55 67 74 75 78 105
    factor6 <object_val> (102)
        於左側： 79 80
        於右側： 77 78 80
    factor5 <object_val> (103)
        於左側： 81 82 83 84
        於右側： 79 80 82 83 84
    factor4 <object_val> (104)
        於左側： 85 86 87 88 89 90
        於右側： 81 82 83 84 86 87 88 89 90
    factor3 <object_val> (105)
        於左側： 91 92
        於右側： 85 86 87 88 89 90 92
    factor2 <object_val> (106)
        於左側： 93 94 95
        於右側： 91 92 94 95
    factor <object_val> (107)
        於左側： 96 97 98 99
        於右側： 93 94 95 97 98 99
    sign <object_val> (108)
        於左側： 100 101 102 103 104
        於右側： 96 97 98 99 106
    term <object_val> (109)
        於左側： 105 106 107 108 109 110 111 112
        於右側： 63 72 73 100 101 102 103 104
    assignvar (110)
        於左側： 114 116 118 120 122 124 126 128 130 132 134
        於右側： 34 137
    $@24 (111)
        於左側： 113
        於右側： 114
    $@25 (112)
        於左側： 115
        於右側： 116
    $@26 (113)
        於左側： 117
        於右側： 118
    $@27 (114)
        於左側： 119
        於右側： 120
    $@28 (115)
        於左側： 121
        於右側： 122
    $@29 (116)
        於左側： 123
        於右側： 124
    $@30 (117)
        於左側： 125
        於右側： 126
    $@31 (118)
        於左側： 127
        於右側： 128
    $@32 (119)
        於左側： 129
        於右側： 130
    $@33 (120)
        於左側： 131
        於右側： 132
    $@34 (121)
        於左側： 133
        於右側： 134
    AddAdd (122)
        於左側： 135 136 137
        於右側： 54


狀態 0

    0 $accept: • Program $end

    $end      使用規則 1 以縮減 ($@1)
    $end      [使用規則 3 以縮減 (Program)]
    $default  使用規則 1 以縮減 ($@1)

    Program  進入狀態 1
    $@1      進入狀態 2


狀態 1

    0 $accept: Program • $end

    $end  偏移，並進入狀態 3


狀態 2

    2 Program: $@1 • GlobalStmtList

    VARIABLE_T  偏移，並進入狀態 4

    VARIABLE_T  [使用規則 10 以縮減 (DefineVariableStmt)]
    $default    使用規則 10 以縮減 (DefineVariableStmt)

    GlobalStmtList      進入狀態 5
    GlobalStmt          進入狀態 6
    DefineVariableStmt  進入狀態 7
    FunctionDefStmt     進入狀態 8


狀態 3

    0 $accept: Program $end •

    $default  接受


狀態 4

    9 DefineVariableStmt: VARIABLE_T • $@2 DefineVariableStmtList
   23 FunctionDefStmt: VARIABLE_T • IDENT $@5 '(' $@6 FunctionParameterStmtList $@7 ')' '{' StmtList '}'

    IDENT  偏移，並進入狀態 9

    IDENT  [使用規則 8 以縮減 ($@2)]

    $@2  進入狀態 10


狀態 5

    2 Program: $@1 GlobalStmtList •
    4 GlobalStmtList: GlobalStmtList • GlobalStmt

    VARIABLE_T  偏移，並進入狀態 4

    $end        使用規則 2 以縮減 (Program)
    $end        [使用規則 10 以縮減 (DefineVariableStmt)]
    VARIABLE_T  [使用規則 10 以縮減 (DefineVariableStmt)]
    $default    使用規則 2 以縮減 (Program)

    GlobalStmt          進入狀態 11
    DefineVariableStmt  進入狀態 7
    FunctionDefStmt     進入狀態 8


狀態 6

    5 GlobalStmtList: GlobalStmt •

    $default  使用規則 5 以縮減 (GlobalStmtList)


狀態 7

    6 GlobalStmt: DefineVariableStmt •

    $default  使用規則 6 以縮減 (GlobalStmt)


狀態 8

    7 GlobalStmt: FunctionDefStmt •

    $default  使用規則 7 以縮減 (GlobalStmt)


狀態 9

   23 FunctionDefStmt: VARIABLE_T IDENT • $@5 '(' $@6 FunctionParameterStmtList $@7 ')' '{' StmtList '}'

    $default  使用規則 20 以縮減 ($@5)

    $@5  進入狀態 12


狀態 10

    9 DefineVariableStmt: VARIABLE_T $@2 • DefineVariableStmtList

    IDENT  偏移，並進入狀態 13

    DefineVariableStmtList  進入狀態 14


狀態 11

    4 GlobalStmtList: GlobalStmtList GlobalStmt •

    $default  使用規則 4 以縮減 (GlobalStmtList)


狀態 12

   23 FunctionDefStmt: VARIABLE_T IDENT $@5 • '(' $@6 FunctionParameterStmtList $@7 ')' '{' StmtList '}'

    '('  偏移，並進入狀態 15


狀態 13

   13 DefineVariableStmtList: IDENT •
   14                       | IDENT • VAL_ASSIGN Expression
   17                       | IDENT • ArrayParameterStmt $@3 VAL_ASSIGN '{' $@4 Callist '}'
   18                       | IDENT • ArrayParameterStmt
   19                       | IDENT • ArrayParameterStmt ArrayParameterStmt

    VAL_ASSIGN  偏移，並進入狀態 16
    '['         偏移，並進入狀態 17

    $default  使用規則 13 以縮減 (DefineVariableStmtList)

    ArrayParameterStmt  進入狀態 18


狀態 14

    9 DefineVariableStmt: VARIABLE_T $@2 DefineVariableStmtList •
   11 DefineVariableStmtList: DefineVariableStmtList • ',' IDENT
   12                       | DefineVariableStmtList • ',' IDENT VAL_ASSIGN Expression

    ','  偏移，並進入狀態 19

    $default  使用規則 9 以縮減 (DefineVariableStmt)


狀態 15

   23 FunctionDefStmt: VARIABLE_T IDENT $@5 '(' • $@6 FunctionParameterStmtList $@7 ')' '{' StmtList '}'

    $default  使用規則 21 以縮減 ($@6)

    $@6  進入狀態 20


狀態 16

   14 DefineVariableStmtList: IDENT VAL_ASSIGN • Expression

    BNT        偏移，並進入狀態 21
    SUB        偏移，並進入狀態 22
    NOT        偏移，並進入狀態 23
    IDENT      偏移，並進入狀態 24
    STR_LIT    偏移，並進入狀態 25
    FLOAT_LIT  偏移，並進入狀態 26
    INT_LIT    偏移，並進入狀態 27
    BOOL_LIT   偏移，並進入狀態 28
    '('        偏移，並進入狀態 29
    '['        偏移，並進入狀態 17

    ArrayParameterStmt  進入狀態 30
    Expression          進入狀態 31
    CalculateFun        進入狀態 32
    factor6             進入狀態 33
    factor5             進入狀態 34
    factor4             進入狀態 35
    factor3             進入狀態 36
    factor2             進入狀態 37
    factor              進入狀態 38
    sign                進入狀態 39
    term                進入狀態 40


狀態 17

   63 ArrayParameterStmt: '[' • term ']'
   64                   | '[' • ']'

    IDENT      偏移，並進入狀態 41
    STR_LIT    偏移，並進入狀態 25
    FLOAT_LIT  偏移，並進入狀態 26
    INT_LIT    偏移，並進入狀態 27
    BOOL_LIT   偏移，並進入狀態 28
    '('        偏移，並進入狀態 42
    ']'        偏移，並進入狀態 43

    term  進入狀態 44


狀態 18

   17 DefineVariableStmtList: IDENT ArrayParameterStmt • $@3 VAL_ASSIGN '{' $@4 Callist '}'
   18                       | IDENT ArrayParameterStmt •
   19                       | IDENT ArrayParameterStmt • ArrayParameterStmt

    '['  偏移，並進入狀態 17

    VAL_ASSIGN  使用規則 15 以縮減 ($@3)
    $default    使用規則 18 以縮減 (DefineVariableStmtList)

    $@3                 進入狀態 45
    ArrayParameterStmt  進入狀態 46


狀態 19

   11 DefineVariableStmtList: DefineVariableStmtList ',' • IDENT
   12                       | DefineVariableStmtList ',' • IDENT VAL_ASSIGN Expression

    IDENT  偏移，並進入狀態 47


狀態 20

   23 FunctionDefStmt: VARIABLE_T IDENT $@5 '(' $@6 • FunctionParameterStmtList $@7 ')' '{' StmtList '}'

    VARIABLE_T  偏移，並進入狀態 48

    $default  使用規則 26 以縮減 (FunctionParameterStmtList)

    FunctionParameterStmtList  進入狀態 49
    FunctionParameterStmt      進入狀態 50


狀態 21

  104 sign: BNT • term

    IDENT      偏移，並進入狀態 41
    STR_LIT    偏移，並進入狀態 25
    FLOAT_LIT  偏移，並進入狀態 26
    INT_LIT    偏移，並進入狀態 27
    BOOL_LIT   偏移，並進入狀態 28
    '('        偏移，並進入狀態 42

    term  進入狀態 51


狀態 22

  101 sign: SUB • term

    IDENT      偏移，並進入狀態 41
    STR_LIT    偏移，並進入狀態 25
    FLOAT_LIT  偏移，並進入狀態 26
    INT_LIT    偏移，並進入狀態 27
    BOOL_LIT   偏移，並進入狀態 28
    '('        偏移，並進入狀態 42

    term  進入狀態 52


狀態 23

  102 sign: NOT • term
  103     | NOT • NOT term

    NOT        偏移，並進入狀態 53
    IDENT      偏移，並進入狀態 41
    STR_LIT    偏移，並進入狀態 25
    FLOAT_LIT  偏移，並進入狀態 26
    INT_LIT    偏移，並進入狀態 27
    BOOL_LIT   偏移，並進入狀態 28
    '('        偏移，並進入狀態 42

    term  進入狀態 54


狀態 24

   68 Expression: IDENT • '(' Callist ')'
   70           | IDENT • $@22 dimension
  110 term: IDENT •
  112     | IDENT • '(' Callist ')'

    '('  偏移，並進入狀態 55

    '('       [使用規則 110 以縮減 (term)]
    '['       使用規則 69 以縮減 ($@22)
    '['       [使用規則 110 以縮減 (term)]
    $default  使用規則 110 以縮減 (term)

    $@22  進入狀態 56


狀態 25

  111 term: STR_LIT •

    $default  使用規則 111 以縮減 (term)


狀態 26

  108 term: FLOAT_LIT •

    $default  使用規則 108 以縮減 (term)


狀態 27

  107 term: INT_LIT •

    $default  使用規則 107 以縮減 (term)


狀態 28

  109 term: BOOL_LIT •

    $default  使用規則 109 以縮減 (term)


狀態 29

   65 Expression: '(' • Expression ')'
  105 term: '(' • CalculateFun ')'
  106     | '(' • VARIABLE_T ')' sign

    BNT         偏移，並進入狀態 21
    SUB         偏移，並進入狀態 22
    NOT         偏移，並進入狀態 23
    VARIABLE_T  偏移，並進入狀態 57
    IDENT       偏移，並進入狀態 24
    STR_LIT     偏移，並進入狀態 25
    FLOAT_LIT   偏移，並進入狀態 26
    INT_LIT     偏移，並進入狀態 27
    BOOL_LIT    偏移，並進入狀態 28
    '('         偏移，並進入狀態 29
    '['         偏移，並進入狀態 17

    ArrayParameterStmt  進入狀態 30
    Expression          進入狀態 58
    CalculateFun        進入狀態 59
    factor6             進入狀態 33
    factor5             進入狀態 34
    factor4             進入狀態 35
    factor3             進入狀態 36
    factor2             進入狀態 37
    factor              進入狀態 38
    sign                進入狀態 39
    term                進入狀態 40


狀態 30

   66 Expression: ArrayParameterStmt •

    $default  使用規則 66 以縮減 (Expression)


狀態 31

   14 DefineVariableStmtList: IDENT VAL_ASSIGN Expression •

    $default  使用規則 14 以縮減 (DefineVariableStmtList)


狀態 32

   67 Expression: CalculateFun •
   78 CalculateFun: CalculateFun • LOR factor6

    LOR  偏移，並進入狀態 60

    $default  使用規則 67 以縮減 (Expression)


狀態 33

   77 CalculateFun: factor6 •
   80 factor6: factor6 • LAN factor5

    LAN  偏移，並進入狀態 61

    $default  使用規則 77 以縮減 (CalculateFun)


狀態 34

   79 factor6: factor5 •
   82 factor5: factor5 • BAN factor4
   83        | factor5 • BOR factor4
   84        | factor5 • BXO factor4

    BAN  偏移，並進入狀態 62
    BOR  偏移，並進入狀態 63
    BXO  偏移，並進入狀態 64

    $default  使用規則 79 以縮減 (factor6)


狀態 35

   81 factor5: factor4 •
   86 factor4: factor4 • GTR factor3
   87        | factor4 • LES factor3
   88        | factor4 • NEQ factor3
   89        | factor4 • EQL factor3
   90        | factor4 • GEQ factor3

    GTR  偏移，並進入狀態 65
    LES  偏移，並進入狀態 66
    GEQ  偏移，並進入狀態 67
    EQL  偏移，並進入狀態 68
    NEQ  偏移，並進入狀態 69

    $default  使用規則 81 以縮減 (factor5)


狀態 36

   85 factor4: factor3 •
   92 factor3: factor3 • SHR factor2

    SHR  偏移，並進入狀態 70

    $default  使用規則 85 以縮減 (factor4)


狀態 37

   91 factor3: factor2 •
   94 factor2: factor2 • ADD factor
   95        | factor2 • SUB factor

    ADD  偏移，並進入狀態 71
    SUB  偏移，並進入狀態 72

    SUB       [使用規則 91 以縮減 (factor3)]
    $default  使用規則 91 以縮減 (factor3)


狀態 38

   93 factor2: factor •
   97 factor: factor • DIV sign
   98       | factor • MUL sign
   99       | factor • REM sign

    MUL  偏移，並進入狀態 73
    DIV  偏移，並進入狀態 74
    REM  偏移，並進入狀態 75

    $default  使用規則 93 以縮減 (factor2)


狀態 39

   96 factor: sign •

    $default  使用規則 96 以縮減 (factor)


狀態 40

  100 sign: term •

    $default  使用規則 100 以縮減 (sign)


狀態 41

  110 term: IDENT •
  112     | IDENT • '(' Callist ')'

    '('  偏移，並進入狀態 76

    '('       [使用規則 110 以縮減 (term)]
    $default  使用規則 110 以縮減 (term)


狀態 42

  105 term: '(' • CalculateFun ')'
  106     | '(' • VARIABLE_T ')' sign

    BNT         偏移，並進入狀態 21
    SUB         偏移，並進入狀態 22
    NOT         偏移，並進入狀態 23
    VARIABLE_T  偏移，並進入狀態 57
    IDENT       偏移，並進入狀態 41
    STR_LIT     偏移，並進入狀態 25
    FLOAT_LIT   偏移，並進入狀態 26
    INT_LIT     偏移，並進入狀態 27
    BOOL_LIT    偏移，並進入狀態 28
    '('         偏移，並進入狀態 42

    CalculateFun  進入狀態 77
    factor6       進入狀態 33
    factor5       進入狀態 34
    factor4       進入狀態 35
    factor3       進入狀態 36
    factor2       進入狀態 37
    factor        進入狀態 38
    sign          進入狀態 39
    term          進入狀態 40


狀態 43

   64 ArrayParameterStmt: '[' ']' •

    $default  使用規則 64 以縮減 (ArrayParameterStmt)


狀態 44

   63 ArrayParameterStmt: '[' term • ']'

    ']'  偏移，並進入狀態 78


狀態 45

   17 DefineVariableStmtList: IDENT ArrayParameterStmt $@3 • VAL_ASSIGN '{' $@4 Callist '}'

    VAL_ASSIGN  偏移，並進入狀態 79


狀態 46

   19 DefineVariableStmtList: IDENT ArrayParameterStmt ArrayParameterStmt •

    $default  使用規則 19 以縮減 (DefineVariableStmtList)


狀態 47

   11 DefineVariableStmtList: DefineVariableStmtList ',' IDENT •
   12                       | DefineVariableStmtList ',' IDENT • VAL_ASSIGN Expression

    VAL_ASSIGN  偏移，並進入狀態 80

    $default  使用規則 11 以縮減 (DefineVariableStmtList)


狀態 48

   27 FunctionParameterStmt: VARIABLE_T • IDENT
   28                      | VARIABLE_T • IDENT ArrayParameterStmt

    IDENT  偏移，並進入狀態 81


狀態 49

   23 FunctionDefStmt: VARIABLE_T IDENT $@5 '(' $@6 FunctionParameterStmtList • $@7 ')' '{' StmtList '}'
   24 FunctionParameterStmtList: FunctionParameterStmtList • ',' FunctionParameterStmt

    ','  偏移，並進入狀態 82

    $default  使用規則 22 以縮減 ($@7)

    $@7  進入狀態 83


狀態 50

   25 FunctionParameterStmtList: FunctionParameterStmt •

    $default  使用規則 25 以縮減 (FunctionParameterStmtList)


狀態 51

  104 sign: BNT term •

    $default  使用規則 104 以縮減 (sign)


狀態 52

  101 sign: SUB term •

    $default  使用規則 101 以縮減 (sign)


狀態 53

  103 sign: NOT NOT • term

    IDENT      偏移，並進入狀態 41
    STR_LIT    偏移，並進入狀態 25
    FLOAT_LIT  偏移，並進入狀態 26
    INT_LIT    偏移，並進入狀態 27
    BOOL_LIT   偏移，並進入狀態 28
    '('        偏移，並進入狀態 42

    term  進入狀態 84


狀態 54

  102 sign: NOT term •

    $default  使用規則 102 以縮減 (sign)


狀態 55

   68 Expression: IDENT '(' • Callist ')'
  112 term: IDENT '(' • Callist ')'

    BNT        偏移，並進入狀態 21
    SUB        偏移，並進入狀態 22
    NOT        偏移，並進入狀態 23
    IDENT      偏移，並進入狀態 41
    STR_LIT    偏移，並進入狀態 25
    FLOAT_LIT  偏移，並進入狀態 26
    INT_LIT    偏移，並進入狀態 27
    BOOL_LIT   偏移，並進入狀態 28
    '('        偏移，並進入狀態 42

    $default  使用規則 76 以縮減 (Callist)

    Callist       進入狀態 85
    CalculateFun  進入狀態 86
    factor6       進入狀態 33
    factor5       進入狀態 34
    factor4       進入狀態 35
    factor3       進入狀態 36
    factor2       進入狀態 37
    factor        進入狀態 38
    sign          進入狀態 39
    term          進入狀態 40


狀態 56

   70 Expression: IDENT $@22 • dimension

    '['  偏移，並進入狀態 87

    dimension  進入狀態 88


狀態 57

  106 term: '(' VARIABLE_T • ')' sign

    ')'  偏移，並進入狀態 89


狀態 58

   65 Expression: '(' Expression • ')'

    ')'  偏移，並進入狀態 90


狀態 59

   67 Expression: CalculateFun •
   78 CalculateFun: CalculateFun • LOR factor6
  105 term: '(' CalculateFun • ')'

    LOR  偏移，並進入狀態 60
    ')'  偏移，並進入狀態 91

    ')'  [使用規則 67 以縮減 (Expression)]


狀態 60

   78 CalculateFun: CalculateFun LOR • factor6

    BNT        偏移，並進入狀態 21
    SUB        偏移，並進入狀態 22
    NOT        偏移，並進入狀態 23
    IDENT      偏移，並進入狀態 41
    STR_LIT    偏移，並進入狀態 25
    FLOAT_LIT  偏移，並進入狀態 26
    INT_LIT    偏移，並進入狀態 27
    BOOL_LIT   偏移，並進入狀態 28
    '('        偏移，並進入狀態 42

    factor6  進入狀態 92
    factor5  進入狀態 34
    factor4  進入狀態 35
    factor3  進入狀態 36
    factor2  進入狀態 37
    factor   進入狀態 38
    sign     進入狀態 39
    term     進入狀態 40


狀態 61

   80 factor6: factor6 LAN • factor5

    BNT        偏移，並進入狀態 21
    SUB        偏移，並進入狀態 22
    NOT        偏移，並進入狀態 23
    IDENT      偏移，並進入狀態 41
    STR_LIT    偏移，並進入狀態 25
    FLOAT_LIT  偏移，並進入狀態 26
    INT_LIT    偏移，並進入狀態 27
    BOOL_LIT   偏移，並進入狀態 28
    '('        偏移，並進入狀態 42

    factor5  進入狀態 93
    factor4  進入狀態 35
    factor3  進入狀態 36
    factor2  進入狀態 37
    factor   進入狀態 38
    sign     進入狀態 39
    term     進入狀態 40


狀態 62

   82 factor5: factor5 BAN • factor4

    BNT        偏移，並進入狀態 21
    SUB        偏移，並進入狀態 22
    NOT        偏移，並進入狀態 23
    IDENT      偏移，並進入狀態 41
    STR_LIT    偏移，並進入狀態 25
    FLOAT_LIT  偏移，並進入狀態 26
    INT_LIT    偏移，並進入狀態 27
    BOOL_LIT   偏移，並進入狀態 28
    '('        偏移，並進入狀態 42

    factor4  進入狀態 94
    factor3  進入狀態 36
    factor2  進入狀態 37
    factor   進入狀態 38
    sign     進入狀態 39
    term     進入狀態 40


狀態 63

   83 factor5: factor5 BOR • factor4

    BNT        偏移，並進入狀態 21
    SUB        偏移，並進入狀態 22
    NOT        偏移，並進入狀態 23
    IDENT      偏移，並進入狀態 41
    STR_LIT    偏移，並進入狀態 25
    FLOAT_LIT  偏移，並進入狀態 26
    INT_LIT    偏移，並進入狀態 27
    BOOL_LIT   偏移，並進入狀態 28
    '('        偏移，並進入狀態 42

    factor4  進入狀態 95
    factor3  進入狀態 36
    factor2  進入狀態 37
    factor   進入狀態 38
    sign     進入狀態 39
    term     進入狀態 40


狀態 64

   84 factor5: factor5 BXO • factor4

    BNT        偏移，並進入狀態 21
    SUB        偏移，並進入狀態 22
    NOT        偏移，並進入狀態 23
    IDENT      偏移，並進入狀態 41
    STR_LIT    偏移，並進入狀態 25
    FLOAT_LIT  偏移，並進入狀態 26
    INT_LIT    偏移，並進入狀態 27
    BOOL_LIT   偏移，並進入狀態 28
    '('        偏移，並進入狀態 42

    factor4  進入狀態 96
    factor3  進入狀態 36
    factor2  進入狀態 37
    factor   進入狀態 38
    sign     進入狀態 39
    term     進入狀態 40


狀態 65

   86 factor4: factor4 GTR • factor3

    BNT        偏移，並進入狀態 21
    SUB        偏移，並進入狀態 22
    NOT        偏移，並進入狀態 23
    IDENT      偏移，並進入狀態 41
    STR_LIT    偏移，並進入狀態 25
    FLOAT_LIT  偏移，並進入狀態 26
    INT_LIT    偏移，並進入狀態 27
    BOOL_LIT   偏移，並進入狀態 28
    '('        偏移，並進入狀態 42

    factor3  進入狀態 97
    factor2  進入狀態 37
    factor   進入狀態 38
    sign     進入狀態 39
    term     進入狀態 40


狀態 66

   87 factor4: factor4 LES • factor3

    BNT        偏移，並進入狀態 21
    SUB        偏移，並進入狀態 22
    NOT        偏移，並進入狀態 23
    IDENT      偏移，並進入狀態 41
    STR_LIT    偏移，並進入狀態 25
    FLOAT_LIT  偏移，並進入狀態 26
    INT_LIT    偏移，並進入狀態 27
    BOOL_LIT   偏移，並進入狀態 28
    '('        偏移，並進入狀態 42

    factor3  進入狀態 98
    factor2  進入狀態 37
    factor   進入狀態 38
    sign     進入狀態 39
    term     進入狀態 40


狀態 67

   90 factor4: factor4 GEQ • factor3

    BNT        偏移，並進入狀態 21
    SUB        偏移，並進入狀態 22
    NOT        偏移，並進入狀態 23
    IDENT      偏移，並進入狀態 41
    STR_LIT    偏移，並進入狀態 25
    FLOAT_LIT  偏移，並進入狀態 26
    INT_LIT    偏移，並進入狀態 27
    BOOL_LIT   偏移，並進入狀態 28
    '('        偏移，並進入狀態 42

    factor3  進入狀態 99
    factor2  進入狀態 37
    factor   進入狀態 38
    sign     進入狀態 39
    term     進入狀態 40


狀態 68

   89 factor4: factor4 EQL • factor3

    BNT        偏移，並進入狀態 21
    SUB        偏移，並進入狀態 22
    NOT        偏移，並進入狀態 23
    IDENT      偏移，並進入狀態 41
    STR_LIT    偏移，並進入狀態 25
    FLOAT_LIT  偏移，並進入狀態 26
    INT_LIT    偏移，並進入狀態 27
    BOOL_LIT   偏移，並進入狀態 28
    '('        偏移，並進入狀態 42

    factor3  進入狀態 100
    factor2  進入狀態 37
    factor   進入狀態 38
    sign     進入狀態 39
    term     進入狀態 40


狀態 69

   88 factor4: factor4 NEQ • factor3

    BNT        偏移，並進入狀態 21
    SUB        偏移，並進入狀態 22
    NOT        偏移，並進入狀態 23
    IDENT      偏移，並進入狀態 41
    STR_LIT    偏移，並進入狀態 25
    FLOAT_LIT  偏移，並進入狀態 26
    INT_LIT    偏移，並進入狀態 27
    BOOL_LIT   偏移，並進入狀態 28
    '('        偏移，並進入狀態 42

    factor3  進入狀態 101
    factor2  進入狀態 37
    factor   進入狀態 38
    sign     進入狀態 39
    term     進入狀態 40


狀態 70

   92 factor3: factor3 SHR • factor2

    BNT        偏移，並進入狀態 21
    SUB        偏移，並進入狀態 22
    NOT        偏移，並進入狀態 23
    IDENT      偏移，並進入狀態 41
    STR_LIT    偏移，並進入狀態 25
    FLOAT_LIT  偏移，並進入狀態 26
    INT_LIT    偏移，並進入狀態 27
    BOOL_LIT   偏移，並進入狀態 28
    '('        偏移，並進入狀態 42

    factor2  進入狀態 102
    factor   進入狀態 38
    sign     進入狀態 39
    term     進入狀態 40


狀態 71

   94 factor2: factor2 ADD • factor

    BNT        偏移，並進入狀態 21
    SUB        偏移，並進入狀態 22
    NOT        偏移，並進入狀態 23
    IDENT      偏移，並進入狀態 41
    STR_LIT    偏移，並進入狀態 25
    FLOAT_LIT  偏移，並進入狀態 26
    INT_LIT    偏移，並進入狀態 27
    BOOL_LIT   偏移，並進入狀態 28
    '('        偏移，並進入狀態 42

    factor  進入狀態 103
    sign    進入狀態 39
    term    進入狀態 40


狀態 72

   95 factor2: factor2 SUB • factor

    BNT        偏移，並進入狀態 21
    SUB        偏移，並進入狀態 22
    NOT        偏移，並進入狀態 23
    IDENT      偏移，並進入狀態 41
    STR_LIT    偏移，並進入狀態 25
    FLOAT_LIT  偏移，並進入狀態 26
    INT_LIT    偏移，並進入狀態 27
    BOOL_LIT   偏移，並進入狀態 28
    '('        偏移，並進入狀態 42

    factor  進入狀態 104
    sign    進入狀態 39
    term    進入狀態 40


狀態 73

   98 factor: factor MUL • sign

    BNT        偏移，並進入狀態 21
    SUB        偏移，並進入狀態 22
    NOT        偏移，並進入狀態 23
    IDENT      偏移，並進入狀態 41
    STR_LIT    偏移，並進入狀態 25
    FLOAT_LIT  偏移，並進入狀態 26
    INT_LIT    偏移，並進入狀態 27
    BOOL_LIT   偏移，並進入狀態 28
    '('        偏移，並進入狀態 42

    sign  進入狀態 105
    term  進入狀態 40


狀態 74

   97 factor: factor DIV • sign

    BNT        偏移，並進入狀態 21
    SUB        偏移，並進入狀態 22
    NOT        偏移，並進入狀態 23
    IDENT      偏移，並進入狀態 41
    STR_LIT    偏移，並進入狀態 25
    FLOAT_LIT  偏移，並進入狀態 26
    INT_LIT    偏移，並進入狀態 27
    BOOL_LIT   偏移，並進入狀態 28
    '('        偏移，並進入狀態 42

    sign  進入狀態 106
    term  進入狀態 40


狀態 75

   99 factor: factor REM • sign

    BNT        偏移，並進入狀態 21
    SUB        偏移，並進入狀態 22
    NOT        偏移，並進入狀態 23
    IDENT      偏移，並進入狀態 41
    STR_LIT    偏移，並進入狀態 25
    FLOAT_LIT  偏移，並進入狀態 26
    INT_LIT    偏移，並進入狀態 27
    BOOL_LIT   偏移，並進入狀態 28
    '('        偏移，並進入狀態 42

    sign  進入狀態 107
    term  進入狀態 40


狀態 76

  112 term: IDENT '(' • Callist ')'

    BNT        偏移，並進入狀態 21
    SUB        偏移，並進入狀態 22
    NOT        偏移，並進入狀態 23
    IDENT      偏移，並進入狀態 41
    STR_LIT    偏移，並進入狀態 25
    FLOAT_LIT  偏移，並進入狀態 26
    INT_LIT    偏移，並進入狀態 27
    BOOL_LIT   偏移，並進入狀態 28
    '('        偏移，並進入狀態 42

    $default  使用規則 76 以縮減 (Callist)

    Callist       進入狀態 108
    CalculateFun  進入狀態 86
    factor6       進入狀態 33
    factor5       進入狀態 34
    factor4       進入狀態 35
    factor3       進入狀態 36
    factor2       進入狀態 37
    factor        進入狀態 38
    sign          進入狀態 39
    term          進入狀態 40


狀態 77

   78 CalculateFun: CalculateFun • LOR factor6
  105 term: '(' CalculateFun • ')'

    LOR  偏移，並進入狀態 60
    ')'  偏移，並進入狀態 91


狀態 78

   63 ArrayParameterStmt: '[' term ']' •

    $default  使用規則 63 以縮減 (ArrayParameterStmt)


狀態 79

   17 DefineVariableStmtList: IDENT ArrayParameterStmt $@3 VAL_ASSIGN • '{' $@4 Callist '}'

    '{'  偏移，並進入狀態 109


狀態 80

   12 DefineVariableStmtList: DefineVariableStmtList ',' IDENT VAL_ASSIGN • Expression

    BNT        偏移，並進入狀態 21
    SUB        偏移，並進入狀態 22
    NOT        偏移，並進入狀態 23
    IDENT      偏移，並進入狀態 24
    STR_LIT    偏移，並進入狀態 25
    FLOAT_LIT  偏移，並進入狀態 26
    INT_LIT    偏移，並進入狀態 27
    BOOL_LIT   偏移，並進入狀態 28
    '('        偏移，並進入狀態 29
    '['        偏移，並進入狀態 17

    ArrayParameterStmt  進入狀態 30
    Expression          進入狀態 110
    CalculateFun        進入狀態 32
    factor6             進入狀態 33
    factor5             進入狀態 34
    factor4             進入狀態 35
    factor3             進入狀態 36
    factor2             進入狀態 37
    factor              進入狀態 38
    sign                進入狀態 39
    term                進入狀態 40


狀態 81

   27 FunctionParameterStmt: VARIABLE_T IDENT •
   28                      | VARIABLE_T IDENT • ArrayParameterStmt

    '['  偏移，並進入狀態 17

    $default  使用規則 27 以縮減 (FunctionParameterStmt)

    ArrayParameterStmt  進入狀態 111


狀態 82

   24 FunctionParameterStmtList: FunctionParameterStmtList ',' • FunctionParameterStmt

    VARIABLE_T  偏移，並進入狀態 48

    FunctionParameterStmt  進入狀態 112


狀態 83

   23 FunctionDefStmt: VARIABLE_T IDENT $@5 '(' $@6 FunctionParameterStmtList $@7 • ')' '{' StmtList '}'

    ')'  偏移，並進入狀態 113


狀態 84

  103 sign: NOT NOT term •

    $default  使用規則 103 以縮減 (sign)


狀態 85

   68 Expression: IDENT '(' Callist • ')'
  112 term: IDENT '(' Callist • ')'

    ')'  偏移，並進入狀態 114


狀態 86

   74 Callist: CalculateFun • ',' Callist
   75        | CalculateFun •
   78 CalculateFun: CalculateFun • LOR factor6

    LOR  偏移，並進入狀態 60
    ','  偏移，並進入狀態 115

    $default  使用規則 75 以縮減 (Callist)


狀態 87

   73 dimension: '[' • term ']'

    IDENT      偏移，並進入狀態 41
    STR_LIT    偏移，並進入狀態 25
    FLOAT_LIT  偏移，並進入狀態 26
    INT_LIT    偏移，並進入狀態 27
    BOOL_LIT   偏移，並進入狀態 28
    '('        偏移，並進入狀態 42

    term  進入狀態 116


狀態 88

   70 Expression: IDENT $@22 dimension •
   72 dimension: dimension • '[' $@23 term ']'

    '['  偏移，並進入狀態 117

    '['       [使用規則 70 以縮減 (Expression)]
    $default  使用規則 70 以縮減 (Expression)


狀態 89

  106 term: '(' VARIABLE_T ')' • sign

    BNT        偏移，並進入狀態 21
    SUB        偏移，並進入狀態 22
    NOT        偏移，並進入狀態 23
    IDENT      偏移，並進入狀態 41
    STR_LIT    偏移，並進入狀態 25
    FLOAT_LIT  偏移，並進入狀態 26
    INT_LIT    偏移，並進入狀態 27
    BOOL_LIT   偏移，並進入狀態 28
    '('        偏移，並進入狀態 42

    sign  進入狀態 118
    term  進入狀態 40


狀態 90

   65 Expression: '(' Expression ')' •

    $default  使用規則 65 以縮減 (Expression)


狀態 91

  105 term: '(' CalculateFun ')' •

    $default  使用規則 105 以縮減 (term)


狀態 92

   78 CalculateFun: CalculateFun LOR factor6 •
   80 factor6: factor6 • LAN factor5

    LAN  偏移，並進入狀態 61

    $default  使用規則 78 以縮減 (CalculateFun)


狀態 93

   80 factor6: factor6 LAN factor5 •
   82 factor5: factor5 • BAN factor4
   83        | factor5 • BOR factor4
   84        | factor5 • BXO factor4

    BAN  偏移，並進入狀態 62
    BOR  偏移，並進入狀態 63
    BXO  偏移，並進入狀態 64

    $default  使用規則 80 以縮減 (factor6)


狀態 94

   82 factor5: factor5 BAN factor4 •
   86 factor4: factor4 • GTR factor3
   87        | factor4 • LES factor3
   88        | factor4 • NEQ factor3
   89        | factor4 • EQL factor3
   90        | factor4 • GEQ factor3

    GTR  偏移，並進入狀態 65
    LES  偏移，並進入狀態 66
    GEQ  偏移，並進入狀態 67
    EQL  偏移，並進入狀態 68
    NEQ  偏移，並進入狀態 69

    $default  使用規則 82 以縮減 (factor5)


狀態 95

   83 factor5: factor5 BOR factor4 •
   86 factor4: factor4 • GTR factor3
   87        | factor4 • LES factor3
   88        | factor4 • NEQ factor3
   89        | factor4 • EQL factor3
   90        | factor4 • GEQ factor3

    GTR  偏移，並進入狀態 65
    LES  偏移，並進入狀態 66
    GEQ  偏移，並進入狀態 67
    EQL  偏移，並進入狀態 68
    NEQ  偏移，並進入狀態 69

    $default  使用規則 83 以縮減 (factor5)


狀態 96

   84 factor5: factor5 BXO factor4 •
   86 factor4: factor4 • GTR factor3
   87        | factor4 • LES factor3
   88        | factor4 • NEQ factor3
   89        | factor4 • EQL factor3
   90        | factor4 • GEQ factor3

    GTR  偏移，並進入狀態 65
    LES  偏移，並進入狀態 66
    GEQ  偏移，並進入狀態 67
    EQL  偏移，並進入狀態 68
    NEQ  偏移，並進入狀態 69

    $default  使用規則 84 以縮減 (factor5)


狀態 97

   86 factor4: factor4 GTR factor3 •
   92 factor3: factor3 • SHR factor2

    SHR  偏移，並進入狀態 70

    $default  使用規則 86 以縮減 (factor4)


狀態 98

   87 factor4: factor4 LES factor3 •
   92 factor3: factor3 • SHR factor2

    SHR  偏移，並進入狀態 70

    $default  使用規則 87 以縮減 (factor4)


狀態 99

   90 factor4: factor4 GEQ factor3 •
   92 factor3: factor3 • SHR factor2

    SHR  偏移，並進入狀態 70

    $default  使用規則 90 以縮減 (factor4)


狀態 100

   89 factor4: factor4 EQL factor3 •
   92 factor3: factor3 • SHR factor2

    SHR  偏移，並進入狀態 70

    $default  使用規則 89 以縮減 (factor4)


狀態 101

   88 factor4: factor4 NEQ factor3 •
   92 factor3: factor3 • SHR factor2

    SHR  偏移，並進入狀態 70

    $default  使用規則 88 以縮減 (factor4)


狀態 102

   92 factor3: factor3 SHR factor2 •
   94 factor2: factor2 • ADD factor
   95        | factor2 • SUB factor

    ADD  偏移，並進入狀態 71
    SUB  偏移，並進入狀態 72

    SUB       [使用規則 92 以縮減 (factor3)]
    $default  使用規則 92 以縮減 (factor3)


狀態 103

   94 factor2: factor2 ADD factor •
   97 factor: factor • DIV sign
   98       | factor • MUL sign
   99       | factor • REM sign

    MUL  偏移，並進入狀態 73
    DIV  偏移，並進入狀態 74
    REM  偏移，並進入狀態 75

    $default  使用規則 94 以縮減 (factor2)


狀態 104

   95 factor2: factor2 SUB factor •
   97 factor: factor • DIV sign
   98       | factor • MUL sign
   99       | factor • REM sign

    MUL  偏移，並進入狀態 73
    DIV  偏移，並進入狀態 74
    REM  偏移，並進入狀態 75

    $default  使用規則 95 以縮減 (factor2)


狀態 105

   98 factor: factor MUL sign •

    $default  使用規則 98 以縮減 (factor)


狀態 106

   97 factor: factor DIV sign •

    $default  使用規則 97 以縮減 (factor)


狀態 107

   99 factor: factor REM sign •

    $default  使用規則 99 以縮減 (factor)


狀態 108

  112 term: IDENT '(' Callist • ')'

    ')'  偏移，並進入狀態 119


狀態 109

   17 DefineVariableStmtList: IDENT ArrayParameterStmt $@3 VAL_ASSIGN '{' • $@4 Callist '}'

    $default  使用規則 16 以縮減 ($@4)

    $@4  進入狀態 120


狀態 110

   12 DefineVariableStmtList: DefineVariableStmtList ',' IDENT VAL_ASSIGN Expression •

    $default  使用規則 12 以縮減 (DefineVariableStmtList)


狀態 111

   28 FunctionParameterStmt: VARIABLE_T IDENT ArrayParameterStmt •

    $default  使用規則 28 以縮減 (FunctionParameterStmt)


狀態 112

   24 FunctionParameterStmtList: FunctionParameterStmtList ',' FunctionParameterStmt •

    $default  使用規則 24 以縮減 (FunctionParameterStmtList)


狀態 113

   23 FunctionDefStmt: VARIABLE_T IDENT $@5 '(' $@6 FunctionParameterStmtList $@7 ')' • '{' StmtList '}'

    '{'  偏移，並進入狀態 121


狀態 114

   68 Expression: IDENT '(' Callist ')' •
  112 term: IDENT '(' Callist ')' •

    $end        使用規則 68 以縮減 (Expression)
    $end        [使用規則 112 以縮減 (term)]
    COUT        使用規則 68 以縮減 (Expression)
    COUT        [使用規則 112 以縮減 (term)]
    SHR         使用規則 112 以縮減 (term)
    SHL         使用規則 68 以縮減 (Expression)
    SHL         [使用規則 112 以縮減 (term)]
    BAN         使用規則 112 以縮減 (term)
    BOR         使用規則 112 以縮減 (term)
    BNT         使用規則 68 以縮減 (Expression)
    BNT         [使用規則 112 以縮減 (term)]
    BXO         使用規則 112 以縮減 (term)
    ADD         使用規則 112 以縮減 (term)
    SUB         使用規則 68 以縮減 (Expression)
    SUB         [使用規則 112 以縮減 (term)]
    MUL         使用規則 112 以縮減 (term)
    DIV         使用規則 112 以縮減 (term)
    REM         使用規則 112 以縮減 (term)
    NOT         使用規則 68 以縮減 (Expression)
    NOT         [使用規則 112 以縮減 (term)]
    GTR         使用規則 112 以縮減 (term)
    LES         使用規則 112 以縮減 (term)
    GEQ         使用規則 112 以縮減 (term)
    EQL         使用規則 112 以縮減 (term)
    NEQ         使用規則 112 以縮減 (term)
    LAN         使用規則 112 以縮減 (term)
    LOR         使用規則 112 以縮減 (term)
    VAL_ASSIGN  使用規則 68 以縮減 (Expression)
    VAL_ASSIGN  [使用規則 112 以縮減 (term)]
    ADD_ASSIGN  使用規則 68 以縮減 (Expression)
    ADD_ASSIGN  [使用規則 112 以縮減 (term)]
    SUB_ASSIGN  使用規則 68 以縮減 (Expression)
    SUB_ASSIGN  [使用規則 112 以縮減 (term)]
    MUL_ASSIGN  使用規則 68 以縮減 (Expression)
    MUL_ASSIGN  [使用規則 112 以縮減 (term)]
    DIV_ASSIGN  使用規則 68 以縮減 (Expression)
    DIV_ASSIGN  [使用規則 112 以縮減 (term)]
    REM_ASSIGN  使用規則 68 以縮減 (Expression)
    REM_ASSIGN  [使用規則 112 以縮減 (term)]
    BAN_ASSIGN  使用規則 68 以縮減 (Expression)
    BAN_ASSIGN  [使用規則 112 以縮減 (term)]
    BOR_ASSIGN  使用規則 68 以縮減 (Expression)
    BOR_ASSIGN  [使用規則 112 以縮減 (term)]
    BXO_ASSIGN  使用規則 68 以縮減 (Expression)
    BXO_ASSIGN  [使用規則 112 以縮減 (term)]
    SHR_ASSIGN  使用規則 68 以縮減 (Expression)
    SHR_ASSIGN  [使用規則 112 以縮減 (term)]
    SHL_ASSIGN  使用規則 68 以縮減 (Expression)
    SHL_ASSIGN  [使用規則 112 以縮減 (term)]
    INC_ASSIGN  使用規則 68 以縮減 (Expression)
    INC_ASSIGN  [使用規則 112 以縮減 (term)]
    DEC_ASSIGN  使用規則 68 以縮減 (Expression)
    DEC_ASSIGN  [使用規則 112 以縮減 (term)]
    IF          使用規則 68 以縮減 (Expression)
    IF          [使用規則 112 以縮減 (term)]
    ELSE        使用規則 68 以縮減 (Expression)
    ELSE        [使用規則 112 以縮減 (term)]
    FOR         使用規則 68 以縮減 (Expression)
    FOR         [使用規則 112 以縮減 (term)]
    WHILE       使用規則 68 以縮減 (Expression)
    WHILE       [使用規則 112 以縮減 (term)]
    RETURN      使用規則 68 以縮減 (Expression)
    RETURN      [使用規則 112 以縮減 (term)]
    BREAK       使用規則 68 以縮減 (Expression)
    BREAK       [使用規則 112 以縮減 (term)]
    VARIABLE_T  使用規則 68 以縮減 (Expression)
    VARIABLE_T  [使用規則 112 以縮減 (term)]
    IDENT       使用規則 68 以縮減 (Expression)
    IDENT       [使用規則 112 以縮減 (term)]
    STR_LIT     使用規則 68 以縮減 (Expression)
    STR_LIT     [使用規則 112 以縮減 (term)]
    FLOAT_LIT   使用規則 68 以縮減 (Expression)
    FLOAT_LIT   [使用規則 112 以縮減 (term)]
    INT_LIT     使用規則 68 以縮減 (Expression)
    INT_LIT     [使用規則 112 以縮減 (term)]
    BOOL_LIT    使用規則 68 以縮減 (Expression)
    BOOL_LIT    [使用規則 112 以縮減 (term)]
    ','         使用規則 68 以縮減 (Expression)
    ','         [使用規則 112 以縮減 (term)]
    '}'         使用規則 68 以縮減 (Expression)
    '}'         [使用規則 112 以縮減 (term)]
    '('         使用規則 68 以縮減 (Expression)
    '('         [使用規則 112 以縮減 (term)]
    ')'         使用規則 68 以縮減 (Expression)
    ')'         [使用規則 112 以縮減 (term)]
    ';'         使用規則 68 以縮減 (Expression)
    ';'         [使用規則 112 以縮減 (term)]
    ':'         使用規則 68 以縮減 (Expression)
    ':'         [使用規則 112 以縮減 (term)]
    '['         使用規則 68 以縮減 (Expression)
    '['         [使用規則 112 以縮減 (term)]
    $default    使用規則 68 以縮減 (Expression)


狀態 115

   74 Callist: CalculateFun ',' • Callist

    BNT        偏移，並進入狀態 21
    SUB        偏移，並進入狀態 22
    NOT        偏移，並進入狀態 23
    IDENT      偏移，並進入狀態 41
    STR_LIT    偏移，並進入狀態 25
    FLOAT_LIT  偏移，並進入狀態 26
    INT_LIT    偏移，並進入狀態 27
    BOOL_LIT   偏移，並進入狀態 28
    '('        偏移，並進入狀態 42

    $default  使用規則 76 以縮減 (Callist)

    Callist       進入狀態 122
    CalculateFun  進入狀態 86
    factor6       進入狀態 33
    factor5       進入狀態 34
    factor4       進入狀態 35
    factor3       進入狀態 36
    factor2       進入狀態 37
    factor        進入狀態 38
    sign          進入狀態 39
    term          進入狀態 40


狀態 116

   73 dimension: '[' term • ']'

    ']'  偏移，並進入狀態 123


狀態 117

   72 dimension: dimension '[' • $@23 term ']'

    $default  使用規則 71 以縮減 ($@23)

    $@23  進入狀態 124


狀態 118

  106 term: '(' VARIABLE_T ')' sign •

    $default  使用規則 106 以縮減 (term)


狀態 119

  112 term: IDENT '(' Callist ')' •

    $default  使用規則 112 以縮減 (term)


狀態 120

   17 DefineVariableStmtList: IDENT ArrayParameterStmt $@3 VAL_ASSIGN '{' $@4 • Callist '}'

    BNT        偏移，並進入狀態 21
    SUB        偏移，並進入狀態 22
    NOT        偏移，並進入狀態 23
    IDENT      偏移，並進入狀態 41
    STR_LIT    偏移，並進入狀態 25
    FLOAT_LIT  偏移，並進入狀態 26
    INT_LIT    偏移，並進入狀態 27
    BOOL_LIT   偏移，並進入狀態 28
    '('        偏移，並進入狀態 42

    $default  使用規則 76 以縮減 (Callist)

    Callist       進入狀態 125
    CalculateFun  進入狀態 86
    factor6       進入狀態 33
    factor5       進入狀態 34
    factor4       進入狀態 35
    factor3       進入狀態 36
    factor2       進入狀態 37
    factor        進入狀態 38
    sign          進入狀態 39
    term          進入狀態 40


狀態 121

   23 FunctionDefStmt: VARIABLE_T IDENT $@5 '(' $@6 FunctionParameterStmtList $@7 ')' '{' • StmtList '}'

    COUT        偏移，並進入狀態 126
    BNT         偏移，並進入狀態 21
    SUB         偏移，並進入狀態 22
    NOT         偏移，並進入狀態 23
    IF          偏移，並進入狀態 127
    ELSE        偏移，並進入狀態 128
    FOR         偏移，並進入狀態 129
    WHILE       偏移，並進入狀態 130
    RETURN      偏移，並進入狀態 131
    BREAK       偏移，並進入狀態 132
    VARIABLE_T  偏移，並進入狀態 133
    IDENT       偏移，並進入狀態 24
    STR_LIT     偏移，並進入狀態 25
    FLOAT_LIT   偏移，並進入狀態 26
    INT_LIT     偏移，並進入狀態 27
    BOOL_LIT    偏移，並進入狀態 28
    '('         偏移，並進入狀態 29
    ';'         偏移，並進入狀態 134
    '['         偏移，並進入狀態 17

    ';'  [使用規則 10 以縮減 (DefineVariableStmt)]

    DefineVariableStmt  進入狀態 135
    StmtList            進入狀態 136
    Stmt                進入狀態 137
    ArrayParameterStmt  進入狀態 30
    Expression          進入狀態 138
    CalculateFun        進入狀態 32
    factor6             進入狀態 33
    factor5             進入狀態 34
    factor4             進入狀態 35
    factor3             進入狀態 36
    factor2             進入狀態 37
    factor              進入狀態 38
    sign                進入狀態 39
    term                進入狀態 40
    assignvar           進入狀態 139


狀態 122

   74 Callist: CalculateFun ',' Callist •

    $default  使用規則 74 以縮減 (Callist)


狀態 123

   73 dimension: '[' term ']' •

    $default  使用規則 73 以縮減 (dimension)


狀態 124

   72 dimension: dimension '[' $@23 • term ']'

    IDENT      偏移，並進入狀態 41
    STR_LIT    偏移，並進入狀態 25
    FLOAT_LIT  偏移，並進入狀態 26
    INT_LIT    偏移，並進入狀態 27
    BOOL_LIT   偏移，並進入狀態 28
    '('        偏移，並進入狀態 42

    term  進入狀態 140


狀態 125

   17 DefineVariableStmtList: IDENT ArrayParameterStmt $@3 VAL_ASSIGN '{' $@4 Callist • '}'

    '}'  偏移，並進入狀態 141


狀態 126

   32 Stmt: COUT • CoutParmListStmt ';'

    $default  使用規則 61 以縮減 ($@21)

    CoutParmListStmt  進入狀態 142
    $@21              進入狀態 143


狀態 127

   38 Stmt: IF • $@8 '(' Expression $@9 ')' ifStmt

    $default  使用規則 36 以縮減 ($@8)

    $@8  進入狀態 144


狀態 128

   40 Stmt: ELSE • $@10 '{' StmtList '}'

    $default  使用規則 39 以縮減 ($@10)

    $@10  進入狀態 145


狀態 129

   48 Stmt: FOR • '(' $@15 forParm ')' $@16 '{' StmtList '}'

    '('  偏移，並進入狀態 146


狀態 130

   45 Stmt: WHILE • $@11 '(' $@12 CalculateFun ')' $@13 '{' $@14 StmtList '}'

    $default  使用規則 41 以縮減 ($@11)

    $@11  進入狀態 147


狀態 131

   33 Stmt: RETURN • Expression ';'
   50     | RETURN •

    BNT        偏移，並進入狀態 21
    SUB        偏移，並進入狀態 22
    NOT        偏移，並進入狀態 23
    IDENT      偏移，並進入狀態 24
    STR_LIT    偏移，並進入狀態 25
    FLOAT_LIT  偏移，並進入狀態 26
    INT_LIT    偏移，並進入狀態 27
    BOOL_LIT   偏移，並進入狀態 28
    '('        偏移，並進入狀態 29
    '['        偏移，並進入狀態 17

    BNT        [使用規則 50 以縮減 (Stmt)]
    SUB        [使用規則 50 以縮減 (Stmt)]
    NOT        [使用規則 50 以縮減 (Stmt)]
    IDENT      [使用規則 50 以縮減 (Stmt)]
    STR_LIT    [使用規則 50 以縮減 (Stmt)]
    FLOAT_LIT  [使用規則 50 以縮減 (Stmt)]
    INT_LIT    [使用規則 50 以縮減 (Stmt)]
    BOOL_LIT   [使用規則 50 以縮減 (Stmt)]
    '('        [使用規則 50 以縮減 (Stmt)]
    '['        [使用規則 50 以縮減 (Stmt)]
    $default   使用規則 50 以縮減 (Stmt)

    ArrayParameterStmt  進入狀態 30
    Expression          進入狀態 148
    CalculateFun        進入狀態 32
    factor6             進入狀態 33
    factor5             進入狀態 34
    factor4             進入狀態 35
    factor3             進入狀態 36
    factor2             進入狀態 37
    factor              進入狀態 38
    sign                進入狀態 39
    term                進入狀態 40


狀態 132

   49 Stmt: BREAK •

    $default  使用規則 49 以縮減 (Stmt)


狀態 133

    9 DefineVariableStmt: VARIABLE_T • $@2 DefineVariableStmtList

    $default  使用規則 8 以縮減 ($@2)

    $@2  進入狀態 10


狀態 134

   31 Stmt: ';' •

    $default  使用規則 31 以縮減 (Stmt)


狀態 135

   35 Stmt: DefineVariableStmt • ';'

    ';'  偏移，並進入狀態 149


狀態 136

   23 FunctionDefStmt: VARIABLE_T IDENT $@5 '(' $@6 FunctionParameterStmtList $@7 ')' '{' StmtList • '}'
   29 StmtList: StmtList • Stmt

    COUT        偏移，並進入狀態 126
    BNT         偏移，並進入狀態 21
    SUB         偏移，並進入狀態 22
    NOT         偏移，並進入狀態 23
    IF          偏移，並進入狀態 127
    ELSE        偏移，並進入狀態 128
    FOR         偏移，並進入狀態 129
    WHILE       偏移，並進入狀態 130
    RETURN      偏移，並進入狀態 131
    BREAK       偏移，並進入狀態 132
    VARIABLE_T  偏移，並進入狀態 133
    IDENT       偏移，並進入狀態 24
    STR_LIT     偏移，並進入狀態 25
    FLOAT_LIT   偏移，並進入狀態 26
    INT_LIT     偏移，並進入狀態 27
    BOOL_LIT    偏移，並進入狀態 28
    '}'         偏移，並進入狀態 150
    '('         偏移，並進入狀態 29
    ';'         偏移，並進入狀態 134
    '['         偏移，並進入狀態 17

    ';'  [使用規則 10 以縮減 (DefineVariableStmt)]

    DefineVariableStmt  進入狀態 135
    Stmt                進入狀態 151
    ArrayParameterStmt  進入狀態 30
    Expression          進入狀態 138
    CalculateFun        進入狀態 32
    factor6             進入狀態 33
    factor5             進入狀態 34
    factor4             進入狀態 35
    factor3             進入狀態 36
    factor2             進入狀態 37
    factor              進入狀態 38
    sign                進入狀態 39
    term                進入狀態 40
    assignvar           進入狀態 139


狀態 137

   30 StmtList: Stmt •

    $default  使用規則 30 以縮減 (StmtList)


狀態 138

   51 Stmt: Expression •
  114 assignvar: Expression • $@24 VAL_ASSIGN Expression
  116          | Expression • $@25 ADD_ASSIGN Expression
  118          | Expression • $@26 SUB_ASSIGN Expression
  120          | Expression • $@27 MUL_ASSIGN Expression
  122          | Expression • $@28 DIV_ASSIGN Expression
  124          | Expression • $@29 REM_ASSIGN Expression
  126          | Expression • $@30 SHR_ASSIGN Expression
  128          | Expression • $@31 SHL_ASSIGN Expression
  130          | Expression • $@32 BAN_ASSIGN Expression
  132          | Expression • $@33 BOR_ASSIGN Expression
  134          | Expression • $@34 BXO_ASSIGN Expression

    VAL_ASSIGN  使用規則 113 以縮減 ($@24)
    ADD_ASSIGN  使用規則 115 以縮減 ($@25)
    SUB_ASSIGN  使用規則 117 以縮減 ($@26)
    MUL_ASSIGN  使用規則 119 以縮減 ($@27)
    DIV_ASSIGN  使用規則 121 以縮減 ($@28)
    REM_ASSIGN  使用規則 123 以縮減 ($@29)
    BAN_ASSIGN  使用規則 129 以縮減 ($@32)
    BOR_ASSIGN  使用規則 131 以縮減 ($@33)
    BXO_ASSIGN  使用規則 133 以縮減 ($@34)
    SHR_ASSIGN  使用規則 125 以縮減 ($@30)
    SHL_ASSIGN  使用規則 127 以縮減 ($@31)
    $default    使用規則 51 以縮減 (Stmt)

    $@24  進入狀態 152
    $@25  進入狀態 153
    $@26  進入狀態 154
    $@27  進入狀態 155
    $@28  進入狀態 156
    $@29  進入狀態 157
    $@30  進入狀態 158
    $@31  進入狀態 159
    $@32  進入狀態 160
    $@33  進入狀態 161
    $@34  進入狀態 162


狀態 139

   34 Stmt: assignvar • ';'

    ';'  偏移，並進入狀態 163


狀態 140

   72 dimension: dimension '[' $@23 term • ']'

    ']'  偏移，並進入狀態 164


狀態 141

   17 DefineVariableStmtList: IDENT ArrayParameterStmt $@3 VAL_ASSIGN '{' $@4 Callist '}' •

    $default  使用規則 17 以縮減 (DefineVariableStmtList)


狀態 142

   32 Stmt: COUT CoutParmListStmt • ';'
   60 CoutParmListStmt: CoutParmListStmt • $@20 SHL Expression

    ';'  偏移，並進入狀態 165

    $default  使用規則 59 以縮減 ($@20)

    $@20  進入狀態 166


狀態 143

   62 CoutParmListStmt: $@21 • SHL Expression

    SHL  偏移，並進入狀態 167


狀態 144

   38 Stmt: IF $@8 • '(' Expression $@9 ')' ifStmt

    '('  偏移，並進入狀態 168


狀態 145

   40 Stmt: ELSE $@10 • '{' StmtList '}'

    '{'  偏移，並進入狀態 169


狀態 146

   48 Stmt: FOR '(' • $@15 forParm ')' $@16 '{' StmtList '}'

    $default  使用規則 46 以縮減 ($@15)

    $@15  進入狀態 170


狀態 147

   45 Stmt: WHILE $@11 • '(' $@12 CalculateFun ')' $@13 '{' $@14 StmtList '}'

    '('  偏移，並進入狀態 171


狀態 148

   33 Stmt: RETURN Expression • ';'

    ';'  偏移，並進入狀態 172


狀態 149

   35 Stmt: DefineVariableStmt ';' •

    $default  使用規則 35 以縮減 (Stmt)


狀態 150

   23 FunctionDefStmt: VARIABLE_T IDENT $@5 '(' $@6 FunctionParameterStmtList $@7 ')' '{' StmtList '}' •

    $default  使用規則 23 以縮減 (FunctionDefStmt)


狀態 151

   29 StmtList: StmtList Stmt •

    $default  使用規則 29 以縮減 (StmtList)


狀態 152

  114 assignvar: Expression $@24 • VAL_ASSIGN Expression

    VAL_ASSIGN  偏移，並進入狀態 173


狀態 153

  116 assignvar: Expression $@25 • ADD_ASSIGN Expression

    ADD_ASSIGN  偏移，並進入狀態 174


狀態 154

  118 assignvar: Expression $@26 • SUB_ASSIGN Expression

    SUB_ASSIGN  偏移，並進入狀態 175


狀態 155

  120 assignvar: Expression $@27 • MUL_ASSIGN Expression

    MUL_ASSIGN  偏移，並進入狀態 176


狀態 156

  122 assignvar: Expression $@28 • DIV_ASSIGN Expression

    DIV_ASSIGN  偏移，並進入狀態 177


狀態 157

  124 assignvar: Expression $@29 • REM_ASSIGN Expression

    REM_ASSIGN  偏移，並進入狀態 178


狀態 158

  126 assignvar: Expression $@30 • SHR_ASSIGN Expression

    SHR_ASSIGN  偏移，並進入狀態 179


狀態 159

  128 assignvar: Expression $@31 • SHL_ASSIGN Expression

    SHL_ASSIGN  偏移，並進入狀態 180


狀態 160

  130 assignvar: Expression $@32 • BAN_ASSIGN Expression

    BAN_ASSIGN  偏移，並進入狀態 181


狀態 161

  132 assignvar: Expression $@33 • BOR_ASSIGN Expression

    BOR_ASSIGN  偏移，並進入狀態 182


狀態 162

  134 assignvar: Expression $@34 • BXO_ASSIGN Expression

    BXO_ASSIGN  偏移，並進入狀態 183


狀態 163

   34 Stmt: assignvar ';' •

    $default  使用規則 34 以縮減 (Stmt)


狀態 164

   72 dimension: dimension '[' $@23 term ']' •

    $default  使用規則 72 以縮減 (dimension)


狀態 165

   32 Stmt: COUT CoutParmListStmt ';' •

    $default  使用規則 32 以縮減 (Stmt)


狀態 166

   60 CoutParmListStmt: CoutParmListStmt $@20 • SHL Expression

    SHL  偏移，並進入狀態 184


狀態 167

   62 CoutParmListStmt: $@21 SHL • Expression

    BNT        偏移，並進入狀態 21
    SUB        偏移，並進入狀態 22
    NOT        偏移，並進入狀態 23
    IDENT      偏移，並進入狀態 24
    STR_LIT    偏移，並進入狀態 25
    FLOAT_LIT  偏移，並進入狀態 26
    INT_LIT    偏移，並進入狀態 27
    BOOL_LIT   偏移，並進入狀態 28
    '('        偏移，並進入狀態 29
    '['        偏移，並進入狀態 17

    ArrayParameterStmt  進入狀態 30
    Expression          進入狀態 185
    CalculateFun        進入狀態 32
    factor6             進入狀態 33
    factor5             進入狀態 34
    factor4             進入狀態 35
    factor3             進入狀態 36
    factor2             進入狀態 37
    factor              進入狀態 38
    sign                進入狀態 39
    term                進入狀態 40


狀態 168

   38 Stmt: IF $@8 '(' • Expression $@9 ')' ifStmt

    BNT        偏移，並進入狀態 21
    SUB        偏移，並進入狀態 22
    NOT        偏移，並進入狀態 23
    IDENT      偏移，並進入狀態 24
    STR_LIT    偏移，並進入狀態 25
    FLOAT_LIT  偏移，並進入狀態 26
    INT_LIT    偏移，並進入狀態 27
    BOOL_LIT   偏移，並進入狀態 28
    '('        偏移，並進入狀態 29
    '['        偏移，並進入狀態 17

    ArrayParameterStmt  進入狀態 30
    Expression          進入狀態 186
    CalculateFun        進入狀態 32
    factor6             進入狀態 33
    factor5             進入狀態 34
    factor4             進入狀態 35
    factor3             進入狀態 36
    factor2             進入狀態 37
    factor              進入狀態 38
    sign                進入狀態 39
    term                進入狀態 40


狀態 169

   40 Stmt: ELSE $@10 '{' • StmtList '}'

    COUT        偏移，並進入狀態 126
    BNT         偏移，並進入狀態 21
    SUB         偏移，並進入狀態 22
    NOT         偏移，並進入狀態 23
    IF          偏移，並進入狀態 127
    ELSE        偏移，並進入狀態 128
    FOR         偏移，並進入狀態 129
    WHILE       偏移，並進入狀態 130
    RETURN      偏移，並進入狀態 131
    BREAK       偏移，並進入狀態 132
    VARIABLE_T  偏移，並進入狀態 133
    IDENT       偏移，並進入狀態 24
    STR_LIT     偏移，並進入狀態 25
    FLOAT_LIT   偏移，並進入狀態 26
    INT_LIT     偏移，並進入狀態 27
    BOOL_LIT    偏移，並進入狀態 28
    '('         偏移，並進入狀態 29
    ';'         偏移，並進入狀態 134
    '['         偏移，並進入狀態 17

    ';'  [使用規則 10 以縮減 (DefineVariableStmt)]

    DefineVariableStmt  進入狀態 135
    StmtList            進入狀態 187
    Stmt                進入狀態 137
    ArrayParameterStmt  進入狀態 30
    Expression          進入狀態 138
    CalculateFun        進入狀態 32
    factor6             進入狀態 33
    factor5             進入狀態 34
    factor4             進入狀態 35
    factor3             進入狀態 36
    factor2             進入狀態 37
    factor              進入狀態 38
    sign                進入狀態 39
    term                進入狀態 40
    assignvar           進入狀態 139


狀態 170

   48 Stmt: FOR '(' $@15 • forParm ')' $@16 '{' StmtList '}'

    VARIABLE_T  偏移，並進入狀態 133

    $default  使用規則 10 以縮減 (DefineVariableStmt)

    DefineVariableStmt  進入狀態 188
    forParm             進入狀態 189


狀態 171

   45 Stmt: WHILE $@11 '(' • $@12 CalculateFun ')' $@13 '{' $@14 StmtList '}'

    $default  使用規則 42 以縮減 ($@12)

    $@12  進入狀態 190


狀態 172

   33 Stmt: RETURN Expression ';' •

    $default  使用規則 33 以縮減 (Stmt)


狀態 173

  114 assignvar: Expression $@24 VAL_ASSIGN • Expression

    BNT        偏移，並進入狀態 21
    SUB        偏移，並進入狀態 22
    NOT        偏移，並進入狀態 23
    IDENT      偏移，並進入狀態 24
    STR_LIT    偏移，並進入狀態 25
    FLOAT_LIT  偏移，並進入狀態 26
    INT_LIT    偏移，並進入狀態 27
    BOOL_LIT   偏移，並進入狀態 28
    '('        偏移，並進入狀態 29
    '['        偏移，並進入狀態 17

    ArrayParameterStmt  進入狀態 30
    Expression          進入狀態 191
    CalculateFun        進入狀態 32
    factor6             進入狀態 33
    factor5             進入狀態 34
    factor4             進入狀態 35
    factor3             進入狀態 36
    factor2             進入狀態 37
    factor              進入狀態 38
    sign                進入狀態 39
    term                進入狀態 40


狀態 174

  116 assignvar: Expression $@25 ADD_ASSIGN • Expression

    BNT        偏移，並進入狀態 21
    SUB        偏移，並進入狀態 22
    NOT        偏移，並進入狀態 23
    IDENT      偏移，並進入狀態 24
    STR_LIT    偏移，並進入狀態 25
    FLOAT_LIT  偏移，並進入狀態 26
    INT_LIT    偏移，並進入狀態 27
    BOOL_LIT   偏移，並進入狀態 28
    '('        偏移，並進入狀態 29
    '['        偏移，並進入狀態 17

    ArrayParameterStmt  進入狀態 30
    Expression          進入狀態 192
    CalculateFun        進入狀態 32
    factor6             進入狀態 33
    factor5             進入狀態 34
    factor4             進入狀態 35
    factor3             進入狀態 36
    factor2             進入狀態 37
    factor              進入狀態 38
    sign                進入狀態 39
    term                進入狀態 40


狀態 175

  118 assignvar: Expression $@26 SUB_ASSIGN • Expression

    BNT        偏移，並進入狀態 21
    SUB        偏移，並進入狀態 22
    NOT        偏移，並進入狀態 23
    IDENT      偏移，並進入狀態 24
    STR_LIT    偏移，並進入狀態 25
    FLOAT_LIT  偏移，並進入狀態 26
    INT_LIT    偏移，並進入狀態 27
    BOOL_LIT   偏移，並進入狀態 28
    '('        偏移，並進入狀態 29
    '['        偏移，並進入狀態 17

    ArrayParameterStmt  進入狀態 30
    Expression          進入狀態 193
    CalculateFun        進入狀態 32
    factor6             進入狀態 33
    factor5             進入狀態 34
    factor4             進入狀態 35
    factor3             進入狀態 36
    factor2             進入狀態 37
    factor              進入狀態 38
    sign                進入狀態 39
    term                進入狀態 40


狀態 176

  120 assignvar: Expression $@27 MUL_ASSIGN • Expression

    BNT        偏移，並進入狀態 21
    SUB        偏移，並進入狀態 22
    NOT        偏移，並進入狀態 23
    IDENT      偏移，並進入狀態 24
    STR_LIT    偏移，並進入狀態 25
    FLOAT_LIT  偏移，並進入狀態 26
    INT_LIT    偏移，並進入狀態 27
    BOOL_LIT   偏移，並進入狀態 28
    '('        偏移，並進入狀態 29
    '['        偏移，並進入狀態 17

    ArrayParameterStmt  進入狀態 30
    Expression          進入狀態 194
    CalculateFun        進入狀態 32
    factor6             進入狀態 33
    factor5             進入狀態 34
    factor4             進入狀態 35
    factor3             進入狀態 36
    factor2             進入狀態 37
    factor              進入狀態 38
    sign                進入狀態 39
    term                進入狀態 40


狀態 177

  122 assignvar: Expression $@28 DIV_ASSIGN • Expression

    BNT        偏移，並進入狀態 21
    SUB        偏移，並進入狀態 22
    NOT        偏移，並進入狀態 23
    IDENT      偏移，並進入狀態 24
    STR_LIT    偏移，並進入狀態 25
    FLOAT_LIT  偏移，並進入狀態 26
    INT_LIT    偏移，並進入狀態 27
    BOOL_LIT   偏移，並進入狀態 28
    '('        偏移，並進入狀態 29
    '['        偏移，並進入狀態 17

    ArrayParameterStmt  進入狀態 30
    Expression          進入狀態 195
    CalculateFun        進入狀態 32
    factor6             進入狀態 33
    factor5             進入狀態 34
    factor4             進入狀態 35
    factor3             進入狀態 36
    factor2             進入狀態 37
    factor              進入狀態 38
    sign                進入狀態 39
    term                進入狀態 40


狀態 178

  124 assignvar: Expression $@29 REM_ASSIGN • Expression

    BNT        偏移，並進入狀態 21
    SUB        偏移，並進入狀態 22
    NOT        偏移，並進入狀態 23
    IDENT      偏移，並進入狀態 24
    STR_LIT    偏移，並進入狀態 25
    FLOAT_LIT  偏移，並進入狀態 26
    INT_LIT    偏移，並進入狀態 27
    BOOL_LIT   偏移，並進入狀態 28
    '('        偏移，並進入狀態 29
    '['        偏移，並進入狀態 17

    ArrayParameterStmt  進入狀態 30
    Expression          進入狀態 196
    CalculateFun        進入狀態 32
    factor6             進入狀態 33
    factor5             進入狀態 34
    factor4             進入狀態 35
    factor3             進入狀態 36
    factor2             進入狀態 37
    factor              進入狀態 38
    sign                進入狀態 39
    term                進入狀態 40


狀態 179

  126 assignvar: Expression $@30 SHR_ASSIGN • Expression

    BNT        偏移，並進入狀態 21
    SUB        偏移，並進入狀態 22
    NOT        偏移，並進入狀態 23
    IDENT      偏移，並進入狀態 24
    STR_LIT    偏移，並進入狀態 25
    FLOAT_LIT  偏移，並進入狀態 26
    INT_LIT    偏移，並進入狀態 27
    BOOL_LIT   偏移，並進入狀態 28
    '('        偏移，並進入狀態 29
    '['        偏移，並進入狀態 17

    ArrayParameterStmt  進入狀態 30
    Expression          進入狀態 197
    CalculateFun        進入狀態 32
    factor6             進入狀態 33
    factor5             進入狀態 34
    factor4             進入狀態 35
    factor3             進入狀態 36
    factor2             進入狀態 37
    factor              進入狀態 38
    sign                進入狀態 39
    term                進入狀態 40


狀態 180

  128 assignvar: Expression $@31 SHL_ASSIGN • Expression

    BNT        偏移，並進入狀態 21
    SUB        偏移，並進入狀態 22
    NOT        偏移，並進入狀態 23
    IDENT      偏移，並進入狀態 24
    STR_LIT    偏移，並進入狀態 25
    FLOAT_LIT  偏移，並進入狀態 26
    INT_LIT    偏移，並進入狀態 27
    BOOL_LIT   偏移，並進入狀態 28
    '('        偏移，並進入狀態 29
    '['        偏移，並進入狀態 17

    ArrayParameterStmt  進入狀態 30
    Expression          進入狀態 198
    CalculateFun        進入狀態 32
    factor6             進入狀態 33
    factor5             進入狀態 34
    factor4             進入狀態 35
    factor3             進入狀態 36
    factor2             進入狀態 37
    factor              進入狀態 38
    sign                進入狀態 39
    term                進入狀態 40


狀態 181

  130 assignvar: Expression $@32 BAN_ASSIGN • Expression

    BNT        偏移，並進入狀態 21
    SUB        偏移，並進入狀態 22
    NOT        偏移，並進入狀態 23
    IDENT      偏移，並進入狀態 24
    STR_LIT    偏移，並進入狀態 25
    FLOAT_LIT  偏移，並進入狀態 26
    INT_LIT    偏移，並進入狀態 27
    BOOL_LIT   偏移，並進入狀態 28
    '('        偏移，並進入狀態 29
    '['        偏移，並進入狀態 17

    ArrayParameterStmt  進入狀態 30
    Expression          進入狀態 199
    CalculateFun        進入狀態 32
    factor6             進入狀態 33
    factor5             進入狀態 34
    factor4             進入狀態 35
    factor3             進入狀態 36
    factor2             進入狀態 37
    factor              進入狀態 38
    sign                進入狀態 39
    term                進入狀態 40


狀態 182

  132 assignvar: Expression $@33 BOR_ASSIGN • Expression

    BNT        偏移，並進入狀態 21
    SUB        偏移，並進入狀態 22
    NOT        偏移，並進入狀態 23
    IDENT      偏移，並進入狀態 24
    STR_LIT    偏移，並進入狀態 25
    FLOAT_LIT  偏移，並進入狀態 26
    INT_LIT    偏移，並進入狀態 27
    BOOL_LIT   偏移，並進入狀態 28
    '('        偏移，並進入狀態 29
    '['        偏移，並進入狀態 17

    ArrayParameterStmt  進入狀態 30
    Expression          進入狀態 200
    CalculateFun        進入狀態 32
    factor6             進入狀態 33
    factor5             進入狀態 34
    factor4             進入狀態 35
    factor3             進入狀態 36
    factor2             進入狀態 37
    factor              進入狀態 38
    sign                進入狀態 39
    term                進入狀態 40


狀態 183

  134 assignvar: Expression $@34 BXO_ASSIGN • Expression

    BNT        偏移，並進入狀態 21
    SUB        偏移，並進入狀態 22
    NOT        偏移，並進入狀態 23
    IDENT      偏移，並進入狀態 24
    STR_LIT    偏移，並進入狀態 25
    FLOAT_LIT  偏移，並進入狀態 26
    INT_LIT    偏移，並進入狀態 27
    BOOL_LIT   偏移，並進入狀態 28
    '('        偏移，並進入狀態 29
    '['        偏移，並進入狀態 17

    ArrayParameterStmt  進入狀態 30
    Expression          進入狀態 201
    CalculateFun        進入狀態 32
    factor6             進入狀態 33
    factor5             進入狀態 34
    factor4             進入狀態 35
    factor3             進入狀態 36
    factor2             進入狀態 37
    factor              進入狀態 38
    sign                進入狀態 39
    term                進入狀態 40


狀態 184

   60 CoutParmListStmt: CoutParmListStmt $@20 SHL • Expression

    BNT        偏移，並進入狀態 21
    SUB        偏移，並進入狀態 22
    NOT        偏移，並進入狀態 23
    IDENT      偏移，並進入狀態 24
    STR_LIT    偏移，並進入狀態 25
    FLOAT_LIT  偏移，並進入狀態 26
    INT_LIT    偏移，並進入狀態 27
    BOOL_LIT   偏移，並進入狀態 28
    '('        偏移，並進入狀態 29
    '['        偏移，並進入狀態 17

    ArrayParameterStmt  進入狀態 30
    Expression          進入狀態 202
    CalculateFun        進入狀態 32
    factor6             進入狀態 33
    factor5             進入狀態 34
    factor4             進入狀態 35
    factor3             進入狀態 36
    factor2             進入狀態 37
    factor              進入狀態 38
    sign                進入狀態 39
    term                進入狀態 40


狀態 185

   62 CoutParmListStmt: $@21 SHL Expression •

    $default  使用規則 62 以縮減 (CoutParmListStmt)


狀態 186

   38 Stmt: IF $@8 '(' Expression • $@9 ')' ifStmt

    $default  使用規則 37 以縮減 ($@9)

    $@9  進入狀態 203


狀態 187

   29 StmtList: StmtList • Stmt
   40 Stmt: ELSE $@10 '{' StmtList • '}'

    COUT        偏移，並進入狀態 126
    BNT         偏移，並進入狀態 21
    SUB         偏移，並進入狀態 22
    NOT         偏移，並進入狀態 23
    IF          偏移，並進入狀態 127
    ELSE        偏移，並進入狀態 128
    FOR         偏移，並進入狀態 129
    WHILE       偏移，並進入狀態 130
    RETURN      偏移，並進入狀態 131
    BREAK       偏移，並進入狀態 132
    VARIABLE_T  偏移，並進入狀態 133
    IDENT       偏移，並進入狀態 24
    STR_LIT     偏移，並進入狀態 25
    FLOAT_LIT   偏移，並進入狀態 26
    INT_LIT     偏移，並進入狀態 27
    BOOL_LIT    偏移，並進入狀態 28
    '}'         偏移，並進入狀態 204
    '('         偏移，並進入狀態 29
    ';'         偏移，並進入狀態 134
    '['         偏移，並進入狀態 17

    ';'  [使用規則 10 以縮減 (DefineVariableStmt)]

    DefineVariableStmt  進入狀態 135
    Stmt                進入狀態 151
    ArrayParameterStmt  進入狀態 30
    Expression          進入狀態 138
    CalculateFun        進入狀態 32
    factor6             進入狀態 33
    factor5             進入狀態 34
    factor4             進入狀態 35
    factor3             進入狀態 36
    factor2             進入狀態 37
    factor              進入狀態 38
    sign                進入狀態 39
    term                進入狀態 40
    assignvar           進入狀態 139


狀態 188

   54 forParm: DefineVariableStmt • ';' $@17 CalculateFun $@18 ';' AddAdd
   55        | DefineVariableStmt • ':' CalculateFun

    ';'  偏移，並進入狀態 205
    ':'  偏移，並進入狀態 206


狀態 189

   48 Stmt: FOR '(' $@15 forParm • ')' $@16 '{' StmtList '}'

    ')'  偏移，並進入狀態 207


狀態 190

   45 Stmt: WHILE $@11 '(' $@12 • CalculateFun ')' $@13 '{' $@14 StmtList '}'

    BNT        偏移，並進入狀態 21
    SUB        偏移，並進入狀態 22
    NOT        偏移，並進入狀態 23
    IDENT      偏移，並進入狀態 41
    STR_LIT    偏移，並進入狀態 25
    FLOAT_LIT  偏移，並進入狀態 26
    INT_LIT    偏移，並進入狀態 27
    BOOL_LIT   偏移，並進入狀態 28
    '('        偏移，並進入狀態 42

    CalculateFun  進入狀態 208
    factor6       進入狀態 33
    factor5       進入狀態 34
    factor4       進入狀態 35
    factor3       進入狀態 36
    factor2       進入狀態 37
    factor        進入狀態 38
    sign          進入狀態 39
    term          進入狀態 40


狀態 191

  114 assignvar: Expression $@24 VAL_ASSIGN Expression •

    $default  使用規則 114 以縮減 (assignvar)


狀態 192

  116 assignvar: Expression $@25 ADD_ASSIGN Expression •

    $default  使用規則 116 以縮減 (assignvar)


狀態 193

  118 assignvar: Expression $@26 SUB_ASSIGN Expression •

    $default  使用規則 118 以縮減 (assignvar)


狀態 194

  120 assignvar: Expression $@27 MUL_ASSIGN Expression •

    $default  使用規則 120 以縮減 (assignvar)


狀態 195

  122 assignvar: Expression $@28 DIV_ASSIGN Expression •

    $default  使用規則 122 以縮減 (assignvar)


狀態 196

  124 assignvar: Expression $@29 REM_ASSIGN Expression •

    $default  使用規則 124 以縮減 (assignvar)


狀態 197

  126 assignvar: Expression $@30 SHR_ASSIGN Expression •

    $default  使用規則 126 以縮減 (assignvar)


狀態 198

  128 assignvar: Expression $@31 SHL_ASSIGN Expression •

    $default  使用規則 128 以縮減 (assignvar)


狀態 199

  130 assignvar: Expression $@32 BAN_ASSIGN Expression •

    $default  使用規則 130 以縮減 (assignvar)


狀態 200

  132 assignvar: Expression $@33 BOR_ASSIGN Expression •

    $default  使用規則 132 以縮減 (assignvar)


狀態 201

  134 assignvar: Expression $@34 BXO_ASSIGN Expression •

    $default  使用規則 134 以縮減 (assignvar)


狀態 202

   60 CoutParmListStmt: CoutParmListStmt $@20 SHL Expression •

    $default  使用規則 60 以縮減 (CoutParmListStmt)


狀態 203

   38 Stmt: IF $@8 '(' Expression $@9 • ')' ifStmt

    ')'  偏移，並進入狀態 209


狀態 204

   40 Stmt: ELSE $@10 '{' StmtList '}' •

    $default  使用規則 40 以縮減 (Stmt)


狀態 205

   54 forParm: DefineVariableStmt ';' • $@17 CalculateFun $@18 ';' AddAdd

    $default  使用規則 52 以縮減 ($@17)

    $@17  進入狀態 210


狀態 206

   55 forParm: DefineVariableStmt ':' • CalculateFun

    BNT        偏移，並進入狀態 21
    SUB        偏移，並進入狀態 22
    NOT        偏移，並進入狀態 23
    IDENT      偏移，並進入狀態 41
    STR_LIT    偏移，並進入狀態 25
    FLOAT_LIT  偏移，並進入狀態 26
    INT_LIT    偏移，並進入狀態 27
    BOOL_LIT   偏移，並進入狀態 28
    '('        偏移，並進入狀態 42

    CalculateFun  進入狀態 211
    factor6       進入狀態 33
    factor5       進入狀態 34
    factor4       進入狀態 35
    factor3       進入狀態 36
    factor2       進入狀態 37
    factor        進入狀態 38
    sign          進入狀態 39
    term          進入狀態 40


狀態 207

   48 Stmt: FOR '(' $@15 forParm ')' • $@16 '{' StmtList '}'

    $default  使用規則 47 以縮減 ($@16)

    $@16  進入狀態 212


狀態 208

   45 Stmt: WHILE $@11 '(' $@12 CalculateFun • ')' $@13 '{' $@14 StmtList '}'
   78 CalculateFun: CalculateFun • LOR factor6

    LOR  偏移，並進入狀態 60
    ')'  偏移，並進入狀態 213


狀態 209

   38 Stmt: IF $@8 '(' Expression $@9 ')' • ifStmt

    COUT        偏移，並進入狀態 126
    BNT         偏移，並進入狀態 21
    SUB         偏移，並進入狀態 22
    NOT         偏移，並進入狀態 23
    IF          偏移，並進入狀態 127
    ELSE        偏移，並進入狀態 128
    FOR         偏移，並進入狀態 129
    WHILE       偏移，並進入狀態 130
    RETURN      偏移，並進入狀態 131
    BREAK       偏移，並進入狀態 132
    VARIABLE_T  偏移，並進入狀態 133
    IDENT       偏移，並進入狀態 24
    STR_LIT     偏移，並進入狀態 25
    FLOAT_LIT   偏移，並進入狀態 26
    INT_LIT     偏移，並進入狀態 27
    BOOL_LIT    偏移，並進入狀態 28
    '{'         偏移，並進入狀態 214
    '('         偏移，並進入狀態 29
    ';'         偏移，並進入狀態 134
    '['         偏移，並進入狀態 17

    ';'  [使用規則 10 以縮減 (DefineVariableStmt)]

    DefineVariableStmt  進入狀態 135
    Stmt                進入狀態 215
    ifStmt              進入狀態 216
    ArrayParameterStmt  進入狀態 30
    Expression          進入狀態 138
    CalculateFun        進入狀態 32
    factor6             進入狀態 33
    factor5             進入狀態 34
    factor4             進入狀態 35
    factor3             進入狀態 36
    factor2             進入狀態 37
    factor              進入狀態 38
    sign                進入狀態 39
    term                進入狀態 40
    assignvar           進入狀態 139


狀態 210

   54 forParm: DefineVariableStmt ';' $@17 • CalculateFun $@18 ';' AddAdd

    BNT        偏移，並進入狀態 21
    SUB        偏移，並進入狀態 22
    NOT        偏移，並進入狀態 23
    IDENT      偏移，並進入狀態 41
    STR_LIT    偏移，並進入狀態 25
    FLOAT_LIT  偏移，並進入狀態 26
    INT_LIT    偏移，並進入狀態 27
    BOOL_LIT   偏移，並進入狀態 28
    '('        偏移，並進入狀態 42

    CalculateFun  進入狀態 217
    factor6       進入狀態 33
    factor5       進入狀態 34
    factor4       進入狀態 35
    factor3       進入狀態 36
    factor2       進入狀態 37
    factor        進入狀態 38
    sign          進入狀態 39
    term          進入狀態 40


狀態 211

   55 forParm: DefineVariableStmt ':' CalculateFun •
   78 CalculateFun: CalculateFun • LOR factor6

    LOR  偏移，並進入狀態 60

    $default  使用規則 55 以縮減 (forParm)


狀態 212

   48 Stmt: FOR '(' $@15 forParm ')' $@16 • '{' StmtList '}'

    '{'  偏移，並進入狀態 218


狀態 213

   45 Stmt: WHILE $@11 '(' $@12 CalculateFun ')' • $@13 '{' $@14 StmtList '}'

    $default  使用規則 43 以縮減 ($@13)

    $@13  進入狀態 219


狀態 214

   57 ifStmt: '{' • $@19 StmtList '}'

    $default  使用規則 56 以縮減 ($@19)

    $@19  進入狀態 220


狀態 215

   58 ifStmt: Stmt •

    $default  使用規則 58 以縮減 (ifStmt)


狀態 216

   38 Stmt: IF $@8 '(' Expression $@9 ')' ifStmt •

    $default  使用規則 38 以縮減 (Stmt)


狀態 217

   54 forParm: DefineVariableStmt ';' $@17 CalculateFun • $@18 ';' AddAdd
   78 CalculateFun: CalculateFun • LOR factor6

    LOR  偏移，並進入狀態 60

    $default  使用規則 53 以縮減 ($@18)

    $@18  進入狀態 221


狀態 218

   48 Stmt: FOR '(' $@15 forParm ')' $@16 '{' • StmtList '}'

    COUT        偏移，並進入狀態 126
    BNT         偏移，並進入狀態 21
    SUB         偏移，並進入狀態 22
    NOT         偏移，並進入狀態 23
    IF          偏移，並進入狀態 127
    ELSE        偏移，並進入狀態 128
    FOR         偏移，並進入狀態 129
    WHILE       偏移，並進入狀態 130
    RETURN      偏移，並進入狀態 131
    BREAK       偏移，並進入狀態 132
    VARIABLE_T  偏移，並進入狀態 133
    IDENT       偏移，並進入狀態 24
    STR_LIT     偏移，並進入狀態 25
    FLOAT_LIT   偏移，並進入狀態 26
    INT_LIT     偏移，並進入狀態 27
    BOOL_LIT    偏移，並進入狀態 28
    '('         偏移，並進入狀態 29
    ';'         偏移，並進入狀態 134
    '['         偏移，並進入狀態 17

    ';'  [使用規則 10 以縮減 (DefineVariableStmt)]

    DefineVariableStmt  進入狀態 135
    StmtList            進入狀態 222
    Stmt                進入狀態 137
    ArrayParameterStmt  進入狀態 30
    Expression          進入狀態 138
    CalculateFun        進入狀態 32
    factor6             進入狀態 33
    factor5             進入狀態 34
    factor4             進入狀態 35
    factor3             進入狀態 36
    factor2             進入狀態 37
    factor              進入狀態 38
    sign                進入狀態 39
    term                進入狀態 40
    assignvar           進入狀態 139


狀態 219

   45 Stmt: WHILE $@11 '(' $@12 CalculateFun ')' $@13 • '{' $@14 StmtList '}'

    '{'  偏移，並進入狀態 223


狀態 220

   57 ifStmt: '{' $@19 • StmtList '}'

    COUT        偏移，並進入狀態 126
    BNT         偏移，並進入狀態 21
    SUB         偏移，並進入狀態 22
    NOT         偏移，並進入狀態 23
    IF          偏移，並進入狀態 127
    ELSE        偏移，並進入狀態 128
    FOR         偏移，並進入狀態 129
    WHILE       偏移，並進入狀態 130
    RETURN      偏移，並進入狀態 131
    BREAK       偏移，並進入狀態 132
    VARIABLE_T  偏移，並進入狀態 133
    IDENT       偏移，並進入狀態 24
    STR_LIT     偏移，並進入狀態 25
    FLOAT_LIT   偏移，並進入狀態 26
    INT_LIT     偏移，並進入狀態 27
    BOOL_LIT    偏移，並進入狀態 28
    '('         偏移，並進入狀態 29
    ';'         偏移，並進入狀態 134
    '['         偏移，並進入狀態 17

    ';'  [使用規則 10 以縮減 (DefineVariableStmt)]

    DefineVariableStmt  進入狀態 135
    StmtList            進入狀態 224
    Stmt                進入狀態 137
    ArrayParameterStmt  進入狀態 30
    Expression          進入狀態 138
    CalculateFun        進入狀態 32
    factor6             進入狀態 33
    factor5             進入狀態 34
    factor4             進入狀態 35
    factor3             進入狀態 36
    factor2             進入狀態 37
    factor              進入狀態 38
    sign                進入狀態 39
    term                進入狀態 40
    assignvar           進入狀態 139


狀態 221

   54 forParm: DefineVariableStmt ';' $@17 CalculateFun $@18 • ';' AddAdd

    ';'  偏移，並進入狀態 225


狀態 222

   29 StmtList: StmtList • Stmt
   48 Stmt: FOR '(' $@15 forParm ')' $@16 '{' StmtList • '}'

    COUT        偏移，並進入狀態 126
    BNT         偏移，並進入狀態 21
    SUB         偏移，並進入狀態 22
    NOT         偏移，並進入狀態 23
    IF          偏移，並進入狀態 127
    ELSE        偏移，並進入狀態 128
    FOR         偏移，並進入狀態 129
    WHILE       偏移，並進入狀態 130
    RETURN      偏移，並進入狀態 131
    BREAK       偏移，並進入狀態 132
    VARIABLE_T  偏移，並進入狀態 133
    IDENT       偏移，並進入狀態 24
    STR_LIT     偏移，並進入狀態 25
    FLOAT_LIT   偏移，並進入狀態 26
    INT_LIT     偏移，並進入狀態 27
    BOOL_LIT    偏移，並進入狀態 28
    '}'         偏移，並進入狀態 226
    '('         偏移，並進入狀態 29
    ';'         偏移，並進入狀態 134
    '['         偏移，並進入狀態 17

    ';'  [使用規則 10 以縮減 (DefineVariableStmt)]

    DefineVariableStmt  進入狀態 135
    Stmt                進入狀態 151
    ArrayParameterStmt  進入狀態 30
    Expression          進入狀態 138
    CalculateFun        進入狀態 32
    factor6             進入狀態 33
    factor5             進入狀態 34
    factor4             進入狀態 35
    factor3             進入狀態 36
    factor2             進入狀態 37
    factor              進入狀態 38
    sign                進入狀態 39
    term                進入狀態 40
    assignvar           進入狀態 139


狀態 223

   45 Stmt: WHILE $@11 '(' $@12 CalculateFun ')' $@13 '{' • $@14 StmtList '}'

    $default  使用規則 44 以縮減 ($@14)

    $@14  進入狀態 227


狀態 224

   29 StmtList: StmtList • Stmt
   57 ifStmt: '{' $@19 StmtList • '}'

    COUT        偏移，並進入狀態 126
    BNT         偏移，並進入狀態 21
    SUB         偏移，並進入狀態 22
    NOT         偏移，並進入狀態 23
    IF          偏移，並進入狀態 127
    ELSE        偏移，並進入狀態 128
    FOR         偏移，並進入狀態 129
    WHILE       偏移，並進入狀態 130
    RETURN      偏移，並進入狀態 131
    BREAK       偏移，並進入狀態 132
    VARIABLE_T  偏移，並進入狀態 133
    IDENT       偏移，並進入狀態 24
    STR_LIT     偏移，並進入狀態 25
    FLOAT_LIT   偏移，並進入狀態 26
    INT_LIT     偏移，並進入狀態 27
    BOOL_LIT    偏移，並進入狀態 28
    '}'         偏移，並進入狀態 228
    '('         偏移，並進入狀態 29
    ';'         偏移，並進入狀態 134
    '['         偏移，並進入狀態 17

    ';'  [使用規則 10 以縮減 (DefineVariableStmt)]

    DefineVariableStmt  進入狀態 135
    Stmt                進入狀態 151
    ArrayParameterStmt  進入狀態 30
    Expression          進入狀態 138
    CalculateFun        進入狀態 32
    factor6             進入狀態 33
    factor5             進入狀態 34
    factor4             進入狀態 35
    factor3             進入狀態 36
    factor2             進入狀態 37
    factor              進入狀態 38
    sign                進入狀態 39
    term                進入狀態 40
    assignvar           進入狀態 139


狀態 225

   54 forParm: DefineVariableStmt ';' $@17 CalculateFun $@18 ';' • AddAdd

    BNT        偏移，並進入狀態 21
    SUB        偏移，並進入狀態 22
    NOT        偏移，並進入狀態 23
    IDENT      偏移，並進入狀態 24
    STR_LIT    偏移，並進入狀態 25
    FLOAT_LIT  偏移，並進入狀態 26
    INT_LIT    偏移，並進入狀態 27
    BOOL_LIT   偏移，並進入狀態 28
    '('        偏移，並進入狀態 29
    '['        偏移，並進入狀態 17

    ArrayParameterStmt  進入狀態 30
    Expression          進入狀態 229
    CalculateFun        進入狀態 32
    factor6             進入狀態 33
    factor5             進入狀態 34
    factor4             進入狀態 35
    factor3             進入狀態 36
    factor2             進入狀態 37
    factor              進入狀態 38
    sign                進入狀態 39
    term                進入狀態 40
    assignvar           進入狀態 230
    AddAdd              進入狀態 231


狀態 226

   48 Stmt: FOR '(' $@15 forParm ')' $@16 '{' StmtList '}' •

    $default  使用規則 48 以縮減 (Stmt)


狀態 227

   45 Stmt: WHILE $@11 '(' $@12 CalculateFun ')' $@13 '{' $@14 • StmtList '}'

    COUT        偏移，並進入狀態 126
    BNT         偏移，並進入狀態 21
    SUB         偏移，並進入狀態 22
    NOT         偏移，並進入狀態 23
    IF          偏移，並進入狀態 127
    ELSE        偏移，並進入狀態 128
    FOR         偏移，並進入狀態 129
    WHILE       偏移，並進入狀態 130
    RETURN      偏移，並進入狀態 131
    BREAK       偏移，並進入狀態 132
    VARIABLE_T  偏移，並進入狀態 133
    IDENT       偏移，並進入狀態 24
    STR_LIT     偏移，並進入狀態 25
    FLOAT_LIT   偏移，並進入狀態 26
    INT_LIT     偏移，並進入狀態 27
    BOOL_LIT    偏移，並進入狀態 28
    '('         偏移，並進入狀態 29
    ';'         偏移，並進入狀態 134
    '['         偏移，並進入狀態 17

    ';'  [使用規則 10 以縮減 (DefineVariableStmt)]

    DefineVariableStmt  進入狀態 135
    StmtList            進入狀態 232
    Stmt                進入狀態 137
    ArrayParameterStmt  進入狀態 30
    Expression          進入狀態 138
    CalculateFun        進入狀態 32
    factor6             進入狀態 33
    factor5             進入狀態 34
    factor4             進入狀態 35
    factor3             進入狀態 36
    factor2             進入狀態 37
    factor              進入狀態 38
    sign                進入狀態 39
    term                進入狀態 40
    assignvar           進入狀態 139


狀態 228

   57 ifStmt: '{' $@19 StmtList '}' •

    $default  使用規則 57 以縮減 (ifStmt)


狀態 229

  114 assignvar: Expression • $@24 VAL_ASSIGN Expression
  116          | Expression • $@25 ADD_ASSIGN Expression
  118          | Expression • $@26 SUB_ASSIGN Expression
  120          | Expression • $@27 MUL_ASSIGN Expression
  122          | Expression • $@28 DIV_ASSIGN Expression
  124          | Expression • $@29 REM_ASSIGN Expression
  126          | Expression • $@30 SHR_ASSIGN Expression
  128          | Expression • $@31 SHL_ASSIGN Expression
  130          | Expression • $@32 BAN_ASSIGN Expression
  132          | Expression • $@33 BOR_ASSIGN Expression
  134          | Expression • $@34 BXO_ASSIGN Expression
  135 AddAdd: Expression • INC_ASSIGN
  136       | Expression • DEC_ASSIGN

    INC_ASSIGN  偏移，並進入狀態 233
    DEC_ASSIGN  偏移，並進入狀態 234

    ADD_ASSIGN  使用規則 115 以縮減 ($@25)
    SUB_ASSIGN  使用規則 117 以縮減 ($@26)
    MUL_ASSIGN  使用規則 119 以縮減 ($@27)
    DIV_ASSIGN  使用規則 121 以縮減 ($@28)
    REM_ASSIGN  使用規則 123 以縮減 ($@29)
    BAN_ASSIGN  使用規則 129 以縮減 ($@32)
    BOR_ASSIGN  使用規則 131 以縮減 ($@33)
    BXO_ASSIGN  使用規則 133 以縮減 ($@34)
    SHR_ASSIGN  使用規則 125 以縮減 ($@30)
    SHL_ASSIGN  使用規則 127 以縮減 ($@31)
    $default    使用規則 113 以縮減 ($@24)

    $@24  進入狀態 152
    $@25  進入狀態 153
    $@26  進入狀態 154
    $@27  進入狀態 155
    $@28  進入狀態 156
    $@29  進入狀態 157
    $@30  進入狀態 158
    $@31  進入狀態 159
    $@32  進入狀態 160
    $@33  進入狀態 161
    $@34  進入狀態 162


狀態 230

  137 AddAdd: assignvar •

    $default  使用規則 137 以縮減 (AddAdd)


狀態 231

   54 forParm: DefineVariableStmt ';' $@17 CalculateFun $@18 ';' AddAdd •

    $default  使用規則 54 以縮減 (forParm)


狀態 232

   29 StmtList: StmtList • Stmt
   45 Stmt: WHILE $@11 '(' $@12 CalculateFun ')' $@13 '{' $@14 StmtList • '}'

    COUT        偏移，並進入狀態 126
    BNT         偏移，並進入狀態 21
    SUB         偏移，並進入狀態 22
    NOT         偏移，並進入狀態 23
    IF          偏移，並進入狀態 127
    ELSE        偏移，並進入狀態 128
    FOR         偏移，並進入狀態 129
    WHILE       偏移，並進入狀態 130
    RETURN      偏移，並進入狀態 131
    BREAK       偏移，並進入狀態 132
    VARIABLE_T  偏移，並進入狀態 133
    IDENT       偏移，並進入狀態 24
    STR_LIT     偏移，並進入狀態 25
    FLOAT_LIT   偏移，並進入狀態 26
    INT_LIT     偏移，並進入狀態 27
    BOOL_LIT    偏移，並進入狀態 28
    '}'         偏移，並進入狀態 235
    '('         偏移，並進入狀態 29
    ';'         偏移，並進入狀態 134
    '['         偏移，並進入狀態 17

    ';'  [使用規則 10 以縮減 (DefineVariableStmt)]

    DefineVariableStmt  進入狀態 135
    Stmt                進入狀態 151
    ArrayParameterStmt  進入狀態 30
    Expression          進入狀態 138
    CalculateFun        進入狀態 32
    factor6             進入狀態 33
    factor5             進入狀態 34
    factor4             進入狀態 35
    factor3             進入狀態 36
    factor2             進入狀態 37
    factor              進入狀態 38
    sign                進入狀態 39
    term                進入狀態 40
    assignvar           進入狀態 139


狀態 233

  135 AddAdd: Expression INC_ASSIGN •

    $default  使用規則 135 以縮減 (AddAdd)


狀態 234

  136 AddAdd: Expression DEC_ASSIGN •

    $default  使用規則 136 以縮減 (AddAdd)


狀態 235

   45 Stmt: WHILE $@11 '(' $@12 CalculateFun ')' $@13 '{' $@14 StmtList '}' •

    $default  使用規則 45 以縮減 (Stmt)
